{"total": {"lines":{"total":197,"covered":196,"skipped":0,"pct":99.49},"statements":{"total":197,"covered":196,"skipped":0,"pct":99.49},"functions":{"total":61,"covered":61,"skipped":0,"pct":100},"branches":{"total":64,"covered":63,"skipped":0,"pct":98.43},"branchesTrue":{"total":0,"covered":0,"skipped":0,"pct":100}}
,"C:\\Kalyan\\Learning\\validation-rules-engine\\packages\\core\\src\\lib\\validation-helper.ts": {"lines":{"total":57,"covered":56,"skipped":0,"pct":98.24},"functions":{"total":17,"covered":17,"skipped":0,"pct":100},"statements":{"total":57,"covered":56,"skipped":0,"pct":98.24},"branches":{"total":36,"covered":35,"skipped":0,"pct":97.22}}
,"C:\\Kalyan\\Learning\\validation-rules-engine\\packages\\core\\src\\lib\\validator-helper.ts": {"lines":{"total":5,"covered":5,"skipped":0,"pct":100},"functions":{"total":2,"covered":2,"skipped":0,"pct":100},"statements":{"total":5,"covered":5,"skipped":0,"pct":100},"branches":{"total":0,"covered":0,"skipped":0,"pct":100}}
,"C:\\Kalyan\\Learning\\validation-rules-engine\\packages\\core\\src\\lib\\validator.ts": {"lines":{"total":120,"covered":120,"skipped":0,"pct":100},"functions":{"total":36,"covered":36,"skipped":0,"pct":100},"statements":{"total":120,"covered":120,"skipped":0,"pct":100},"branches":{"total":19,"covered":19,"skipped":0,"pct":100}}
,"C:\\Kalyan\\Learning\\validation-rules-engine\\packages\\core\\src\\lib\\utils\\validation-meta.util.ts": {"lines":{"total":14,"covered":14,"skipped":0,"pct":100},"functions":{"total":5,"covered":5,"skipped":0,"pct":100},"statements":{"total":14,"covered":14,"skipped":0,"pct":100},"branches":{"total":5,"covered":5,"skipped":0,"pct":100}}
,"C:\\Kalyan\\Learning\\validation-rules-engine\\packages\\core\\src\\lib\\utils\\validation-result.util.ts": {"lines":{"total":1,"covered":1,"skipped":0,"pct":100},"functions":{"total":1,"covered":1,"skipped":0,"pct":100},"statements":{"total":1,"covered":1,"skipped":0,"pct":100},"branches":{"total":4,"covered":4,"skipped":0,"pct":100}}
}
