TN:
SF:..\core\src\lib\validation-helper.ts
FN:5,(anonymous_0)
FN:7,(anonymous_1)
FN:20,(anonymous_2)
FN:24,(anonymous_3)
FN:28,(anonymous_4)
FN:36,(anonymous_5)
FN:57,(anonymous_6)
FN:64,(anonymous_7)
FN:83,(anonymous_8)
FN:89,(anonymous_9)
FN:101,(anonymous_10)
FN:109,(anonymous_11)
FN:115,(anonymous_12)
FN:126,(anonymous_13)
FN:44,(anonymous_14)
FN:48,(anonymous_15)
FN:52,(anonymous_16)
FNF:17
FNH:17
FNDA:13,(anonymous_0)
FNDA:12,(anonymous_1)
FNDA:4,(anonymous_2)
FNDA:37,(anonymous_3)
FNDA:5,(anonymous_4)
FNDA:5,(anonymous_5)
FNDA:4,(anonymous_6)
FNDA:21,(anonymous_7)
FNDA:4,(anonymous_8)
FNDA:6,(anonymous_9)
FNDA:5,(anonymous_10)
FNDA:4,(anonymous_11)
FNDA:4,(anonymous_12)
FNDA:4,(anonymous_13)
FNDA:3,(anonymous_14)
FNDA:23,(anonymous_15)
FNDA:3,(anonymous_16)
DA:7,13
DA:9,12
DA:10,5
DA:13,7
DA:14,1
DA:17,6
DA:20,13
DA:21,4
DA:24,13
DA:25,37
DA:28,13
DA:29,5
DA:30,1
DA:33,4
DA:36,13
DA:37,5
DA:38,1
DA:41,4
DA:45,3
DA:49,23
DA:53,3
DA:54,3
DA:57,13
DA:59,4
DA:61,4
DA:64,13
DA:66,21
DA:67,1
DA:70,20
DA:72,20
DA:73,20
DA:74,3
DA:76,17
DA:79,0
DA:83,13
DA:84,4
DA:86,4
DA:89,13
DA:90,6
DA:91,1
DA:94,5
DA:95,5
DA:96,5
DA:98,5
DA:101,13
DA:102,5
DA:103,1
DA:106,4
DA:109,13
DA:110,4
DA:112,4
DA:115,13
DA:121,4
DA:123,4
DA:126,13
DA:127,4
DA:129,4
LF:57
LH:56
BRDA:9,0,0,5
BRDA:9,1,0,12
BRDA:9,1,1,9
BRDA:9,1,2,8
BRDA:13,2,0,1
BRDA:13,3,0,7
BRDA:13,3,1,2
BRDA:29,4,0,1
BRDA:29,5,0,5
BRDA:29,5,1,5
BRDA:37,6,0,1
BRDA:37,7,0,5
BRDA:37,7,1,5
BRDA:66,8,0,1
BRDA:72,9,0,20
BRDA:72,9,1,0
BRDA:73,10,0,3
BRDA:73,10,1,17
BRDA:90,11,0,1
BRDA:90,12,0,6
BRDA:90,12,1,5
BRDA:90,12,2,5
BRDA:94,13,0,1
BRDA:94,13,1,4
BRDA:95,14,0,1
BRDA:95,14,1,4
BRDA:96,15,0,1
BRDA:96,15,1,4
BRDA:98,16,0,5
BRDA:98,16,1,5
BRDA:102,17,0,1
BRDA:102,18,0,5
BRDA:102,18,1,4
BRDA:102,18,2,4
BRDA:106,19,0,4
BRDA:106,19,1,4
BRF:36
BRH:35
end_of_record
TN:
SF:..\core\src\lib\validator-helper.ts
FN:5,(anonymous_0)
FN:7,(anonymous_1)
FNF:2
FNH:2
FNDA:1,(anonymous_0)
FNDA:1,(anonymous_1)
DA:7,1
DA:8,1
DA:10,1
DA:11,1
DA:13,1
LF:5
LH:5
BRF:0
BRH:0
end_of_record
TN:
SF:..\core\src\lib\validator.ts
FN:17,(anonymous_0)
FN:21,(anonymous_1)
FN:31,(anonymous_2)
FN:35,(anonymous_3)
FN:36,(anonymous_4)
FN:48,(anonymous_5)
FN:49,(anonymous_6)
FN:61,(anonymous_7)
FN:62,(anonymous_8)
FN:74,(anonymous_9)
FN:75,(anonymous_10)
FN:87,(anonymous_11)
FN:88,(anonymous_12)
FN:100,(anonymous_13)
FN:101,(anonymous_14)
FN:113,(anonymous_15)
FN:114,(anonymous_16)
FN:126,(anonymous_17)
FN:127,(anonymous_18)
FN:135,(anonymous_19)
FN:136,(anonymous_20)
FN:148,(anonymous_21)
FN:149,(anonymous_22)
FN:161,(anonymous_23)
FN:162,(anonymous_24)
FN:174,(anonymous_25)
FN:179,(anonymous_26)
FN:188,(anonymous_27)
FN:197,(anonymous_28)
FN:200,(anonymous_29)
FN:209,(anonymous_30)
FN:210,(anonymous_31)
FN:222,(anonymous_32)
FN:223,(anonymous_33)
FN:235,(anonymous_34)
FN:236,(anonymous_35)
FNF:36
FNH:36
FNDA:8,(anonymous_0)
FNDA:18,(anonymous_1)
FNDA:16,(anonymous_2)
FNDA:1,(anonymous_3)
FNDA:2,(anonymous_4)
FNDA:1,(anonymous_5)
FNDA:2,(anonymous_6)
FNDA:1,(anonymous_7)
FNDA:2,(anonymous_8)
FNDA:1,(anonymous_9)
FNDA:2,(anonymous_10)
FNDA:1,(anonymous_11)
FNDA:2,(anonymous_12)
FNDA:1,(anonymous_13)
FNDA:2,(anonymous_14)
FNDA:1,(anonymous_15)
FNDA:2,(anonymous_16)
FNDA:1,(anonymous_17)
FNDA:1,(anonymous_18)
FNDA:2,(anonymous_19)
FNDA:2,(anonymous_20)
FNDA:1,(anonymous_21)
FNDA:2,(anonymous_22)
FNDA:1,(anonymous_23)
FNDA:2,(anonymous_24)
FNDA:3,(anonymous_25)
FNDA:2,(anonymous_26)
FNDA:2,(anonymous_27)
FNDA:1,(anonymous_28)
FNDA:1,(anonymous_29)
FNDA:1,(anonymous_30)
FNDA:2,(anonymous_31)
FNDA:1,(anonymous_32)
FNDA:2,(anonymous_33)
FNDA:1,(anonymous_34)
FNDA:2,(anonymous_35)
DA:15,8
DA:18,8
DA:21,8
DA:22,18
DA:31,8
DA:32,16
DA:35,8
DA:36,1
DA:37,2
DA:38,1
DA:41,1
DA:44,1
DA:45,1
DA:48,8
DA:49,1
DA:50,2
DA:51,1
DA:54,1
DA:57,1
DA:58,1
DA:61,8
DA:62,1
DA:63,2
DA:64,1
DA:67,1
DA:70,1
DA:71,1
DA:74,8
DA:75,1
DA:76,2
DA:77,1
DA:80,1
DA:83,1
DA:84,1
DA:87,8
DA:88,1
DA:89,2
DA:90,1
DA:93,1
DA:96,1
DA:97,1
DA:100,8
DA:101,1
DA:102,2
DA:103,1
DA:106,1
DA:109,1
DA:110,1
DA:113,8
DA:114,1
DA:115,2
DA:116,1
DA:119,1
DA:122,1
DA:123,1
DA:126,8
DA:127,1
DA:128,1
DA:131,1
DA:132,1
DA:135,8
DA:136,2
DA:137,2
DA:138,1
DA:141,1
DA:144,2
DA:145,2
DA:148,8
DA:149,1
DA:150,2
DA:151,1
DA:154,1
DA:157,1
DA:158,1
DA:161,8
DA:162,1
DA:163,2
DA:164,1
DA:167,1
DA:170,1
DA:171,1
DA:174,8
DA:177,3
DA:179,1
DA:180,2
DA:181,1
DA:184,1
DA:186,1
DA:188,1
DA:189,2
DA:190,1
DA:193,1
DA:195,1
DA:197,1
DA:198,1
DA:200,1
DA:201,1
DA:205,3
DA:206,3
DA:209,8
DA:210,1
DA:211,2
DA:212,1
DA:215,1
DA:218,1
DA:219,1
DA:222,8
DA:223,1
DA:224,2
DA:225,1
DA:228,1
DA:231,1
DA:232,1
DA:235,8
DA:236,1
DA:237,2
DA:238,1
DA:241,1
DA:244,1
DA:245,1
LF:120
LH:120
BRDA:21,0,0,16
BRDA:37,1,0,1
BRDA:50,2,0,1
BRDA:63,3,0,1
BRDA:76,4,0,1
BRDA:89,5,0,1
BRDA:102,6,0,1
BRDA:115,7,0,1
BRDA:137,8,0,1
BRDA:150,9,0,1
BRDA:163,10,0,1
BRDA:177,11,0,1
BRDA:177,11,1,1
BRDA:177,11,2,1
BRDA:180,12,0,1
BRDA:189,13,0,1
BRDA:211,14,0,1
BRDA:224,15,0,1
BRDA:237,16,0,1
BRF:19
BRH:19
end_of_record
TN:
SF:..\core\src\lib\utils\validation-meta.util.ts
FN:21,getValidationMeta
FN:31,markFieldTouched
FN:35,shouldShowFieldErrors
FN:40,clearTouchedFieldsForPrefix
FN:53,resetValidationMeta
FNF:5
FNH:5
FNDA:11,getValidationMeta
FNDA:4,markFieldTouched
FNDA:4,shouldShowFieldErrors
FNDA:2,clearTouchedFieldsForPrefix
FNDA:1,resetValidationMeta
DA:3,1
DA:22,11
DA:23,3
DA:28,11
DA:32,4
DA:36,4
DA:37,4
DA:41,2
DA:42,2
DA:43,1
DA:46,1
DA:47,2
DA:48,1
DA:54,1
LF:14
LH:14
BRDA:22,0,0,3
BRDA:37,1,0,4
BRDA:37,1,1,3
BRDA:42,2,0,1
BRDA:47,3,0,1
BRF:5
BRH:5
end_of_record
TN:
SF:..\core\src\lib\utils\validation-result.util.ts
FN:1,isValidationFailure
FNF:1
FNH:1
FNDA:4,isValidationFailure
DA:2,4
LF:1
LH:1
BRDA:2,0,0,4
BRDA:2,0,1,3
BRDA:2,0,2,2
BRDA:2,0,3,2
BRF:4
BRH:4
end_of_record
