<?xml version="1.0" encoding="UTF-8" ?>
<testsuites name="vitest tests" tests="37" failures="0" errors="0" time="89.985862">
    <testsuite name="src/app.spec.tsx" timestamp="2026-08-09T18:47:33.799Z" hostname="karthikk" tests="9" failures="0" errors="0" skipped="0" time="14.0487532">
        <testcase classname="src/app.spec.tsx" name="React showcase application &gt; renders the shared layout, home content, navigation, and documentation links" time="0.2421531">
        </testcase>
        <testcase classname="src/app.spec.tsx" name="React showcase application &gt; navigates among Home, Simple, Complex, and Performance routes with active state" time="0.9035247">
        </testcase>
        <testcase classname="src/app.spec.tsx" name="React showcase application &gt; uses home example links as client-side navigation" time="0.1265006">
        </testcase>
        <testcase classname="src/app.spec.tsx" name="React showcase application &gt; blocks an invalid simple submission and exposes inline accessible messages" time="0.2310352">
        </testcase>
        <testcase classname="src/app.spec.tsx" name="React showcase application &gt; accepts and resets a valid simple form" time="0.2770972">
        </testcase>
        <testcase classname="src/app.spec.tsx" name="React showcase application &gt; validates simple email on change and links to field documentation" time="0.176434">
        </testcase>
        <testcase classname="src/app.spec.tsx" name="React showcase application &gt; manages complex dynamic sections, conditional fields, and group validation" time="0.8653315">
        </testcase>
        <testcase classname="src/app.spec.tsx" name="React showcase application &gt; populates, validates, saves, and resets the complex form" time="0.6262552">
        </testcase>
        <testcase classname="src/app.spec.tsx" name="React showcase application &gt; measures validation and supports performance sample/reset/group actions" time="10.5978412">
        </testcase>
    </testsuite>
    <testsuite name="src/state-integrations/state-integrations.spec.tsx" timestamp="2026-08-09T18:47:33.809Z" hostname="karthikk" tests="28" failures="0" errors="0" skipped="0" time="75.9371088">
        <testcase classname="src/state-integrations/state-integrations.spec.tsx" name="&apos;Local State&apos; state integration &gt; renders its home, active navigation, architecture, derived state, and client-side links" time="0.522529">
        </testcase>
        <testcase classname="src/state-integrations/state-integrations.spec.tsx" name="&apos;Local State&apos; state integration &gt; validates, submits, and resets the simple form with messages and summary" time="0.3541562">
        </testcase>
        <testcase classname="src/state-integrations/state-integrations.spec.tsx" name="&apos;Local State&apos; state integration &gt; handles nested data, dynamic sections, conditional fields, groups, submit, and reset" time="1.1636162">
        </testcase>
        <testcase classname="src/state-integrations/state-integrations.spec.tsx" name="&apos;Local State&apos; state integration &gt; runs the large-form performance lifecycle and reports live metrics" time="10.5655037">
        </testcase>
        <testcase classname="src/state-integrations/state-integrations.spec.tsx" name="&apos;Redux Toolkit&apos; state integration &gt; renders its home, active navigation, architecture, derived state, and client-side links" time="0.2541081">
        </testcase>
        <testcase classname="src/state-integrations/state-integrations.spec.tsx" name="&apos;Redux Toolkit&apos; state integration &gt; validates, submits, and resets the simple form with messages and summary" time="0.2346915">
        </testcase>
        <testcase classname="src/state-integrations/state-integrations.spec.tsx" name="&apos;Redux Toolkit&apos; state integration &gt; handles nested data, dynamic sections, conditional fields, groups, submit, and reset" time="1.0733487">
        </testcase>
        <testcase classname="src/state-integrations/state-integrations.spec.tsx" name="&apos;Redux Toolkit&apos; state integration &gt; runs the large-form performance lifecycle and reports live metrics" time="8.4722837">
        </testcase>
        <testcase classname="src/state-integrations/state-integrations.spec.tsx" name="&apos;Zustand&apos; state integration &gt; renders its home, active navigation, architecture, derived state, and client-side links" time="0.3482871">
        </testcase>
        <testcase classname="src/state-integrations/state-integrations.spec.tsx" name="&apos;Zustand&apos; state integration &gt; validates, submits, and resets the simple form with messages and summary" time="0.4827505">
        </testcase>
        <testcase classname="src/state-integrations/state-integrations.spec.tsx" name="&apos;Zustand&apos; state integration &gt; handles nested data, dynamic sections, conditional fields, groups, submit, and reset" time="0.917367">
        </testcase>
        <testcase classname="src/state-integrations/state-integrations.spec.tsx" name="&apos;Zustand&apos; state integration &gt; runs the large-form performance lifecycle and reports live metrics" time="9.168123">
        </testcase>
        <testcase classname="src/state-integrations/state-integrations.spec.tsx" name="&apos;Jotai&apos; state integration &gt; renders its home, active navigation, architecture, derived state, and client-side links" time="0.2090525">
        </testcase>
        <testcase classname="src/state-integrations/state-integrations.spec.tsx" name="&apos;Jotai&apos; state integration &gt; validates, submits, and resets the simple form with messages and summary" time="0.2605855">
        </testcase>
        <testcase classname="src/state-integrations/state-integrations.spec.tsx" name="&apos;Jotai&apos; state integration &gt; handles nested data, dynamic sections, conditional fields, groups, submit, and reset" time="0.8774011">
        </testcase>
        <testcase classname="src/state-integrations/state-integrations.spec.tsx" name="&apos;Jotai&apos; state integration &gt; runs the large-form performance lifecycle and reports live metrics" time="8.8901839">
        </testcase>
        <testcase classname="src/state-integrations/state-integrations.spec.tsx" name="&apos;Recoil&apos; state integration &gt; renders its home, active navigation, architecture, derived state, and client-side links" time="0.2227642">
        </testcase>
        <testcase classname="src/state-integrations/state-integrations.spec.tsx" name="&apos;Recoil&apos; state integration &gt; validates, submits, and resets the simple form with messages and summary" time="0.2532018">
        </testcase>
        <testcase classname="src/state-integrations/state-integrations.spec.tsx" name="&apos;Recoil&apos; state integration &gt; handles nested data, dynamic sections, conditional fields, groups, submit, and reset" time="1.0010847">
        </testcase>
        <testcase classname="src/state-integrations/state-integrations.spec.tsx" name="&apos;Recoil&apos; state integration &gt; runs the large-form performance lifecycle and reports live metrics" time="9.5232502">
        </testcase>
        <testcase classname="src/state-integrations/state-integrations.spec.tsx" name="&apos;MobX&apos; state integration &gt; renders its home, active navigation, architecture, derived state, and client-side links" time="0.1899164">
        </testcase>
        <testcase classname="src/state-integrations/state-integrations.spec.tsx" name="&apos;MobX&apos; state integration &gt; validates, submits, and resets the simple form with messages and summary" time="0.2309682">
        </testcase>
        <testcase classname="src/state-integrations/state-integrations.spec.tsx" name="&apos;MobX&apos; state integration &gt; handles nested data, dynamic sections, conditional fields, groups, submit, and reset" time="0.9504206">
        </testcase>
        <testcase classname="src/state-integrations/state-integrations.spec.tsx" name="&apos;MobX&apos; state integration &gt; runs the large-form performance lifecycle and reports live metrics" time="9.7879435">
        </testcase>
        <testcase classname="src/state-integrations/state-integrations.spec.tsx" name="&apos;Context API&apos; state integration &gt; renders its home, active navigation, architecture, derived state, and client-side links" time="0.2072547">
        </testcase>
        <testcase classname="src/state-integrations/state-integrations.spec.tsx" name="&apos;Context API&apos; state integration &gt; validates, submits, and resets the simple form with messages and summary" time="0.2177973">
        </testcase>
        <testcase classname="src/state-integrations/state-integrations.spec.tsx" name="&apos;Context API&apos; state integration &gt; handles nested data, dynamic sections, conditional fields, groups, submit, and reset" time="0.8470758">
        </testcase>
        <testcase classname="src/state-integrations/state-integrations.spec.tsx" name="&apos;Context API&apos; state integration &gt; runs the large-form performance lifecycle and reports live metrics" time="8.7090523">
        </testcase>
    </testsuite>
</testsuites>
