<?xml version="1.0" encoding="UTF-8" ?>
<testsuites name="vitest tests" tests="37" failures="0" errors="0" time="72.0820117">
    <testsuite name="src/app.spec.tsx" timestamp="2026-08-09T04:02:14.766Z" hostname="karthikk" tests="9" failures="0" errors="0" skipped="0" time="11.8980366">
        <testcase classname="src/app.spec.tsx" name="React showcase application &gt; renders the shared layout, home content, navigation, and documentation links" time="0.1546629">
        </testcase>
        <testcase classname="src/app.spec.tsx" name="React showcase application &gt; navigates among Home, Simple, Complex, and Performance routes with active state" time="0.6456673">
        </testcase>
        <testcase classname="src/app.spec.tsx" name="React showcase application &gt; uses home example links as client-side navigation" time="0.1215174">
        </testcase>
        <testcase classname="src/app.spec.tsx" name="React showcase application &gt; blocks an invalid simple submission and exposes inline accessible messages" time="0.18345">
        </testcase>
        <testcase classname="src/app.spec.tsx" name="React showcase application &gt; accepts and resets a valid simple form" time="0.2121146">
        </testcase>
        <testcase classname="src/app.spec.tsx" name="React showcase application &gt; validates simple email on change and links to field documentation" time="0.1531984">
        </testcase>
        <testcase classname="src/app.spec.tsx" name="React showcase application &gt; manages complex dynamic sections, conditional fields, and group validation" time="0.5563702">
        </testcase>
        <testcase classname="src/app.spec.tsx" name="React showcase application &gt; populates, validates, saves, and resets the complex form" time="0.5716801">
        </testcase>
        <testcase classname="src/app.spec.tsx" name="React showcase application &gt; measures validation and supports performance sample/reset/group actions" time="9.297651">
        </testcase>
    </testsuite>
    <testsuite name="src/state-integrations/state-integrations.spec.tsx" timestamp="2026-08-09T04:02:14.770Z" hostname="karthikk" tests="28" failures="0" errors="0" skipped="0" time="60.1839751">
        <testcase classname="src/state-integrations/state-integrations.spec.tsx" name="&apos;Local State&apos; state integration &gt; renders its home, active navigation, architecture, derived state, and client-side links" time="0.3511521">
        </testcase>
        <testcase classname="src/state-integrations/state-integrations.spec.tsx" name="&apos;Local State&apos; state integration &gt; validates, submits, and resets the simple form with messages and summary" time="0.2331241">
        </testcase>
        <testcase classname="src/state-integrations/state-integrations.spec.tsx" name="&apos;Local State&apos; state integration &gt; handles nested data, dynamic sections, conditional fields, groups, submit, and reset" time="0.9081644">
        </testcase>
        <testcase classname="src/state-integrations/state-integrations.spec.tsx" name="&apos;Local State&apos; state integration &gt; runs the large-form performance lifecycle and reports live metrics" time="9.1531134">
        </testcase>
        <testcase classname="src/state-integrations/state-integrations.spec.tsx" name="&apos;Redux Toolkit&apos; state integration &gt; renders its home, active navigation, architecture, derived state, and client-side links" time="0.1759787">
        </testcase>
        <testcase classname="src/state-integrations/state-integrations.spec.tsx" name="&apos;Redux Toolkit&apos; state integration &gt; validates, submits, and resets the simple form with messages and summary" time="0.2179652">
        </testcase>
        <testcase classname="src/state-integrations/state-integrations.spec.tsx" name="&apos;Redux Toolkit&apos; state integration &gt; handles nested data, dynamic sections, conditional fields, groups, submit, and reset" time="0.7970725">
        </testcase>
        <testcase classname="src/state-integrations/state-integrations.spec.tsx" name="&apos;Redux Toolkit&apos; state integration &gt; runs the large-form performance lifecycle and reports live metrics" time="7.908283">
        </testcase>
        <testcase classname="src/state-integrations/state-integrations.spec.tsx" name="&apos;Zustand&apos; state integration &gt; renders its home, active navigation, architecture, derived state, and client-side links" time="0.1639692">
        </testcase>
        <testcase classname="src/state-integrations/state-integrations.spec.tsx" name="&apos;Zustand&apos; state integration &gt; validates, submits, and resets the simple form with messages and summary" time="0.2185946">
        </testcase>
        <testcase classname="src/state-integrations/state-integrations.spec.tsx" name="&apos;Zustand&apos; state integration &gt; handles nested data, dynamic sections, conditional fields, groups, submit, and reset" time="0.7786143">
        </testcase>
        <testcase classname="src/state-integrations/state-integrations.spec.tsx" name="&apos;Zustand&apos; state integration &gt; runs the large-form performance lifecycle and reports live metrics" time="7.0829999">
        </testcase>
        <testcase classname="src/state-integrations/state-integrations.spec.tsx" name="&apos;Jotai&apos; state integration &gt; renders its home, active navigation, architecture, derived state, and client-side links" time="0.1720583">
        </testcase>
        <testcase classname="src/state-integrations/state-integrations.spec.tsx" name="&apos;Jotai&apos; state integration &gt; validates, submits, and resets the simple form with messages and summary" time="0.2224448">
        </testcase>
        <testcase classname="src/state-integrations/state-integrations.spec.tsx" name="&apos;Jotai&apos; state integration &gt; handles nested data, dynamic sections, conditional fields, groups, submit, and reset" time="0.7886628">
        </testcase>
        <testcase classname="src/state-integrations/state-integrations.spec.tsx" name="&apos;Jotai&apos; state integration &gt; runs the large-form performance lifecycle and reports live metrics" time="6.9443944">
        </testcase>
        <testcase classname="src/state-integrations/state-integrations.spec.tsx" name="&apos;Recoil&apos; state integration &gt; renders its home, active navigation, architecture, derived state, and client-side links" time="0.1766128">
        </testcase>
        <testcase classname="src/state-integrations/state-integrations.spec.tsx" name="&apos;Recoil&apos; state integration &gt; validates, submits, and resets the simple form with messages and summary" time="0.2197229">
        </testcase>
        <testcase classname="src/state-integrations/state-integrations.spec.tsx" name="&apos;Recoil&apos; state integration &gt; handles nested data, dynamic sections, conditional fields, groups, submit, and reset" time="0.764677">
        </testcase>
        <testcase classname="src/state-integrations/state-integrations.spec.tsx" name="&apos;Recoil&apos; state integration &gt; runs the large-form performance lifecycle and reports live metrics" time="6.8968269">
        </testcase>
        <testcase classname="src/state-integrations/state-integrations.spec.tsx" name="&apos;MobX&apos; state integration &gt; renders its home, active navigation, architecture, derived state, and client-side links" time="0.1600287">
        </testcase>
        <testcase classname="src/state-integrations/state-integrations.spec.tsx" name="&apos;MobX&apos; state integration &gt; validates, submits, and resets the simple form with messages and summary" time="0.202385">
        </testcase>
        <testcase classname="src/state-integrations/state-integrations.spec.tsx" name="&apos;MobX&apos; state integration &gt; handles nested data, dynamic sections, conditional fields, groups, submit, and reset" time="0.7702147">
        </testcase>
        <testcase classname="src/state-integrations/state-integrations.spec.tsx" name="&apos;MobX&apos; state integration &gt; runs the large-form performance lifecycle and reports live metrics" time="6.9655166">
        </testcase>
        <testcase classname="src/state-integrations/state-integrations.spec.tsx" name="&apos;Context API&apos; state integration &gt; renders its home, active navigation, architecture, derived state, and client-side links" time="0.1758611">
        </testcase>
        <testcase classname="src/state-integrations/state-integrations.spec.tsx" name="&apos;Context API&apos; state integration &gt; validates, submits, and resets the simple form with messages and summary" time="0.2215332">
        </testcase>
        <testcase classname="src/state-integrations/state-integrations.spec.tsx" name="&apos;Context API&apos; state integration &gt; handles nested data, dynamic sections, conditional fields, groups, submit, and reset" time="0.7938341">
        </testcase>
        <testcase classname="src/state-integrations/state-integrations.spec.tsx" name="&apos;Context API&apos; state integration &gt; runs the large-form performance lifecycle and reports live metrics" time="6.7181925">
        </testcase>
    </testsuite>
</testsuites>
