{"total": {"lines":{"total":1341,"covered":1302,"skipped":0,"pct":97.09},"statements":{"total":1367,"covered":1328,"skipped":0,"pct":97.14},"functions":{"total":276,"covered":275,"skipped":0,"pct":99.63},"branches":{"total":610,"covered":551,"skipped":0,"pct":90.32},"branchesTrue":{"total":0,"covered":0,"skipped":0,"pct":100}}
,"C:\\Kalyan\\Learning\\validation-rules-engine\\packages\\angular\\src\\lib\\policy.ts": {"lines":{"total":153,"covered":150,"skipped":0,"pct":98.03},"functions":{"total":25,"covered":24,"skipped":0,"pct":96},"statements":{"total":165,"covered":162,"skipped":0,"pct":98.18},"branches":{"total":99,"covered":94,"skipped":0,"pct":94.94}}
,"C:\\Kalyan\\Learning\\validation-rules-engine\\packages\\angular\\src\\lib\\validation.module.ts": {"lines":{"total":2,"covered":2,"skipped":0,"pct":100},"functions":{"total":1,"covered":1,"skipped":0,"pct":100},"statements":{"total":3,"covered":3,"skipped":0,"pct":100},"branches":{"total":0,"covered":0,"skipped":0,"pct":100}}
,"C:\\Kalyan\\Learning\\validation-rules-engine\\packages\\angular\\src\\lib\\components\\validation-group-status.component.ts": {"lines":{"total":15,"covered":15,"skipped":0,"pct":100},"functions":{"total":6,"covered":6,"skipped":0,"pct":100},"statements":{"total":15,"covered":15,"skipped":0,"pct":100},"branches":{"total":2,"covered":2,"skipped":0,"pct":100}}
,"C:\\Kalyan\\Learning\\validation-rules-engine\\packages\\angular\\src\\lib\\components\\validation-group-summary.component.ts": {"lines":{"total":3,"covered":3,"skipped":0,"pct":100},"functions":{"total":2,"covered":2,"skipped":0,"pct":100},"statements":{"total":3,"covered":3,"skipped":0,"pct":100},"branches":{"total":0,"covered":0,"skipped":0,"pct":100}}
,"C:\\Kalyan\\Learning\\validation-rules-engine\\packages\\angular\\src\\lib\\components\\validation-policy-group-status.component.ts": {"lines":{"total":16,"covered":16,"skipped":0,"pct":100},"functions":{"total":6,"covered":6,"skipped":0,"pct":100},"statements":{"total":16,"covered":16,"skipped":0,"pct":100},"branches":{"total":2,"covered":2,"skipped":0,"pct":100}}
,"C:\\Kalyan\\Learning\\validation-rules-engine\\packages\\angular\\src\\lib\\components\\validation-policy-group-summary.component.ts": {"lines":{"total":3,"covered":3,"skipped":0,"pct":100},"functions":{"total":2,"covered":2,"skipped":0,"pct":100},"statements":{"total":3,"covered":3,"skipped":0,"pct":100},"branches":{"total":0,"covered":0,"skipped":0,"pct":100}}
,"C:\\Kalyan\\Learning\\validation-rules-engine\\packages\\angular\\src\\lib\\components\\validation-summary.component.ts": {"lines":{"total":5,"covered":5,"skipped":0,"pct":100},"functions":{"total":3,"covered":3,"skipped":0,"pct":100},"statements":{"total":5,"covered":5,"skipped":0,"pct":100},"branches":{"total":5,"covered":5,"skipped":0,"pct":100}}
,"C:\\Kalyan\\Learning\\validation-rules-engine\\packages\\angular\\src\\lib\\directives\\validator.directive.ts": {"lines":{"total":154,"covered":150,"skipped":0,"pct":97.4},"functions":{"total":39,"covered":39,"skipped":0,"pct":100},"statements":{"total":156,"covered":152,"skipped":0,"pct":97.43},"branches":{"total":72,"covered":61,"skipped":0,"pct":84.72}}
,"C:\\Kalyan\\Learning\\validation-rules-engine\\packages\\angular\\src\\lib\\display\\validation-display.config-resolver.ts": {"lines":{"total":42,"covered":42,"skipped":0,"pct":100},"functions":{"total":7,"covered":7,"skipped":0,"pct":100},"statements":{"total":42,"covered":42,"skipped":0,"pct":100},"branches":{"total":45,"covered":41,"skipped":0,"pct":91.11}}
,"C:\\Kalyan\\Learning\\validation-rules-engine\\packages\\angular\\src\\lib\\display\\validation-display.constants.ts": {"lines":{"total":7,"covered":7,"skipped":0,"pct":100},"functions":{"total":0,"covered":0,"skipped":0,"pct":100},"statements":{"total":7,"covered":7,"skipped":0,"pct":100},"branches":{"total":0,"covered":0,"skipped":0,"pct":100}}
,"C:\\Kalyan\\Learning\\validation-rules-engine\\packages\\angular\\src\\lib\\display\\validation-display.factory.ts": {"lines":{"total":10,"covered":10,"skipped":0,"pct":100},"functions":{"total":1,"covered":1,"skipped":0,"pct":100},"statements":{"total":10,"covered":10,"skipped":0,"pct":100},"branches":{"total":9,"covered":9,"skipped":0,"pct":100}}
,"C:\\Kalyan\\Learning\\validation-rules-engine\\packages\\angular\\src\\lib\\display\\examples\\prime-ng-display.example.ts": {"lines":{"total":3,"covered":3,"skipped":0,"pct":100},"functions":{"total":1,"covered":1,"skipped":0,"pct":100},"statements":{"total":3,"covered":3,"skipped":0,"pct":100},"branches":{"total":0,"covered":0,"skipped":0,"pct":100}}
,"C:\\Kalyan\\Learning\\validation-rules-engine\\packages\\angular\\src\\lib\\interfaces\\validation-display.interface.ts": {"lines":{"total":1,"covered":1,"skipped":0,"pct":100},"functions":{"total":1,"covered":1,"skipped":0,"pct":100},"statements":{"total":1,"covered":1,"skipped":0,"pct":100},"branches":{"total":0,"covered":0,"skipped":0,"pct":100}}
,"C:\\Kalyan\\Learning\\validation-rules-engine\\packages\\angular\\src\\lib\\parser\\expression-parser.ts": {"lines":{"total":167,"covered":165,"skipped":0,"pct":98.8},"functions":{"total":30,"covered":30,"skipped":0,"pct":100},"statements":{"total":172,"covered":170,"skipped":0,"pct":98.83},"branches":{"total":48,"covered":44,"skipped":0,"pct":91.66}}
,"C:\\Kalyan\\Learning\\validation-rules-engine\\packages\\angular\\src\\lib\\providers\\validation-display.providers.ts": {"lines":{"total":10,"covered":10,"skipped":0,"pct":100},"functions":{"total":7,"covered":7,"skipped":0,"pct":100},"statements":{"total":10,"covered":10,"skipped":0,"pct":100},"branches":{"total":9,"covered":9,"skipped":0,"pct":100}}
,"C:\\Kalyan\\Learning\\validation-rules-engine\\packages\\angular\\src\\lib\\services\\validation-provider.service.ts": {"lines":{"total":96,"covered":96,"skipped":0,"pct":100},"functions":{"total":34,"covered":34,"skipped":0,"pct":100},"statements":{"total":97,"covered":97,"skipped":0,"pct":100},"branches":{"total":34,"covered":33,"skipped":0,"pct":97.05}}
,"C:\\Kalyan\\Learning\\validation-rules-engine\\packages\\angular\\src\\lib\\strategies\\bootstrap-validation-display.strategy.ts": {"lines":{"total":118,"covered":115,"skipped":0,"pct":97.45},"functions":{"total":20,"covered":20,"skipped":0,"pct":100},"statements":{"total":118,"covered":115,"skipped":0,"pct":97.45},"branches":{"total":43,"covered":37,"skipped":0,"pct":86.04}}
,"C:\\Kalyan\\Learning\\validation-rules-engine\\packages\\angular\\src\\lib\\strategies\\default-validation-display.strategy.ts": {"lines":{"total":20,"covered":20,"skipped":0,"pct":100},"functions":{"total":9,"covered":9,"skipped":0,"pct":100},"statements":{"total":21,"covered":21,"skipped":0,"pct":100},"branches":{"total":15,"covered":15,"skipped":0,"pct":100}}
,"C:\\Kalyan\\Learning\\validation-rules-engine\\packages\\angular\\src\\lib\\strategies\\generic-validation-display.strategy.ts": {"lines":{"total":147,"covered":138,"skipped":0,"pct":93.87},"functions":{"total":19,"covered":19,"skipped":0,"pct":100},"statements":{"total":147,"covered":138,"skipped":0,"pct":93.87},"branches":{"total":68,"covered":61,"skipped":0,"pct":89.7}}
,"C:\\Kalyan\\Learning\\validation-rules-engine\\packages\\angular\\src\\lib\\strategies\\material-validation-display.strategy.ts": {"lines":{"total":215,"covered":203,"skipped":0,"pct":94.41},"functions":{"total":31,"covered":31,"skipped":0,"pct":100},"statements":{"total":218,"covered":206,"skipped":0,"pct":94.49},"branches":{"total":103,"covered":89,"skipped":0,"pct":86.4}}
,"C:\\Kalyan\\Learning\\validation-rules-engine\\packages\\angular\\src\\lib\\strategies\\tailwind-validation-display.strategy.ts": {"lines":{"total":139,"covered":133,"skipped":0,"pct":95.68},"functions":{"total":25,"covered":25,"skipped":0,"pct":100},"statements":{"total":140,"covered":134,"skipped":0,"pct":95.71},"branches":{"total":50,"covered":43,"skipped":0,"pct":86}}
,"C:\\Kalyan\\Learning\\validation-rules-engine\\packages\\angular\\src\\lib\\tokens\\validation-display-strategy.token.ts": {"lines":{"total":1,"covered":1,"skipped":0,"pct":100},"functions":{"total":0,"covered":0,"skipped":0,"pct":100},"statements":{"total":1,"covered":1,"skipped":0,"pct":100},"branches":{"total":0,"covered":0,"skipped":0,"pct":100}}
,"C:\\Kalyan\\Learning\\validation-rules-engine\\packages\\angular\\src\\lib\\tokens\\validation-display.token.ts": {"lines":{"total":1,"covered":1,"skipped":0,"pct":100},"functions":{"total":0,"covered":0,"skipped":0,"pct":100},"statements":{"total":1,"covered":1,"skipped":0,"pct":100},"branches":{"total":0,"covered":0,"skipped":0,"pct":100}}
,"C:\\Kalyan\\Learning\\validation-rules-engine\\packages\\angular\\src\\lib\\utils\\dom.util.ts": {"lines":{"total":13,"covered":13,"skipped":0,"pct":100},"functions":{"total":7,"covered":7,"skipped":0,"pct":100},"statements":{"total":13,"covered":13,"skipped":0,"pct":100},"branches":{"total":6,"covered":6,"skipped":0,"pct":100}}
}
