TN:
SF:src\lib\policy.ts
FN:12,(anonymous_0)
FN:14,(anonymous_1)
FN:29,(anonymous_2)
FN:57,(anonymous_3)
FN:63,(anonymous_4)
FN:74,(anonymous_5)
FN:86,(anonymous_6)
FN:99,(anonymous_7)
FN:112,(anonymous_8)
FN:123,(anonymous_9)
FN:140,(anonymous_10)
FN:143,(anonymous_11)
FN:179,(anonymous_12)
FN:190,(anonymous_13)
FN:226,(anonymous_14)
FN:235,(anonymous_15)
FN:264,(anonymous_16)
FN:270,(anonymous_17)
FN:271,(anonymous_18)
FN:277,(anonymous_19)
FN:294,(anonymous_20)
FN:308,(anonymous_21)
FN:316,(anonymous_22)
FN:317,(anonymous_23)
FN:338,(anonymous_24)
FNF:25
FNH:24
FNDA:58,(anonymous_0)
FNDA:26,(anonymous_1)
FNDA:14,(anonymous_2)
FNDA:14,(anonymous_3)
FNDA:0,(anonymous_4)
FNDA:76,(anonymous_5)
FNDA:78,(anonymous_6)
FNDA:40,(anonymous_7)
FNDA:40,(anonymous_8)
FNDA:23,(anonymous_9)
FNDA:19,(anonymous_10)
FNDA:6,(anonymous_11)
FNDA:22,(anonymous_12)
FNDA:14,(anonymous_13)
FNDA:32,(anonymous_14)
FNDA:33,(anonymous_15)
FNDA:2,(anonymous_16)
FNDA:2,(anonymous_17)
FNDA:3,(anonymous_18)
FNDA:35,(anonymous_19)
FNDA:28,(anonymous_20)
FNDA:26,(anonymous_21)
FNDA:26,(anonymous_22)
FNDA:26,(anonymous_23)
FNDA:58,(anonymous_24)
DA:10,58
DA:14,58
DA:15,26
DA:20,26
DA:22,14
DA:29,58
DA:30,14
DA:31,14
DA:33,14
DA:34,14
DA:36,14
DA:38,8
DA:40,7
DA:48,6
DA:57,58
DA:58,14
DA:60,14
DA:61,14
DA:63,14
DA:64,0
DA:65,0
DA:70,14
DA:74,58
DA:75,76
DA:76,76
DA:78,76
DA:79,110
DA:80,110
DA:83,76
DA:86,58
DA:87,78
DA:88,63
DA:91,15
DA:92,6
DA:95,9
DA:96,9
DA:99,58
DA:100,40
DA:101,2
DA:105,38
DA:106,2
DA:109,36
DA:112,58
DA:114,40
DA:116,36
DA:120,4
DA:123,58
DA:124,23
DA:125,23
DA:127,23
DA:128,7
DA:131,7
DA:132,7
DA:133,3
DA:134,2
DA:140,19
DA:141,16
DA:142,3
DA:143,6
DA:145,3
DA:146,1
DA:149,16
DA:152,23
DA:153,26
DA:155,27
DA:156,7
DA:157,6
DA:158,6
DA:160,6
DA:163,20
DA:164,20
DA:166,20
DA:171,23
DA:172,1
DA:173,1
DA:175,1
DA:178,22
DA:180,22
DA:181,6
DA:183,22
DA:187,22
DA:190,58
DA:191,14
DA:193,14
DA:195,14
DA:196,14
DA:197,15
DA:198,15
DA:199,15
DA:200,15
DA:201,15
DA:203,14
DA:204,7
DA:205,7
DA:206,7
DA:209,7
DA:210,7
DA:219,14
DA:220,1
DA:222,14
DA:226,58
DA:227,32
DA:229,32
DA:230,36
DA:231,36
DA:232,3
DA:235,33
DA:236,33
DA:237,33
DA:238,33
DA:240,33
DA:241,21
DA:249,12
DA:250,10
DA:258,32
DA:259,0
DA:264,58
DA:265,2
DA:270,58
DA:271,2
DA:272,3
DA:277,58
DA:278,35
DA:280,35
DA:281,39
DA:282,39
DA:283,34
DA:287,35
DA:294,58
DA:300,28
DA:301,28
DA:305,28
DA:306,28
DA:308,28
DA:309,26
DA:310,26
DA:311,15
DA:315,28
DA:316,28
DA:317,28
DA:319,28
DA:320,28
DA:321,2
DA:322,26
DA:323,4
DA:324,22
DA:325,7
DA:326,15
DA:327,6
DA:330,28
DA:338,58
DA:339,58
DA:340,58
LF:153
LH:150
BRDA:20,0,0,14
BRDA:20,1,0,26
BRDA:20,1,1,14
BRDA:20,1,2,14
BRDA:33,2,0,14
BRDA:36,3,0,8
BRDA:36,3,1,6
BRDA:38,4,0,7
BRDA:38,5,0,8
BRDA:38,5,1,1
BRDA:60,6,0,14
BRDA:64,7,0,0
BRDA:64,8,0,0
BRDA:64,8,1,0
BRDA:80,9,0,54
BRDA:87,10,0,63
BRDA:91,11,0,6
BRDA:100,12,0,2
BRDA:100,13,0,40
BRDA:100,13,1,6
BRDA:105,14,0,2
BRDA:105,15,0,38
BRDA:105,15,1,7
BRDA:114,16,0,36
BRDA:127,17,0,7
BRDA:127,17,1,16
BRDA:128,18,0,7
BRDA:128,18,1,4
BRDA:133,19,0,2
BRDA:141,20,0,3
BRDA:145,21,0,1
BRDA:149,22,0,16
BRDA:149,22,1,14
BRDA:155,23,0,7
BRDA:155,23,1,20
BRDA:156,24,0,6
BRDA:158,25,0,0
BRDA:158,25,1,6
BRDA:164,26,0,1
BRDA:164,26,1,19
BRDA:171,27,0,1
BRDA:172,28,0,1
BRDA:172,29,0,1
BRDA:172,29,1,1
BRDA:180,30,0,6
BRDA:180,31,0,22
BRDA:180,31,1,22
BRDA:193,32,0,14
BRDA:193,32,1,5
BRDA:197,33,0,15
BRDA:201,34,0,14
BRDA:203,35,0,7
BRDA:203,35,1,7
BRDA:204,36,0,7
BRDA:219,37,0,1
BRDA:219,38,0,14
BRDA:219,38,1,14
BRDA:227,39,0,32
BRDA:227,39,1,10
BRDA:231,40,0,3
BRDA:231,41,0,36
BRDA:231,41,1,36
BRDA:231,41,2,6
BRDA:237,42,0,33
BRDA:237,42,1,31
BRDA:240,43,0,21
BRDA:240,43,1,12
BRDA:245,44,0,19
BRDA:245,44,1,2
BRDA:249,45,0,10
BRDA:258,46,0,0
BRDA:270,47,0,1
BRDA:272,48,0,3
BRDA:272,48,1,1
BRDA:282,49,0,34
BRDA:282,50,0,39
BRDA:282,50,1,39
BRDA:297,51,0,1
BRDA:298,52,0,2
BRDA:301,53,0,25
BRDA:301,53,1,3
BRDA:309,54,0,26
BRDA:309,54,1,9
BRDA:310,55,0,15
BRDA:317,56,0,28
BRDA:317,56,1,26
BRDA:320,57,0,2
BRDA:320,57,1,26
BRDA:322,58,0,4
BRDA:322,58,1,22
BRDA:324,59,0,7
BRDA:324,59,1,15
BRDA:324,60,0,22
BRDA:324,60,1,12
BRDA:326,61,0,6
BRDA:331,62,0,28
BRDA:331,62,1,18
BRDA:332,63,0,28
BRDA:332,63,1,18
BRF:99
BRH:94
end_of_record
TN:
SF:src\lib\validation.module.ts
FN:34,(anonymous_0)
FNF:1
FNH:1
FNDA:1,(anonymous_0)
DA:33,1
DA:35,1
LF:2
LH:2
BRF:0
BRH:0
end_of_record
TN:
SF:src\lib\components\validation-group-status.component.ts
FN:56,(anonymous_0)
FN:61,(anonymous_1)
FN:65,(anonymous_2)
FN:71,(anonymous_3)
FN:75,(anonymous_4)
FN:83,(anonymous_5)
FNF:6
FNH:6
FNDA:2,(anonymous_0)
FNDA:4,(anonymous_1)
FNDA:5,(anonymous_2)
FNDA:2,(anonymous_3)
FNDA:5,(anonymous_4)
FNDA:2,(anonymous_5)
DA:47,1
DA:50,2
DA:51,2
DA:52,2
DA:57,2
DA:58,2
DA:62,4
DA:66,5
DA:67,5
DA:72,2
DA:76,5
DA:78,5
DA:79,1
DA:82,4
DA:83,2
LF:15
LH:15
BRDA:66,0,0,5
BRDA:78,1,0,1
BRF:2
BRH:2
end_of_record
TN:
SF:src\lib\components\validation-group-summary.component.ts
FN:28,(anonymous_0)
FN:33,(anonymous_1)
FNF:2
FNH:2
FNDA:1,(anonymous_0)
FNDA:5,(anonymous_1)
DA:28,1
DA:31,1
DA:34,5
LF:3
LH:3
BRF:0
BRH:0
end_of_record
TN:
SF:src\lib\components\validation-policy-group-status.component.ts
FN:50,(anonymous_0)
FN:55,(anonymous_1)
FN:59,(anonymous_2)
FN:65,(anonymous_3)
FN:69,(anonymous_4)
FN:77,(anonymous_5)
FNF:6
FNH:6
FNDA:2,(anonymous_0)
FNDA:4,(anonymous_1)
FNDA:4,(anonymous_2)
FNDA:2,(anonymous_3)
FNDA:4,(anonymous_4)
FNDA:1,(anonymous_5)
DA:40,1
DA:43,2
DA:44,2
DA:45,2
DA:46,2
DA:51,2
DA:52,2
DA:56,4
DA:60,4
DA:61,4
DA:66,2
DA:70,4
DA:72,4
DA:73,1
DA:76,3
DA:77,1
LF:16
LH:16
BRDA:60,0,0,4
BRDA:72,1,0,1
BRF:2
BRH:2
end_of_record
TN:
SF:src\lib\components\validation-policy-group-summary.component.ts
FN:28,(anonymous_0)
FN:33,(anonymous_1)
FNF:2
FNH:2
FNDA:1,(anonymous_0)
FNDA:5,(anonymous_1)
DA:28,1
DA:31,1
DA:34,5
LF:3
LH:3
BRF:0
BRH:0
end_of_record
TN:
SF:src\lib\components\validation-summary.component.ts
FN:20,(anonymous_0)
FN:25,(anonymous_1)
FN:29,(anonymous_2)
FNF:3
FNH:3
FNDA:2,(anonymous_0)
FNDA:5,(anonymous_1)
FNDA:7,(anonymous_2)
DA:20,1
DA:22,2
DA:23,2
DA:26,5
DA:30,7
LF:5
LH:5
BRDA:26,0,0,5
BRDA:26,0,1,1
BRDA:30,1,0,7
BRDA:30,1,1,5
BRDA:30,1,2,2
BRF:5
BRH:5
end_of_record
TN:
SF:src\lib\directives\validator.directive.ts
FN:58,(anonymous_0)
FN:72,(anonymous_1)
FN:89,(anonymous_2)
FN:95,(anonymous_3)
FN:109,(anonymous_4)
FN:118,(anonymous_5)
FN:126,(anonymous_6)
FN:143,(anonymous_7)
FN:151,(anonymous_8)
FN:160,(anonymous_9)
FN:161,(anonymous_10)
FN:165,(anonymous_11)
FN:181,(anonymous_12)
FN:182,(anonymous_13)
FN:189,(anonymous_14)
FN:210,(anonymous_15)
FN:211,(anonymous_16)
FN:214,(anonymous_17)
FN:215,(anonymous_18)
FN:222,(anonymous_19)
FN:243,(anonymous_20)
FN:247,(anonymous_21)
FN:251,(anonymous_22)
FN:252,(anonymous_23)
FN:253,(anonymous_24)
FN:254,(anonymous_25)
FN:263,(anonymous_26)
FN:273,(anonymous_27)
FN:288,(anonymous_28)
FN:307,(anonymous_29)
FN:321,(anonymous_30)
FN:328,(anonymous_31)
FN:330,(anonymous_32)
FN:331,(anonymous_33)
FN:342,(anonymous_34)
FN:343,(anonymous_35)
FN:352,(anonymous_36)
FN:358,(anonymous_37)
FN:367,(anonymous_38)
FNF:39
FNH:39
FNDA:15,(anonymous_0)
FNDA:10,(anonymous_1)
FNDA:3,(anonymous_2)
FNDA:12,(anonymous_3)
FNDA:3,(anonymous_4)
FNDA:3,(anonymous_5)
FNDA:1,(anonymous_6)
FNDA:1,(anonymous_7)
FNDA:7,(anonymous_8)
FNDA:1,(anonymous_9)
FNDA:2,(anonymous_10)
FNDA:12,(anonymous_11)
FNDA:6,(anonymous_12)
FNDA:5,(anonymous_13)
FNDA:2,(anonymous_14)
FNDA:6,(anonymous_15)
FNDA:6,(anonymous_16)
FNDA:5,(anonymous_17)
FNDA:1,(anonymous_18)
FNDA:8,(anonymous_19)
FNDA:15,(anonymous_20)
FNDA:14,(anonymous_21)
FNDA:6,(anonymous_22)
FNDA:6,(anonymous_23)
FNDA:6,(anonymous_24)
FNDA:6,(anonymous_25)
FNDA:3,(anonymous_26)
FNDA:13,(anonymous_27)
FNDA:7,(anonymous_28)
FNDA:22,(anonymous_29)
FNDA:5,(anonymous_30)
FNDA:5,(anonymous_31)
FNDA:5,(anonymous_32)
FNDA:5,(anonymous_33)
FNDA:5,(anonymous_34)
FNDA:5,(anonymous_35)
FNDA:10,(anonymous_36)
FNDA:15,(anonymous_37)
FNDA:22,(anonymous_38)
DA:31,1
DA:33,15
DA:47,15
DA:53,15
DA:56,15
DA:59,15
DA:60,15
DA:61,15
DA:62,15
DA:63,15
DA:64,15
DA:68,15
DA:73,10
DA:74,10
DA:75,1
DA:77,9
DA:78,9
DA:84,9
DA:85,9
DA:88,9
DA:90,3
DA:91,3
DA:96,12
DA:97,0
DA:100,12
DA:101,9
DA:104,12
DA:105,9
DA:110,3
DA:111,1
DA:114,2
DA:115,2
DA:119,3
DA:120,1
DA:121,1
DA:124,2
DA:125,2
DA:126,1
DA:127,1
DA:128,1
DA:133,2
DA:134,1
DA:135,1
DA:136,1
DA:138,1
DA:141,1
DA:142,1
DA:143,1
DA:144,1
DA:145,1
DA:152,7
DA:153,1
DA:156,6
DA:157,6
DA:161,2
DA:162,1
DA:166,12
DA:168,12
DA:169,1
DA:175,11
DA:182,6
DA:183,5
DA:184,5
DA:187,6
DA:188,1
DA:189,1
DA:190,2
DA:191,2
DA:193,1
DA:196,5
DA:197,5
DA:198,1
DA:199,4
DA:200,1
DA:202,3
DA:205,5
DA:206,1
DA:209,5
DA:210,5
DA:211,6
DA:214,5
DA:215,5
DA:216,1
DA:217,1
DA:223,8
DA:224,8
DA:226,8
DA:227,1
DA:228,1
DA:231,7
DA:232,1
DA:235,6
DA:236,1
DA:237,1
DA:240,5
DA:244,15
DA:248,14
DA:252,6
DA:253,6
DA:254,6
DA:255,6
DA:256,6
DA:257,6
DA:264,3
DA:265,0
DA:268,3
DA:269,3
DA:270,3
DA:274,13
DA:275,3
DA:276,1
DA:278,2
DA:279,2
DA:280,2
DA:283,10
DA:287,10
DA:288,7
DA:291,10
DA:292,7
DA:293,1
DA:295,6
DA:296,6
DA:297,6
DA:300,3
DA:301,0
DA:303,3
DA:304,3
DA:308,22
DA:312,22
DA:318,22
DA:322,5
DA:323,0
DA:326,5
DA:328,5
DA:329,5
DA:331,5
DA:332,5
DA:333,5
DA:334,5
DA:335,5
DA:336,5
DA:341,5
DA:343,5
DA:344,5
DA:345,5
DA:346,5
DA:347,5
DA:353,10
DA:354,10
DA:359,15
DA:360,1
DA:363,14
DA:364,14
DA:368,22
LF:154
LH:150
BRDA:68,0,0,15
BRDA:68,0,1,1
BRDA:69,1,0,1
BRDA:69,1,1,0
BRDA:74,2,0,1
BRDA:84,3,0,9
BRDA:96,4,0,0
BRDA:100,5,0,9
BRDA:104,6,0,9
BRDA:110,7,0,1
BRDA:119,8,0,1
BRDA:120,9,0,1
BRDA:120,9,1,0
BRDA:125,10,0,1
BRDA:127,11,0,1
BRDA:133,12,0,1
BRDA:134,13,0,1
BRDA:142,14,0,1
BRDA:144,15,0,1
BRDA:152,16,0,1
BRDA:152,17,0,7
BRDA:152,17,1,6
BRDA:168,18,0,1
BRDA:183,19,0,3
BRDA:183,19,1,2
BRDA:187,20,0,1
BRDA:197,21,0,1
BRDA:197,21,1,4
BRDA:199,22,0,1
BRDA:199,22,1,3
BRDA:205,23,0,1
BRDA:226,24,0,1
BRDA:228,25,0,1
BRDA:228,25,1,0
BRDA:231,26,0,1
BRDA:235,27,0,1
BRDA:237,28,0,1
BRDA:237,28,1,0
BRDA:248,29,0,14
BRDA:248,29,1,14
BRDA:248,29,2,10
BRDA:264,30,0,0
BRDA:273,31,0,10
BRDA:274,32,0,3
BRDA:275,33,0,1
BRDA:275,34,0,3
BRDA:275,34,1,1
BRDA:283,35,0,10
BRDA:283,35,1,1
BRDA:287,36,0,7
BRDA:287,36,1,3
BRDA:291,37,0,7
BRDA:292,38,0,1
BRDA:292,39,0,7
BRDA:292,39,1,7
BRDA:300,40,0,0
BRDA:300,41,0,3
BRDA:300,41,1,2
BRDA:308,42,0,22
BRDA:308,42,1,0
BRDA:312,43,0,22
BRDA:312,43,1,0
BRDA:321,44,0,0
BRDA:322,45,0,0
BRDA:353,46,0,10
BRDA:353,47,0,10
BRDA:353,47,1,10
BRDA:359,48,0,1
BRDA:359,49,0,15
BRDA:359,49,1,15
BRDA:368,50,0,22
BRDA:368,50,1,22
BRF:72
BRH:61
end_of_record
TN:
SF:src\lib\display\validation-display.config-resolver.ts
FN:32,mergeDisplayClasses
FN:41,(anonymous_1)
FN:51,classesFromLegacyConfig
FN:73,resolveRequiredIndicator
FN:91,resolvePreset
FN:112,resolveValidationDisplayConfig
FN:143,getResolvedClassMap
FNF:7
FNH:7
FNDA:60,mergeDisplayClasses
FNDA:118,(anonymous_1)
FNDA:58,classesFromLegacyConfig
FNDA:58,resolveRequiredIndicator
FNDA:79,resolvePreset
FNDA:26,resolveValidationDisplayConfig
FNDA:33,getResolvedClassMap
DA:15,1
DA:21,1
DA:27,1
DA:36,60
DA:37,1
DA:40,59
DA:41,59
DA:42,118
DA:43,118
DA:44,115
DA:47,59
DA:55,58
DA:57,58
DA:58,18
DA:60,58
DA:61,18
DA:63,58
DA:64,18
DA:66,58
DA:67,18
DA:70,58
DA:77,58
DA:79,58
DA:92,79
DA:93,68
DA:96,11
DA:97,1
DA:100,10
DA:102,2
DA:105,8
DA:106,2
DA:109,6
DA:115,26
DA:117,26
DA:118,2
DA:122,24
DA:126,24
DA:127,24
DA:129,24
DA:144,33
DA:146,33
DA:150,33
LF:42
LH:42
BRDA:36,0,0,1
BRDA:43,1,0,115
BRDA:43,2,0,118
BRDA:43,2,1,117
BRDA:43,2,2,116
BRDA:57,3,0,18
BRDA:60,4,0,18
BRDA:63,5,0,18
BRDA:66,6,0,18
BRDA:77,7,0,58
BRDA:77,7,1,36
BRDA:80,8,0,58
BRDA:80,8,1,0
BRDA:81,9,0,58
BRDA:81,9,1,40
BRDA:81,9,2,4
BRDA:81,9,3,0
BRDA:83,10,0,58
BRDA:83,10,1,40
BRDA:83,10,2,3
BRDA:83,10,3,0
BRDA:87,11,0,58
BRDA:87,11,1,56
BRDA:92,12,0,68
BRDA:96,13,0,1
BRDA:100,14,0,2
BRDA:100,15,0,10
BRDA:100,15,1,9
BRDA:105,16,0,2
BRDA:105,17,0,8
BRDA:105,17,1,7
BRDA:109,18,0,6
BRDA:109,18,1,5
BRDA:113,19,0,0
BRDA:117,20,0,2
BRDA:122,21,0,6
BRDA:122,21,1,18
BRDA:123,22,0,5
BRDA:123,22,1,13
BRDA:139,23,0,24
BRDA:139,23,1,16
BRDA:146,24,0,11
BRDA:146,24,1,22
BRDA:147,25,0,6
BRDA:147,25,1,16
BRF:45
BRH:41
end_of_record
TN:
SF:src\lib\display\validation-display.constants.ts
FNF:0
FNH:0
DA:4,1
DA:14,1
DA:23,1
DA:32,1
DA:41,1
DA:52,1
DA:54,1
LF:7
LH:7
BRF:0
BRH:0
end_of_record
TN:
SF:src\lib\display\validation-display.factory.ts
FN:9,createValidationDisplayStrategy
FNF:1
FNH:1
FNDA:13,createValidationDisplayStrategy
DA:12,13
DA:14,13
DA:15,1
DA:18,12
DA:20,12
DA:22,3
DA:24,2
DA:26,2
DA:28,2
DA:31,3
LF:10
LH:10
BRDA:12,0,0,13
BRDA:12,0,1,1
BRDA:14,1,0,1
BRDA:20,2,0,3
BRDA:20,2,1,2
BRDA:20,2,2,2
BRDA:20,2,3,2
BRDA:20,2,4,3
BRDA:20,2,5,3
BRF:9
BRH:9
end_of_record
TN:
SF:src\lib\display\examples\prime-ng-display.example.ts
FN:32,(anonymous_0)
FNF:1
FNH:1
FNDA:1,(anonymous_0)
DA:15,1
DA:30,1
DA:33,1
LF:3
LH:3
BRF:0
BRH:0
end_of_record
TN:
SF:src\lib\interfaces\validation-display.interface.ts
FN:62,defineValidationDisplayClasses
FNF:1
FNH:1
FNDA:2,defineValidationDisplayClasses
DA:65,2
LF:1
LH:1
BRF:0
BRH:0
end_of_record
TN:
SF:src\lib\parser\expression-parser.ts
FN:3,(anonymous_0)
FN:4,(anonymous_1)
FN:5,(anonymous_2)
FN:6,(anonymous_3)
FN:7,(anonymous_4)
FN:11,bindingSourceSpan
FN:26,(anonymous_6)
FN:33,(anonymous_7)
FN:39,(anonymous_8)
FN:43,(anonymous_9)
FN:48,(anonymous_10)
FN:60,(anonymous_11)
FN:68,(anonymous_12)
FN:72,(anonymous_13)
FN:81,(anonymous_14)
FN:92,(anonymous_15)
FN:100,(anonymous_16)
FN:111,(anonymous_17)
FN:142,(anonymous_18)
FN:152,(anonymous_19)
FN:165,(anonymous_20)
FN:190,(anonymous_21)
FN:212,(anonymous_22)
FN:239,(anonymous_23)
FN:247,(anonymous_24)
FN:251,(anonymous_25)
FN:259,(anonymous_26)
FN:263,(anonymous_27)
FN:267,(anonymous_28)
FN:278,$parse
FNF:30
FNH:30
FNDA:32,(anonymous_0)
FNDA:2,(anonymous_1)
FNDA:2,(anonymous_2)
FNDA:1,(anonymous_3)
FNDA:3,(anonymous_4)
FNDA:16,bindingSourceSpan
FNDA:15,(anonymous_6)
FNDA:54,(anonymous_7)
FNDA:25,(anonymous_8)
FNDA:2,(anonymous_9)
FNDA:1,(anonymous_10)
FNDA:1,(anonymous_11)
FNDA:2,(anonymous_12)
FNDA:28,(anonymous_13)
FNDA:1,(anonymous_14)
FNDA:2,(anonymous_15)
FNDA:3,(anonymous_16)
FNDA:2,(anonymous_17)
FNDA:1,(anonymous_18)
FNDA:6,(anonymous_19)
FNDA:1,(anonymous_20)
FNDA:1,(anonymous_21)
FNDA:68,(anonymous_22)
FNDA:15,(anonymous_23)
FNDA:15,(anonymous_24)
FNDA:15,(anonymous_25)
FNDA:15,(anonymous_26)
FNDA:15,(anonymous_27)
FNDA:15,(anonymous_28)
FNDA:30,$parse
DA:3,32
DA:4,2
DA:5,2
DA:6,1
DA:7,1
DA:9,1
DA:12,16
DA:13,16
DA:14,16
DA:15,16
DA:27,15
DA:28,15
DA:29,15
DA:30,15
DA:34,54
DA:35,54
DA:36,54
DA:40,25
DA:44,2
DA:45,2
DA:49,1
DA:50,1
DA:51,1
DA:52,1
DA:53,1
DA:54,2
DA:56,1
DA:57,1
DA:61,1
DA:62,1
DA:63,1
DA:64,1
DA:65,1
DA:66,2
DA:68,2
DA:69,1
DA:73,28
DA:74,28
DA:75,28
DA:76,28
DA:77,28
DA:78,28
DA:82,1
DA:83,1
DA:84,1
DA:86,1
DA:87,1
DA:88,1
DA:89,1
DA:93,2
DA:94,2
DA:95,2
DA:96,2
DA:97,2
DA:101,3
DA:102,3
DA:103,3
DA:104,3
DA:105,3
DA:106,3
DA:107,3
DA:108,3
DA:112,2
DA:113,2
DA:114,2
DA:115,2
DA:116,2
DA:117,2
DA:119,2
DA:121,2
DA:122,1
DA:130,1
DA:138,2
DA:139,2
DA:143,1
DA:144,1
DA:145,1
DA:146,1
DA:147,1
DA:148,1
DA:149,1
DA:153,6
DA:154,6
DA:155,6
DA:156,3
DA:158,3
DA:159,2
DA:162,1
DA:166,1
DA:167,1
DA:168,1
DA:169,1
DA:170,1
DA:171,1
DA:172,1
DA:173,1
DA:174,1
DA:176,1
DA:186,1
DA:187,1
DA:191,1
DA:192,1
DA:193,1
DA:194,1
DA:195,1
DA:197,1
DA:201,1
DA:202,1
DA:203,1
DA:204,1
DA:206,0
DA:207,0
DA:209,1
DA:213,68
DA:214,68
DA:216,68
DA:217,25
DA:218,43
DA:219,2
DA:220,41
DA:221,1
DA:222,40
DA:223,1
DA:224,39
DA:225,28
DA:226,11
DA:227,1
DA:228,10
DA:229,2
DA:230,8
DA:231,6
DA:232,2
DA:233,1
DA:234,1
DA:235,1
DA:240,15
DA:241,15
DA:248,15
DA:252,15
DA:254,15
DA:256,15
DA:260,15
DA:264,15
DA:268,15
DA:269,15
DA:271,15
DA:272,15
DA:273,15
DA:274,15
DA:280,30
DA:281,1
DA:284,29
DA:286,29
DA:287,1
DA:290,28
DA:292,28
DA:293,12
DA:296,16
DA:297,16
DA:300,16
DA:301,1
DA:302,1
DA:304,15
DA:305,15
DA:306,15
DA:308,16
DA:310,16
LF:167
LH:165
BRDA:4,0,0,1
BRDA:4,0,1,1
BRDA:5,1,0,1
BRDA:5,1,1,1
BRDA:5,2,0,0
BRDA:5,2,1,1
BRDA:45,3,0,0
BRDA:45,3,1,2
BRDA:86,4,0,1
BRDA:86,4,1,0
BRDA:106,5,0,2
BRDA:106,5,1,1
BRDA:121,6,0,1
BRDA:121,6,1,1
BRDA:155,7,0,3
BRDA:155,8,0,6
BRDA:155,8,1,4
BRDA:158,9,0,2
BRDA:158,10,0,3
BRDA:158,10,1,2
BRDA:201,11,0,1
BRDA:201,11,1,0
BRDA:214,12,0,68
BRDA:214,12,1,64
BRDA:216,13,0,25
BRDA:216,13,1,43
BRDA:218,14,0,2
BRDA:218,14,1,41
BRDA:220,15,0,1
BRDA:220,15,1,40
BRDA:222,16,0,1
BRDA:222,16,1,39
BRDA:224,17,0,28
BRDA:224,17,1,11
BRDA:226,18,0,1
BRDA:226,18,1,10
BRDA:228,19,0,2
BRDA:228,19,1,8
BRDA:230,20,0,6
BRDA:230,20,1,2
BRDA:232,21,0,1
BRDA:232,21,1,1
BRDA:234,22,0,1
BRDA:280,23,0,1
BRDA:286,24,0,1
BRDA:292,25,0,12
BRDA:300,26,0,1
BRDA:300,26,1,15
BRF:48
BRH:44
end_of_record
TN:
SF:src\lib\providers\validation-display.providers.ts
FN:15,provideValidationDisplay
FN:29,provideBootstrapValidationDisplay
FN:36,provideMaterialValidationDisplay
FN:43,provideTailwindValidationDisplay
FN:50,provideGenericValidationDisplay
FN:57,provideAutoValidationDisplay
FN:68,provideCustomValidationDisplay
FNF:7
FNH:7
FNDA:8,provideValidationDisplay
FNDA:1,provideBootstrapValidationDisplay
FNDA:1,provideMaterialValidationDisplay
FNDA:1,provideTailwindValidationDisplay
FNDA:1,provideGenericValidationDisplay
FNDA:1,provideAutoValidationDisplay
FNDA:2,provideCustomValidationDisplay
DA:16,8
DA:18,8
DA:32,1
DA:39,1
DA:46,1
DA:53,1
DA:60,1
DA:72,2
DA:74,2
DA:78,2
LF:10
LH:10
BRDA:15,0,0,1
BRDA:30,1,0,1
BRDA:37,2,0,1
BRDA:44,3,0,1
BRDA:51,4,0,1
BRDA:58,5,0,1
BRDA:70,6,0,1
BRDA:74,7,0,1
BRDA:74,7,1,1
BRF:9
BRH:9
end_of_record
TN:
SF:src\lib\services\validation-provider.service.ts
FN:27,(anonymous_0)
FN:31,(anonymous_1)
FN:42,(anonymous_2)
FN:47,(anonymous_3)
FN:52,(anonymous_4)
FN:56,(anonymous_5)
FN:60,(anonymous_6)
FN:65,(anonymous_7)
FN:69,(anonymous_8)
FN:84,(anonymous_9)
FN:79,(anonymous_10)
FN:98,(anonymous_11)
FN:102,(anonymous_12)
FN:104,(anonymous_13)
FN:109,(anonymous_14)
FN:119,(anonymous_15)
FN:121,(anonymous_16)
FN:122,(anonymous_17)
FN:132,(anonymous_18)
FN:147,(anonymous_19)
FN:148,(anonymous_20)
FN:158,(anonymous_21)
FN:166,(anonymous_22)
FN:168,(anonymous_23)
FN:177,(anonymous_24)
FN:183,(anonymous_25)
FN:184,(anonymous_26)
FN:196,(anonymous_27)
FN:207,(anonymous_28)
FN:211,(anonymous_29)
FN:216,(anonymous_30)
FN:220,(anonymous_31)
FN:224,(anonymous_32)
FN:228,(anonymous_33)
FNF:34
FNH:34
FNDA:31,(anonymous_0)
FNDA:21,(anonymous_1)
FNDA:1,(anonymous_2)
FNDA:1,(anonymous_3)
FNDA:1,(anonymous_4)
FNDA:1,(anonymous_5)
FNDA:6,(anonymous_6)
FNDA:10,(anonymous_7)
FNDA:42,(anonymous_8)
FNDA:43,(anonymous_9)
FNDA:55,(anonymous_10)
FNDA:19,(anonymous_11)
FNDA:19,(anonymous_12)
FNDA:11,(anonymous_13)
FNDA:15,(anonymous_14)
FNDA:5,(anonymous_15)
FNDA:9,(anonymous_16)
FNDA:5,(anonymous_17)
FNDA:4,(anonymous_18)
FNDA:4,(anonymous_19)
FNDA:4,(anonymous_20)
FNDA:1,(anonymous_21)
FNDA:2,(anonymous_22)
FNDA:1,(anonymous_23)
FNDA:5,(anonymous_24)
FNDA:4,(anonymous_25)
FNDA:5,(anonymous_26)
FNDA:5,(anonymous_27)
FNDA:1,(anonymous_28)
FNDA:1,(anonymous_29)
FNDA:1,(anonymous_30)
FNDA:1,(anonymous_31)
FNDA:1,(anonymous_32)
FNDA:2,(anonymous_33)
DA:18,1
DA:19,31
DA:20,31
DA:21,31
DA:22,31
DA:24,31
DA:25,31
DA:28,31
DA:31,31
DA:32,21
DA:34,21
DA:35,1
DA:36,1
DA:38,20
DA:42,31
DA:43,1
DA:44,1
DA:47,31
DA:48,1
DA:49,1
DA:52,31
DA:53,1
DA:56,31
DA:57,1
DA:60,31
DA:61,6
DA:65,31
DA:66,10
DA:69,42
DA:80,55
DA:81,55
DA:84,31
DA:85,43
DA:86,43
DA:88,43
DA:89,1
DA:92,42
DA:93,42
DA:95,42
DA:99,19
DA:103,19
DA:104,11
DA:110,15
DA:111,15
DA:112,2
DA:115,13
DA:116,13
DA:120,5
DA:121,9
DA:123,5
DA:137,4
DA:138,4
DA:139,4
DA:140,4
DA:142,4
DA:143,1
DA:146,4
DA:147,4
DA:149,4
DA:150,4
DA:151,3
DA:153,4
DA:163,1
DA:165,1
DA:166,2
DA:169,1
DA:170,1
DA:172,1
DA:178,5
DA:179,5
DA:180,1
DA:183,4
DA:184,4
DA:185,5
DA:186,5
DA:187,1
DA:189,4
DA:190,4
DA:191,4
DA:195,4
DA:196,5
DA:199,4
DA:208,1
DA:212,1
DA:213,1
DA:214,1
DA:216,1
DA:217,1
DA:220,1
DA:221,1
DA:224,1
DA:225,1
DA:228,1
DA:229,2
DA:230,1
DA:234,1
LF:96
LH:96
BRDA:34,0,0,1
BRDA:88,1,0,1
BRDA:110,2,0,15
BRDA:110,2,1,3
BRDA:111,3,0,2
BRDA:111,4,0,15
BRDA:111,4,1,14
BRDA:116,5,0,13
BRDA:116,5,1,1
BRDA:119,6,0,1
BRDA:126,7,0,5
BRDA:126,7,1,2
BRDA:138,8,0,4
BRDA:138,8,1,3
BRDA:139,9,0,4
BRDA:139,9,1,1
BRDA:140,10,0,4
BRDA:140,10,1,2
BRDA:142,11,0,1
BRDA:150,12,0,3
BRDA:169,13,0,1
BRDA:179,14,0,1
BRDA:183,15,0,4
BRDA:183,15,1,1
BRDA:186,16,0,1
BRDA:187,17,0,1
BRDA:187,17,1,0
BRDA:190,18,0,3
BRDA:190,18,1,1
BRDA:190,19,0,1
BRDA:190,19,1,1
BRDA:202,20,0,4
BRDA:202,20,1,1
BRDA:229,21,0,1
BRF:34
BRH:33
end_of_record
TN:
SF:src\lib\strategies\bootstrap-validation-display.strategy.ts
FN:27,(anonymous_0)
FN:37,(anonymous_1)
FN:61,(anonymous_2)
FN:65,(anonymous_3)
FN:78,(anonymous_4)
FN:95,(anonymous_5)
FN:106,(anonymous_6)
FN:115,(anonymous_7)
FN:125,(anonymous_8)
FN:156,(anonymous_9)
FN:169,(anonymous_10)
FN:170,(anonymous_11)
FN:175,(anonymous_12)
FN:180,(anonymous_13)
FN:194,(anonymous_14)
FN:199,(anonymous_15)
FN:213,(anonymous_16)
FN:224,(anonymous_17)
FN:228,(anonymous_18)
FN:238,(anonymous_19)
FNF:20
FNH:20
FNDA:11,(anonymous_0)
FNDA:6,(anonymous_1)
FNDA:4,(anonymous_2)
FNDA:8,(anonymous_3)
FNDA:4,(anonymous_4)
FNDA:3,(anonymous_5)
FNDA:2,(anonymous_6)
FNDA:7,(anonymous_7)
FNDA:1,(anonymous_8)
FNDA:3,(anonymous_9)
FNDA:2,(anonymous_10)
FNDA:1,(anonymous_11)
FNDA:2,(anonymous_12)
FNDA:2,(anonymous_13)
FNDA:2,(anonymous_14)
FNDA:2,(anonymous_15)
FNDA:11,(anonymous_16)
FNDA:7,(anonymous_17)
FNDA:2,(anonymous_18)
FNDA:7,(anonymous_19)
DA:28,11
DA:29,11
DA:30,11
DA:34,11
DA:38,6
DA:40,6
DA:41,1
DA:44,5
DA:46,5
DA:47,1
DA:49,4
DA:50,1
DA:52,3
DA:53,1
DA:55,2
DA:56,1
DA:58,1
DA:62,4
DA:66,8
DA:67,8
DA:68,2
DA:71,6
DA:83,4
DA:84,1
DA:85,1
DA:88,3
DA:89,3
DA:90,1
DA:93,2
DA:95,2
DA:96,3
DA:97,3
DA:98,3
DA:99,3
DA:100,3
DA:103,2
DA:107,2
DA:108,2
DA:109,2
DA:112,2
DA:120,7
DA:121,7
DA:122,1
DA:125,6
DA:126,1
DA:129,6
DA:131,6
DA:132,1
DA:135,5
DA:136,1
DA:137,1
DA:140,4
DA:141,1
DA:142,1
DA:145,3
DA:146,1
DA:149,2
DA:150,2
DA:151,2
DA:152,2
DA:153,2
DA:157,3
DA:158,3
DA:159,2
DA:162,1
DA:163,1
DA:164,1
DA:165,1
DA:166,1
DA:170,2
DA:171,1
DA:176,2
DA:177,1
DA:178,1
DA:179,1
DA:180,1
DA:181,2
DA:182,2
DA:183,2
DA:184,2
DA:187,1
DA:190,1
DA:191,1
DA:195,2
DA:196,1
DA:197,1
DA:198,1
DA:199,1
DA:200,2
DA:201,2
DA:202,2
DA:203,2
DA:206,1
DA:209,1
DA:210,1
DA:214,11
DA:216,11
DA:217,3
DA:220,8
DA:225,7
DA:229,2
DA:230,2
DA:235,0
DA:239,7
DA:241,7
DA:242,1
DA:245,6
DA:246,6
DA:247,5
DA:248,5
DA:249,5
DA:253,1
DA:254,1
DA:255,0
DA:258,1
DA:259,1
DA:260,0
DA:263,1
LF:118
LH:115
BRDA:27,0,0,4
BRDA:34,1,0,11
BRDA:34,1,1,7
BRDA:40,2,0,1
BRDA:44,3,0,5
BRDA:44,3,1,3
BRDA:46,4,0,1
BRDA:49,5,0,1
BRDA:52,6,0,1
BRDA:55,7,0,1
BRDA:62,8,0,4
BRDA:62,8,1,3
BRDA:67,9,0,2
BRDA:83,10,0,1
BRDA:89,11,0,1
BRDA:108,12,0,2
BRDA:121,13,0,1
BRDA:131,14,0,1
BRDA:135,15,0,1
BRDA:136,16,0,1
BRDA:136,16,1,0
BRDA:140,17,0,1
BRDA:141,18,0,1
BRDA:141,18,1,0
BRDA:145,19,0,1
BRDA:150,20,0,2
BRDA:150,20,1,0
BRDA:152,21,0,2
BRDA:152,21,1,0
BRDA:158,22,0,2
BRDA:176,23,0,1
BRDA:183,24,0,2
BRDA:195,25,0,1
BRDA:202,26,0,2
BRDA:216,27,0,3
BRDA:220,28,0,8
BRDA:220,28,1,4
BRDA:229,29,0,2
BRDA:241,30,0,1
BRDA:246,31,0,5
BRDA:248,32,0,5
BRDA:254,33,0,0
BRDA:259,34,0,0
BRF:43
BRH:37
end_of_record
TN:
SF:src\lib\strategies\default-validation-display.strategy.ts
FN:17,(anonymous_0)
FN:24,(anonymous_1)
FN:28,(anonymous_2)
FN:32,(anonymous_3)
FN:36,(anonymous_4)
FN:44,(anonymous_5)
FN:48,(anonymous_6)
FN:56,(anonymous_7)
FN:63,(anonymous_8)
FNF:9
FNH:9
FNDA:7,(anonymous_0)
FNDA:2,(anonymous_1)
FNDA:1,(anonymous_2)
FNDA:1,(anonymous_3)
FNDA:3,(anonymous_4)
FNDA:1,(anonymous_5)
FNDA:1,(anonymous_6)
FNDA:9,(anonymous_7)
FNDA:8,(anonymous_8)
DA:18,7
DA:19,7
DA:20,7
DA:21,7
DA:25,2
DA:29,1
DA:33,1
DA:41,3
DA:45,1
DA:53,1
DA:57,9
DA:58,7
DA:60,2
DA:64,8
DA:65,8
DA:66,24
DA:67,24
DA:73,6
DA:75,18
DA:77,2
LF:20
LH:20
BRDA:17,0,0,2
BRDA:19,1,0,1
BRDA:19,1,1,6
BRDA:19,2,0,7
BRDA:19,2,1,6
BRDA:57,3,0,7
BRDA:57,4,0,9
BRDA:57,4,1,8
BRDA:65,5,0,26
BRDA:65,5,1,26
BRDA:67,6,0,6
BRDA:68,7,0,24
BRDA:68,7,1,19
BRDA:68,7,2,18
BRDA:68,7,3,18
BRF:15
BRH:15
end_of_record
TN:
SF:src\lib\strategies\generic-validation-display.strategy.ts
FN:32,(anonymous_0)
FN:42,(anonymous_1)
FN:66,(anonymous_2)
FN:70,(anonymous_3)
FN:79,(anonymous_4)
FN:95,(anonymous_5)
FN:107,(anonymous_6)
FN:116,(anonymous_7)
FN:126,(anonymous_8)
FN:140,(anonymous_9)
FN:142,(anonymous_10)
FN:171,(anonymous_11)
FN:173,(anonymous_12)
FN:203,(anonymous_13)
FN:222,(anonymous_14)
FN:231,(anonymous_15)
FN:239,(anonymous_16)
FN:247,(anonymous_17)
FN:263,(anonymous_18)
FNF:19
FNH:19
FNDA:15,(anonymous_0)
FNDA:7,(anonymous_1)
FNDA:2,(anonymous_2)
FNDA:16,(anonymous_3)
FNDA:8,(anonymous_4)
FNDA:7,(anonymous_5)
FNDA:11,(anonymous_6)
FNDA:5,(anonymous_7)
FNDA:1,(anonymous_8)
FNDA:6,(anonymous_9)
FNDA:4,(anonymous_10)
FNDA:11,(anonymous_11)
FNDA:8,(anonymous_12)
FNDA:8,(anonymous_13)
FNDA:20,(anonymous_14)
FNDA:24,(anonymous_15)
FNDA:20,(anonymous_16)
FNDA:6,(anonymous_17)
FNDA:5,(anonymous_18)
DA:33,15
DA:34,15
DA:35,15
DA:39,15
DA:43,7
DA:45,7
DA:46,1
DA:49,6
DA:51,6
DA:52,1
DA:54,5
DA:55,1
DA:57,4
DA:58,1
DA:60,3
DA:61,1
DA:63,2
DA:67,2
DA:71,16
DA:72,16
DA:73,2
DA:76,14
DA:84,8
DA:86,8
DA:87,1
DA:90,7
DA:91,7
DA:92,1
DA:95,6
DA:96,7
DA:97,7
DA:98,7
DA:99,7
DA:100,7
DA:101,7
DA:104,6
DA:108,11
DA:109,11
DA:110,4
DA:113,11
DA:121,5
DA:122,5
DA:123,1
DA:126,4
DA:127,1
DA:130,4
DA:131,2
DA:132,2
DA:133,2
DA:134,2
DA:135,2
DA:136,2
DA:141,6
DA:142,2
DA:143,4
DA:144,4
DA:145,4
DA:146,2
DA:149,2
DA:150,2
DA:151,1
DA:152,1
DA:154,2
DA:157,4
DA:158,1
DA:159,1
DA:160,1
DA:161,1
DA:163,1
DA:164,1
DA:167,3
DA:168,3
DA:172,11
DA:173,4
DA:174,8
DA:175,8
DA:176,8
DA:177,8
DA:178,4
DA:181,4
DA:182,4
DA:183,2
DA:184,2
DA:186,4
DA:189,7
DA:190,2
DA:191,2
DA:192,2
DA:193,2
DA:195,2
DA:196,2
DA:199,5
DA:200,5
DA:204,8
DA:205,8
DA:206,2
DA:209,6
DA:210,6
DA:211,6
DA:213,6
DA:214,2
DA:215,2
DA:218,4
DA:219,4
DA:223,20
DA:224,6
DA:227,14
DA:228,14
DA:232,24
DA:233,6
DA:236,18
DA:240,20
DA:241,10
DA:244,10
DA:248,6
DA:249,6
DA:250,3
DA:253,3
DA:254,3
DA:255,0
DA:258,3
DA:264,5
DA:266,5
DA:267,2
DA:268,2
DA:269,1
DA:270,1
DA:271,1
DA:276,4
DA:277,4
DA:278,2
DA:279,2
DA:280,2
DA:284,2
DA:285,2
DA:286,1
DA:289,1
DA:290,1
DA:291,0
DA:292,0
DA:293,0
DA:295,0
DA:296,0
DA:297,0
DA:299,0
DA:300,0
DA:303,1
LF:147
LH:138
BRDA:32,0,0,3
BRDA:39,1,0,15
BRDA:39,1,1,9
BRDA:45,2,0,1
BRDA:49,3,0,6
BRDA:49,3,1,4
BRDA:51,4,0,1
BRDA:54,5,0,1
BRDA:57,6,0,1
BRDA:60,7,0,1
BRDA:67,8,0,2
BRDA:67,8,1,1
BRDA:72,9,0,2
BRDA:86,10,0,1
BRDA:91,11,0,1
BRDA:109,12,0,4
BRDA:122,13,0,1
BRDA:130,14,0,2
BRDA:130,15,0,4
BRDA:130,15,1,3
BRDA:132,16,0,2
BRDA:132,16,1,0
BRDA:135,17,0,2
BRDA:135,17,1,0
BRDA:141,18,0,2
BRDA:141,19,0,6
BRDA:141,19,1,5
BRDA:145,20,0,2
BRDA:150,21,0,1
BRDA:157,22,0,1
BRDA:160,23,0,1
BRDA:172,24,0,4
BRDA:172,25,0,11
BRDA:172,25,1,9
BRDA:177,26,0,4
BRDA:182,27,0,2
BRDA:189,28,0,2
BRDA:192,29,0,2
BRDA:205,30,0,2
BRDA:213,31,0,2
BRDA:213,32,0,6
BRDA:213,32,1,5
BRDA:223,33,0,6
BRDA:223,34,0,20
BRDA:223,34,1,17
BRDA:228,35,0,14
BRDA:228,35,1,0
BRDA:232,36,0,6
BRDA:232,37,0,24
BRDA:232,37,1,21
BRDA:233,38,0,6
BRDA:233,38,1,3
BRDA:240,39,0,10
BRDA:249,40,0,3
BRDA:254,41,0,0
BRDA:266,42,0,2
BRDA:266,43,0,5
BRDA:266,43,1,4
BRDA:268,44,0,1
BRDA:270,45,0,1
BRDA:277,46,0,2
BRDA:277,47,0,4
BRDA:277,47,1,2
BRDA:279,48,0,2
BRDA:285,49,0,1
BRDA:290,50,0,0
BRDA:292,51,0,0
BRDA:296,52,0,0
BRF:68
BRH:61
end_of_record
TN:
SF:src\lib\strategies\material-validation-display.strategy.ts
FN:22,(anonymous_0)
FN:28,(anonymous_1)
FN:72,(anonymous_2)
FN:89,(anonymous_3)
FN:111,(anonymous_4)
FN:133,(anonymous_5)
FN:142,(anonymous_6)
FN:160,(anonymous_7)
FN:171,(anonymous_8)
FN:172,(anonymous_9)
FN:192,(anonymous_10)
FN:213,(anonymous_11)
FN:239,(anonymous_12)
FN:259,(anonymous_13)
FN:271,(anonymous_14)
FN:284,(anonymous_15)
FN:293,(anonymous_16)
FN:302,(anonymous_17)
FN:312,(anonymous_18)
FN:319,(anonymous_19)
FN:324,(anonymous_20)
FN:331,(anonymous_21)
FN:335,(anonymous_22)
FN:342,(anonymous_23)
FN:351,(anonymous_24)
FN:352,(anonymous_25)
FN:370,(anonymous_26)
FN:371,(anonymous_27)
FN:389,(anonymous_28)
FN:400,(anonymous_29)
FN:426,(anonymous_30)
FNF:31
FNH:31
FNDA:15,(anonymous_0)
FNDA:14,(anonymous_1)
FNDA:10,(anonymous_2)
FNDA:6,(anonymous_3)
FNDA:7,(anonymous_4)
FNDA:6,(anonymous_5)
FNDA:6,(anonymous_6)
FNDA:6,(anonymous_7)
FNDA:5,(anonymous_8)
FNDA:1,(anonymous_9)
FNDA:2,(anonymous_10)
FNDA:6,(anonymous_11)
FNDA:6,(anonymous_12)
FNDA:18,(anonymous_13)
FNDA:26,(anonymous_14)
FNDA:6,(anonymous_15)
FNDA:6,(anonymous_16)
FNDA:7,(anonymous_17)
FNDA:3,(anonymous_18)
FNDA:2,(anonymous_19)
FNDA:1,(anonymous_20)
FNDA:2,(anonymous_21)
FNDA:2,(anonymous_22)
FNDA:4,(anonymous_23)
FNDA:5,(anonymous_24)
FNDA:10,(anonymous_25)
FNDA:4,(anonymous_26)
FNDA:8,(anonymous_27)
FNDA:9,(anonymous_28)
FNDA:5,(anonymous_29)
FNDA:6,(anonymous_30)
DA:11,1
DA:23,15
DA:24,15
DA:25,15
DA:26,15
DA:29,14
DA:31,14
DA:32,1
DA:34,13
DA:35,1
DA:37,12
DA:38,1
DA:40,11
DA:41,1
DA:43,10
DA:44,1
DA:46,9
DA:47,1
DA:49,8
DA:50,1
DA:52,7
DA:53,1
DA:56,6
DA:57,6
DA:58,1
DA:60,5
DA:61,1
DA:63,4
DA:64,1
DA:66,3
DA:67,1
DA:69,2
DA:73,10
DA:74,1
DA:77,9
DA:78,1
DA:81,8
DA:82,8
DA:83,2
DA:86,6
DA:90,6
DA:91,0
DA:92,0
DA:93,0
DA:96,0
DA:99,6
DA:100,6
DA:101,1
DA:104,5
DA:116,7
DA:117,1
DA:118,1
DA:121,6
DA:122,2
DA:125,6
DA:126,6
DA:127,6
DA:128,1
DA:131,5
DA:133,5
DA:134,6
DA:135,6
DA:136,6
DA:139,5
DA:143,6
DA:144,6
DA:145,2
DA:148,4
DA:149,2
DA:151,2
DA:152,2
DA:153,2
DA:157,4
DA:165,6
DA:166,6
DA:167,1
DA:170,5
DA:171,5
DA:172,5
DA:173,1
DA:176,5
DA:177,4
DA:178,4
DA:179,4
DA:180,4
DA:181,4
DA:182,4
DA:183,4
DA:184,4
DA:185,4
DA:186,1
DA:187,1
DA:197,2
DA:198,2
DA:199,0
DA:202,2
DA:203,2
DA:204,1
DA:205,1
DA:206,1
DA:207,1
DA:210,2
DA:214,6
DA:215,6
DA:216,2
DA:219,4
DA:220,4
DA:221,1
DA:224,3
DA:225,3
DA:226,3
DA:227,3
DA:228,3
DA:229,3
DA:230,3
DA:233,3
DA:234,3
DA:235,3
DA:236,3
DA:240,6
DA:242,6
DA:243,3
DA:244,3
DA:249,3
DA:250,3
DA:251,3
DA:256,0
DA:260,18
DA:261,3
DA:264,15
DA:265,3
DA:268,12
DA:272,26
DA:274,26
DA:275,45
DA:276,19
DA:278,26
DA:281,7
DA:285,6
DA:286,6
DA:287,6
DA:290,0
DA:294,6
DA:295,6
DA:296,6
DA:299,0
DA:307,7
DA:308,2
DA:309,2
DA:312,5
DA:313,3
DA:314,3
DA:323,2
DA:324,2
DA:325,1
DA:326,1
DA:335,2
DA:336,2
DA:337,2
DA:343,4
DA:344,4
DA:345,0
DA:348,4
DA:352,10
DA:353,5
DA:355,5
DA:356,1
DA:357,1
DA:358,1
DA:362,5
DA:363,1
DA:364,1
DA:365,1
DA:371,8
DA:372,4
DA:374,4
DA:375,1
DA:376,1
DA:377,1
DA:381,4
DA:382,1
DA:383,1
DA:384,1
DA:390,9
DA:392,2
DA:394,2
DA:396,5
DA:401,5
DA:402,3
DA:403,3
DA:404,3
DA:406,0
DA:407,0
DA:410,2
DA:411,1
DA:412,1
DA:415,1
DA:416,1
DA:417,1
DA:418,1
DA:419,1
DA:423,0
DA:427,6
DA:428,2
DA:429,2
DA:430,2
DA:431,1
DA:433,2
DA:434,2
DA:435,2
DA:438,4
DA:439,4
DA:440,4
DA:441,4
DA:442,4
LF:215
LH:203
BRDA:22,0,0,5
BRDA:26,1,0,15
BRDA:26,1,1,9
BRDA:31,2,0,1
BRDA:34,3,0,1
BRDA:37,4,0,1
BRDA:40,5,0,1
BRDA:43,6,0,1
BRDA:46,7,0,1
BRDA:49,8,0,1
BRDA:52,9,0,1
BRDA:56,10,0,6
BRDA:56,10,1,4
BRDA:57,11,0,1
BRDA:60,12,0,1
BRDA:63,13,0,1
BRDA:66,14,0,1
BRDA:73,15,0,1
BRDA:77,16,0,1
BRDA:82,17,0,2
BRDA:90,18,0,0
BRDA:90,19,0,6
BRDA:90,19,1,6
BRDA:92,20,0,0
BRDA:100,21,0,1
BRDA:105,22,0,5
BRDA:105,22,1,0
BRDA:105,22,2,0
BRDA:116,23,0,1
BRDA:121,24,0,2
BRDA:121,25,0,6
BRDA:121,25,1,5
BRDA:127,26,0,1
BRDA:127,27,0,6
BRDA:127,27,1,5
BRDA:144,28,0,2
BRDA:148,29,0,2
BRDA:148,29,1,2
BRDA:148,30,0,4
BRDA:148,30,1,3
BRDA:152,31,0,2
BRDA:166,32,0,1
BRDA:176,33,0,4
BRDA:176,33,1,1
BRDA:186,34,0,1
BRDA:198,35,0,0
BRDA:203,36,0,1
BRDA:215,37,0,2
BRDA:220,38,0,1
BRDA:225,39,0,3
BRDA:242,40,0,3
BRDA:244,41,0,3
BRDA:244,41,1,0
BRDA:244,41,2,0
BRDA:249,42,0,3
BRDA:251,43,0,3
BRDA:251,43,1,0
BRDA:251,43,2,0
BRDA:260,44,0,3
BRDA:264,45,0,3
BRDA:274,46,0,52
BRDA:274,46,1,52
BRDA:275,47,0,19
BRDA:275,48,0,45
BRDA:275,48,1,26
BRDA:286,49,0,6
BRDA:295,50,0,6
BRDA:307,51,0,2
BRDA:307,52,0,7
BRDA:307,52,1,6
BRDA:313,53,0,3
BRDA:325,54,0,1
BRDA:336,55,0,2
BRDA:344,56,0,0
BRDA:355,57,0,1
BRDA:357,58,0,1
BRDA:362,59,0,1
BRDA:364,60,0,1
BRDA:374,61,0,1
BRDA:376,62,0,1
BRDA:381,63,0,1
BRDA:383,64,0,1
BRDA:390,65,0,2
BRDA:390,65,1,2
BRDA:390,65,2,5
BRDA:401,66,0,3
BRDA:401,67,0,5
BRDA:401,67,1,2
BRDA:401,67,2,2
BRDA:403,68,0,3
BRDA:407,69,0,0
BRDA:407,69,1,0
BRDA:410,70,0,1
BRDA:412,71,0,1
BRDA:412,71,1,0
BRDA:415,72,0,1
BRDA:416,73,0,1
BRDA:416,73,1,0
BRDA:418,74,0,1
BRDA:427,75,0,2
BRDA:427,76,0,6
BRDA:427,76,1,5
BRDA:430,77,0,1
BRF:103
BRH:89
end_of_record
TN:
SF:src\lib\strategies\tailwind-validation-display.strategy.ts
FN:31,(anonymous_0)
FN:41,(anonymous_1)
FN:65,(anonymous_2)
FN:69,(anonymous_3)
FN:73,(anonymous_4)
FN:95,(anonymous_5)
FN:101,(anonymous_6)
FN:103,(anonymous_7)
FN:113,(anonymous_8)
FN:124,(anonymous_9)
FN:129,(anonymous_10)
FN:139,(anonymous_11)
FN:170,(anonymous_12)
FN:183,(anonymous_13)
FN:187,(anonymous_14)
FN:192,(anonymous_15)
FN:212,(anonymous_16)
FN:217,(anonymous_17)
FN:237,(anonymous_18)
FN:248,(anonymous_19)
FN:252,(anonymous_20)
FN:261,(anonymous_21)
FN:263,(anonymous_22)
FN:266,(anonymous_23)
FN:276,(anonymous_24)
FNF:25
FNH:25
FNDA:6,(anonymous_0)
FNDA:6,(anonymous_1)
FNDA:1,(anonymous_2)
FNDA:3,(anonymous_3)
FNDA:5,(anonymous_4)
FNDA:1,(anonymous_5)
FNDA:5,(anonymous_6)
FNDA:4,(anonymous_7)
FNDA:3,(anonymous_8)
FNDA:3,(anonymous_9)
FNDA:3,(anonymous_10)
FNDA:4,(anonymous_11)
FNDA:3,(anonymous_12)
FNDA:3,(anonymous_13)
FNDA:4,(anonymous_14)
FNDA:2,(anonymous_15)
FNDA:3,(anonymous_16)
FNDA:2,(anonymous_17)
FNDA:16,(anonymous_18)
FNDA:12,(anonymous_19)
FNDA:3,(anonymous_20)
FNDA:9,(anonymous_21)
FNDA:7,(anonymous_22)
FNDA:2,(anonymous_23)
FNDA:4,(anonymous_24)
DA:32,6
DA:33,6
DA:34,6
DA:38,6
DA:42,6
DA:44,6
DA:45,1
DA:48,5
DA:50,5
DA:51,1
DA:53,4
DA:54,1
DA:56,3
DA:57,1
DA:59,2
DA:60,1
DA:62,1
DA:66,1
DA:70,3
DA:78,5
DA:79,0
DA:80,0
DA:83,5
DA:84,5
DA:85,1
DA:88,4
DA:89,4
DA:90,4
DA:91,4
DA:92,0
DA:95,4
DA:96,1
DA:97,1
DA:101,5
DA:102,4
DA:103,4
DA:106,4
DA:107,1
DA:108,1
DA:111,3
DA:113,3
DA:114,3
DA:115,3
DA:116,3
DA:117,3
DA:118,3
DA:121,3
DA:125,3
DA:126,3
DA:128,3
DA:129,3
DA:130,3
DA:131,3
DA:136,3
DA:144,4
DA:145,4
DA:146,1
DA:149,3
DA:151,3
DA:152,1
DA:153,1
DA:155,1
DA:158,2
DA:159,1
DA:162,1
DA:163,1
DA:164,1
DA:165,1
DA:166,1
DA:167,1
DA:171,3
DA:172,3
DA:173,1
DA:176,2
DA:177,2
DA:178,2
DA:179,2
DA:180,2
DA:184,3
DA:188,4
DA:189,1
DA:190,1
DA:191,1
DA:192,1
DA:193,2
DA:195,1
DA:198,3
DA:199,1
DA:200,1
DA:201,1
DA:202,1
DA:204,1
DA:205,1
DA:208,2
DA:209,2
DA:213,3
DA:214,1
DA:215,1
DA:216,1
DA:217,1
DA:218,2
DA:220,1
DA:223,2
DA:224,1
DA:225,1
DA:226,1
DA:227,1
DA:229,1
DA:230,1
DA:233,1
DA:234,1
DA:238,16
DA:240,16
DA:241,3
DA:244,13
DA:249,12
DA:253,3
DA:254,1
DA:257,2
DA:258,2
DA:262,9
DA:263,7
DA:267,2
DA:268,2
DA:273,0
DA:277,4
DA:279,4
DA:280,0
DA:283,4
DA:284,4
DA:285,3
DA:286,3
DA:287,0
DA:291,4
DA:292,4
DA:293,3
DA:294,3
DA:295,3
DA:299,1
LF:139
LH:133
BRDA:31,0,0,4
BRDA:38,1,0,6
BRDA:38,1,1,4
BRDA:44,2,0,1
BRDA:48,3,0,5
BRDA:48,3,1,3
BRDA:50,4,0,1
BRDA:53,5,0,1
BRDA:56,6,0,1
BRDA:59,7,0,1
BRDA:66,8,0,1
BRDA:66,8,1,1
BRDA:78,9,0,0
BRDA:84,10,0,1
BRDA:90,11,0,4
BRDA:90,11,1,2
BRDA:91,12,0,0
BRDA:96,13,0,1
BRDA:103,14,0,4
BRDA:103,14,1,0
BRDA:106,15,0,1
BRDA:128,16,0,3
BRDA:130,17,0,3
BRDA:145,18,0,1
BRDA:151,19,0,1
BRDA:152,20,0,1
BRDA:158,21,0,1
BRDA:163,22,0,1
BRDA:163,22,1,0
BRDA:166,23,0,1
BRDA:166,23,1,0
BRDA:172,24,0,1
BRDA:188,25,0,1
BRDA:198,26,0,1
BRDA:201,27,0,1
BRDA:213,28,0,1
BRDA:223,29,0,1
BRDA:226,30,0,1
BRDA:240,31,0,3
BRDA:244,32,0,13
BRDA:244,32,1,3
BRDA:253,33,0,1
BRDA:258,34,0,2
BRDA:258,34,1,1
BRDA:267,35,0,2
BRDA:279,36,0,0
BRDA:284,37,0,3
BRDA:286,38,0,0
BRDA:292,39,0,3
BRDA:294,40,0,3
BRF:50
BRH:43
end_of_record
TN:
SF:src\lib\tokens\validation-display-strategy.token.ts
FNF:0
FNH:0
DA:4,1
LF:1
LH:1
BRF:0
BRH:0
end_of_record
TN:
SF:src\lib\tokens\validation-display.token.ts
FNF:0
FNH:0
DA:4,1
LF:1
LH:1
BRF:0
BRH:0
end_of_record
TN:
SF:src\lib\utils\dom.util.ts
FN:3,addClasses
FN:8,(anonymous_1)
FN:13,removeClasses
FN:18,(anonymous_3)
FN:27,findElementByAttribute
FN:36,findAllElementsByAttribute
FN:46,(anonymous_6)
FNF:7
FNH:7
FNDA:56,addClasses
FNDA:74,(anonymous_1)
FNDA:45,removeClasses
FNDA:52,(anonymous_3)
FNDA:10,findElementByAttribute
FNDA:16,findAllElementsByAttribute
FNDA:33,(anonymous_6)
DA:4,56
DA:5,1
DA:8,55
DA:9,74
DA:14,45
DA:15,1
DA:18,44
DA:19,52
DA:32,10
DA:33,10
DA:41,16
DA:45,16
DA:46,33
LF:13
LH:13
BRDA:4,0,0,1
BRDA:14,1,0,1
BRDA:33,2,0,10
BRDA:33,2,1,4
BRDA:41,3,0,15
BRDA:41,3,1,1
BRF:6
BRH:6
end_of_record
