<?xml version="1.0" encoding="UTF-8"?>
<testsuites name="Angular Showcase" tests="76" failures="0" skipped="0" time="4.526">
  <testsuite name="Angular Showcase" tests="76" failures="0" skipped="0" timestamp="2026-08-08T02:30:07.588Z" time="4.526">
    <testcase classname="performance validation policies" name="validates configuration required, numeric, and boundary rules" time="0.358" file="apps/angular-showcase/src/app/components/performance-form/performance-form-builder.service.spec.ts"></testcase>
    <testcase classname="performance validation policies" name="builds the correct validator chain for every generated control type" time="0.001" file="apps/angular-showcase/src/app/components/performance-form/performance-form-builder.service.spec.ts"></testcase>
    <testcase classname="PerformanceFormErrorSummaryComponent" name="toggles summary and individual/all group collapse state" time="0.002" file="apps/angular-showcase/src/app/components/performance-form/performance-components.spec.ts"></testcase>
    <testcase classname="PerformanceFormErrorSummaryComponent" name="groups known sections in configured order and retains unknown/other errors" time="0.001" file="apps/angular-showcase/src/app/components/performance-form/performance-components.spec.ts"></testcase>
    <testcase classname="PerformanceFormErrorSummaryComponent" name="is visible only for show-all state with errors" time="0.000" file="apps/angular-showcase/src/app/components/performance-form/performance-components.spec.ts"></testcase>
    <testcase classname="Angular state-management showcase metadata and policies" name="exposes the same four pages for every supported Angular state strategy" time="0.001" file="apps/angular-showcase/src/app/state-management/angular-state-showcase.component.spec.ts"></testcase>
    <testcase classname="Angular state-management showcase metadata and policies" name="falls back to the template-driven strategy and default dynamic policy sizes" time="0.003" file="apps/angular-showcase/src/app/state-management/angular-state-showcase.component.spec.ts"></testcase>
    <testcase classname="Angular state-management showcase metadata and policies" name="validates the simple profile form and accepts sample data" time="0.002" file="apps/angular-showcase/src/app/state-management/angular-state-showcase.component.spec.ts"></testcase>
    <testcase classname="Angular state-management showcase metadata and policies" name="validates complex enterprise groups, dynamic collections, and conditional policies" time="0.005" file="apps/angular-showcase/src/app/state-management/angular-state-showcase.component.spec.ts"></testcase>
    <testcase classname="showcase validation policies" name="validates every sample-form control and accepts realistic valid values" time="0.002" file="apps/angular-showcase/src/app/application-behavior.spec.ts"></testcase>
    <testcase classname="showcase validation policies" name="validates format and boundary failures in the sample policy" time="0.002" file="apps/angular-showcase/src/app/application-behavior.spec.ts"></testcase>
    <testcase classname="showcase validation policies" name="validates personal and conditionally active shipping and billing paths" time="0.005" file="apps/angular-showcase/src/app/application-behavior.spec.ts"></testcase>
    <testcase classname="showcase models, metadata, pages, and providers" name="constructs form models with independent nested defaults" time="0.002" file="apps/angular-showcase/src/app/application-behavior.spec.ts"></testcase>
    <testcase classname="showcase models, metadata, pages, and providers" name="exposes three framework choices, showcase tabs, navigation, and quick-start steps" time="0.001" file="apps/angular-showcase/src/app/application-behavior.spec.ts"></testcase>
    <testcase classname="showcase models, metadata, pages, and providers" name="provides the display strategy matching each route framework" time="0.014" file="apps/angular-showcase/src/app/application-behavior.spec.ts"></testcase>
    <testcase classname="showcase models, metadata, pages, and providers" name="registers every static policy, form-group mapping, and checkout policy group" time="0.001" file="apps/angular-showcase/src/app/application-behavior.spec.ts"></testcase>
    <testcase classname="showcase models, metadata, pages, and providers" name="selects framework tabs and reacts to route-data changes" time="0.001" file="apps/angular-showcase/src/app/application-behavior.spec.ts"></testcase>
    <testcase classname="sample form components.SampleFormComponent" name="clears values, groups, validation state, and messages" time="0.002" file="apps/angular-showcase/src/app/application-behavior.spec.ts"></testcase>
    <testcase classname="sample form components.SampleFormComponent" name="reports invalid and valid submissions" time="0.002" file="apps/angular-showcase/src/app/application-behavior.spec.ts"></testcase>
    <testcase classname="sample form components.SampleFormTailwindComponent" name="clears values, groups, validation state, and messages" time="0.001" file="apps/angular-showcase/src/app/application-behavior.spec.ts"></testcase>
    <testcase classname="sample form components.SampleFormTailwindComponent" name="reports invalid and valid submissions" time="0.001" file="apps/angular-showcase/src/app/application-behavior.spec.ts"></testcase>
    <testcase classname="sample form components.SampleFormMaterialComponent" name="reports invalid and valid submissions" time="0.001" file="apps/angular-showcase/src/app/application-behavior.spec.ts"></testcase>
    <testcase classname="sample form components.SampleFormMaterialComponent" name="clears values, groups, validation state, and messages" time="0.001" file="apps/angular-showcase/src/app/application-behavior.spec.ts"></testcase>
    <testcase classname="PerformanceFormComponent" name="clears a completed form, rebinds refresh, and ignores clear while busy" time="0.005" file="apps/angular-showcase/src/app/components/performance-form/performance-components.spec.ts"></testcase>
    <testcase classname="PerformanceFormComponent" name="tracks and toggles section collapse state" time="0.004" file="apps/angular-showcase/src/app/components/performance-form/performance-components.spec.ts"></testcase>
    <testcase classname="PerformanceFormComponent" name="binds refresh on init and cleans subscriptions and dynamic registrations on destroy" time="0.003" file="apps/angular-showcase/src/app/components/performance-form/performance-components.spec.ts"></testcase>
    <testcase classname="PerformanceFormComponent" name="fills all sections, validates badges, and reports error/no-error outcomes" time="0.003" file="apps/angular-showcase/src/app/components/performance-form/performance-components.spec.ts"></testcase>
    <testcase classname="PerformanceFormComponent" name="handles submit evaluation errors" time="0.002" file="apps/angular-showcase/src/app/components/performance-form/performance-components.spec.ts"></testcase>
    <testcase classname="PerformanceFormComponent" name="clears all sections only when actions are available" time="0.004" file="apps/angular-showcase/src/app/components/performance-form/performance-components.spec.ts"></testcase>
    <testcase classname="PerformanceFormComponent" name="formats section validation results" time="0.003" file="apps/angular-showcase/src/app/components/performance-form/performance-components.spec.ts"></testcase>
    <testcase classname="PerformanceFormComponent" name="updates per-section rendering progress and ignores stale events" time="0.003" file="apps/angular-showcase/src/app/components/performance-form/performance-components.spec.ts"></testcase>
    <testcase classname="PerformanceFormComponent" name="prompts before generation and reports failed or successful submissions" time="0.004" file="apps/angular-showcase/src/app/components/performance-form/performance-components.spec.ts"></testcase>
    <testcase classname="PerformanceFormComponent" name="validates all generated policies and reports error and success outcomes" time="0.003" file="apps/angular-showcase/src/app/components/performance-form/performance-components.spec.ts"></testcase>
    <testcase classname="PerformanceFormComponent" name="guards internal render and finish transitions with missing state" time="0.021" file="apps/angular-showcase/src/app/components/performance-form/performance-components.spec.ts"></testcase>
    <testcase classname="PerformanceFormComponent" name="fails cleanly when configuration validation errors" time="0.002" file="apps/angular-showcase/src/app/components/performance-form/performance-components.spec.ts"></testcase>
    <testcase classname="PerformanceFormComponent" name="ignores validate-all before generation and handles evaluation errors" time="0.001" file="apps/angular-showcase/src/app/components/performance-form/performance-components.spec.ts"></testcase>
    <testcase classname="PerformanceFormComponent" name="rejects an invalid configuration without building" time="0.001" file="apps/angular-showcase/src/app/components/performance-form/performance-components.spec.ts"></testcase>
    <testcase classname="PerformanceFormComponent" name="fails cleanly when building throws Error or non-Error values" time="0.005" file="apps/angular-showcase/src/app/components/performance-form/performance-components.spec.ts"></testcase>
    <testcase classname="PerformanceFormComponent" name="computes busy, generated, action, size, and total-control state" time="0.003" file="apps/angular-showcase/src/app/components/performance-form/performance-components.spec.ts"></testcase>
    <testcase classname="PerformanceFormComponent" name="validates, builds, incrementally mounts, and finishes a generated form" time="0.004" file="apps/angular-showcase/src/app/components/performance-form/performance-components.spec.ts"></testcase>
    <testcase classname="PerformanceFormComponent" name="ignores generation while busy" time="0.001" file="apps/angular-showcase/src/app/components/performance-form/performance-components.spec.ts"></testcase>
    <testcase classname="complex form components.ComplexFormTailwindComponent" name="reports invalid and valid multi-policy submissions" time="0.002" file="apps/angular-showcase/src/app/application-behavior.spec.ts"></testcase>
    <testcase classname="complex form components.ComplexFormTailwindComponent" name="updates conditional billing state and emits a refresh" time="0.001" file="apps/angular-showcase/src/app/application-behavior.spec.ts"></testcase>
    <testcase classname="complex form components.ComplexFormTailwindComponent" name="clears nested models, validation groups, and messages" time="0.001" file="apps/angular-showcase/src/app/application-behavior.spec.ts"></testcase>
    <testcase classname="complex form components.ComplexFormMaterialComponent" name="reports invalid and valid multi-policy submissions" time="0.002" file="apps/angular-showcase/src/app/application-behavior.spec.ts"></testcase>
    <testcase classname="complex form components.ComplexFormMaterialComponent" name="clears nested models, validation groups, and messages" time="0.000" file="apps/angular-showcase/src/app/application-behavior.spec.ts"></testcase>
    <testcase classname="complex form components.ComplexFormMaterialComponent" name="updates conditional billing state and emits a refresh" time="0.001" file="apps/angular-showcase/src/app/application-behavior.spec.ts"></testcase>
    <testcase classname="complex form components.ComplexFormComponent" name="clears nested models, validation groups, and messages" time="0.001" file="apps/angular-showcase/src/app/application-behavior.spec.ts"></testcase>
    <testcase classname="complex form components.ComplexFormComponent" name="reports invalid and valid multi-policy submissions" time="0.006" file="apps/angular-showcase/src/app/application-behavior.spec.ts"></testcase>
    <testcase classname="complex form components.ComplexFormComponent" name="updates conditional billing state and emits a refresh" time="0.001" file="apps/angular-showcase/src/app/application-behavior.spec.ts"></testcase>
    <testcase classname="PerformanceFormBuilderService" name="builds deterministic sections, values, policies, groups, and metrics" time="0.005" file="apps/angular-showcase/src/app/components/performance-form/performance-form-builder.service.spec.ts"></testcase>
    <testcase classname="PerformanceFormBuilderService" name="returns defensive active-name copies and tears down dynamic registrations" time="0.001" file="apps/angular-showcase/src/app/components/performance-form/performance-form-builder.service.spec.ts"></testcase>
    <testcase classname="PerformanceFormBuilderService" name="clears all present sections and skips missing section data" time="0.001" file="apps/angular-showcase/src/app/components/performance-form/performance-form-builder.service.spec.ts"></testcase>
    <testcase classname="PerformanceFormBuilderService" name="fills every field type with realistic values and honors missing sections" time="0.001" file="apps/angular-showcase/src/app/components/performance-form/performance-form-builder.service.spec.ts"></testcase>
    <testcase classname="PerformanceFormBuilderService" name="clears section values and only that section validation state" time="0.003" file="apps/angular-showcase/src/app/components/performance-form/performance-form-builder.service.spec.ts"></testcase>
    <testcase classname="AngularStateShowcaseComponent" name="uses default sync messages and route fallbacks" time="0.003" file="apps/angular-showcase/src/app/state-management/angular-state-showcase.component.spec.ts"></testcase>
    <testcase classname="AngularStateShowcaseComponent" name="falls back to overview labels and preserves models when route strategy is unchanged" time="0.002" file="apps/angular-showcase/src/app/state-management/angular-state-showcase.component.spec.ts"></testcase>
    <testcase classname="AngularStateShowcaseComponent" name="submits, populates, syncs, and resets the simple form" time="0.004" file="apps/angular-showcase/src/app/state-management/angular-state-showcase.component.spec.ts"></testcase>
    <testcase classname="AngularStateShowcaseComponent" name="runs complex form structure changes, policy switches, validation, save, and reset" time="0.006" file="apps/angular-showcase/src/app/state-management/angular-state-showcase.component.spec.ts"></testcase>
    <testcase classname="AngularStateShowcaseComponent" name="resets models when the route switches to another state strategy" time="0.002" file="apps/angular-showcase/src/app/state-management/angular-state-showcase.component.spec.ts"></testcase>
    <testcase classname="AngularStateShowcaseComponent" name="tracks route strategy, page labels, docs links, and router links" time="0.002" file="apps/angular-showcase/src/app/state-management/angular-state-showcase.component.spec.ts"></testcase>
    <testcase classname="AngularStateStrategyRuntime" name="stores snapshots through reducer and NGXS handler helpers" time="0.002" file="apps/angular-showcase/src/app/state-management/angular-state-showcase.component.spec.ts"></testcase>
    <testcase classname="AngularStateStrategyRuntime" name="commits snapshots through each state-management mechanism" time="0.003" file="apps/angular-showcase/src/app/state-management/angular-state-showcase.component.spec.ts"></testcase>
    <testcase classname="PerformanceFormSectionComponent" name="emits collapse changes and toggles error-summary collapse" time="0.002" file="apps/angular-showcase/src/app/components/performance-form/performance-components.spec.ts"></testcase>
    <testcase classname="PerformanceFormSectionComponent" name="stops scheduling when cancelled or generation is stale and emits completion for an empty final batch" time="0.002" file="apps/angular-showcase/src/app/components/performance-form/performance-components.spec.ts"></testcase>
    <testcase classname="PerformanceFormSectionComponent" name="rebinds refresh when the model changes and cancels on generation change or destroy" time="0.002" file="apps/angular-showcase/src/app/components/performance-form/performance-components.spec.ts"></testcase>
    <testcase classname="PerformanceFormSectionComponent" name="ignores validation while actions are unavailable" time="0.002" file="apps/angular-showcase/src/app/components/performance-form/performance-components.spec.ts"></testcase>
    <testcase classname="PerformanceFormSectionComponent" name="validates a section and emits duration and section-scoped error count" time="0.002" file="apps/angular-showcase/src/app/components/performance-form/performance-components.spec.ts"></testcase>
    <testcase classname="PerformanceFormSectionComponent" name="renders fields in deterministic batches and emits progress and completion" time="0.002" file="apps/angular-showcase/src/app/components/performance-form/performance-components.spec.ts"></testcase>
    <testcase classname="PerformanceFormSectionComponent" name="fills and clears completed sections but ignores actions while incomplete or disabled" time="0.001" file="apps/angular-showcase/src/app/components/performance-form/performance-components.spec.ts"></testcase>
    <testcase classname="PerformanceFormSectionComponent" name="exposes section status, errors, visibility, counts, and tracking" time="0.001" file="apps/angular-showcase/src/app/components/performance-form/performance-components.spec.ts"></testcase>
    <testcase classname="showcase application integration" name="initializes registered policies and renders the routed home page inside the shell" time="0.099" file="apps/angular-showcase/src/app/app.integration.spec.ts"></testcase>
    <testcase classname="showcase application integration" name="renders framework-specific tabs and switches form scenarios through user clicks" time="0.104" file="apps/angular-showcase/src/app/app.integration.spec.ts"></testcase>
    <testcase classname="showcase application integration" name="contains explicit framework routes, legacy redirects, and a wildcard fallback" time="0.009" file="apps/angular-showcase/src/app/app.integration.spec.ts"></testcase>
    <testcase classname="showcase application integration" name="submits and clears the Bootstrap sample form through DOM events" time="0.057" file="apps/angular-showcase/src/app/app.integration.spec.ts"></testcase>
    <testcase classname="showcase application integration" name="redirects legacy and unknown routes" time="0.041" file="apps/angular-showcase/src/app/app.integration.spec.ts"></testcase>
  </testsuite>
</testsuites>
