<?xml version="1.0" encoding="UTF-8"?>
<testsuites name="Angular Adapter" tests="91" failures="0" skipped="0" time="2.697">
  <testsuite name="Angular Adapter" tests="91" failures="0" skipped="0" timestamp="2026-08-09T04:00:25.981Z" time="2.697">
    <testcase classname="ValidatorDirective" name="falls back to the default display strategy when no strategy is injected" time="0.083" file="packages/angular/src/lib/directives/validator.directive.spec.ts"></testcase>
    <testcase classname="ValidatorDirective" name="parses simple and dotted binding paths" time="0.004" file="packages/angular/src/lib/directives/validator.directive.spec.ts"></testcase>
    <testcase classname="ValidatorDirective" name="binds a policy, detects the control, and registers a field once per form group" time="0.007" file="packages/angular/src/lib/directives/validator.directive.spec.ts"></testcase>
    <testcase classname="ValidatorDirective" name="synchronizes iterable changes and avoids duplicate UI writes" time="0.005" file="packages/angular/src/lib/directives/validator.directive.spec.ts"></testcase>
    <testcase classname="ValidatorDirective" name="does not initialize display behavior for an unknown policy" time="0.003" file="packages/angular/src/lib/directives/validator.directive.spec.ts"></testcase>
    <testcase classname="ValidatorDirective" name="stops listeners and refresh subscriptions on destroy" time="0.007" file="packages/angular/src/lib/directives/validator.directive.spec.ts"></testcase>
    <testcase classname="ValidatorDirective" name="validates on blur, marks the field touched, renders errors, and evaluates its group" time="0.007" file="packages/angular/src/lib/directives/validator.directive.spec.ts"></testcase>
    <testcase classname="ValidatorDirective" name="initializes required markers after view init and marks for check" time="0.003" file="packages/angular/src/lib/directives/validator.directive.spec.ts"></testcase>
    <testcase classname="ValidatorDirective" name="honors a custom validation event and updates conditional required state on input" time="0.004" file="packages/angular/src/lib/directives/validator.directive.spec.ts"></testcase>
    <testcase classname="ValidatorDirective" name="delays checkbox validation and also listens for blur" time="0.006" file="packages/angular/src/lib/directives/validator.directive.spec.ts"></testcase>
    <testcase classname="ValidatorDirective" name="discovers native event targets inside Material-style hosts" time="0.003" file="packages/angular/src/lib/directives/validator.directive.spec.ts"></testcase>
    <testcase classname="ValidatorDirective" name="clears hidden or removed field errors and renders forced refreshes" time="0.003" file="packages/angular/src/lib/directives/validator.directive.spec.ts"></testcase>
    <testcase classname="ValidatorDirective" name="binds every native radio in a radio-group host" time="0.003" file="packages/angular/src/lib/directives/validator.directive.spec.ts"></testcase>
    <testcase classname="validation status and summary components" name="renders policy-group summaries only for evaluated errors" time="0.018" file="packages/angular/src/lib/components/validation-components.spec.ts"></testcase>
    <testcase classname="validation status and summary components" name="renders pending and evaluated policy-group badges" time="0.009" file="packages/angular/src/lib/components/validation-components.spec.ts"></testcase>
    <testcase classname="validation status and summary components" name="subscribes policy-group badges to refresh and unsubscribes on rebind and destroy" time="0.001" file="packages/angular/src/lib/components/validation-components.spec.ts"></testcase>
    <testcase classname="validation status and summary components" name="renders a form-group summary only for evaluated groups with errors" time="0.006" file="packages/angular/src/lib/components/validation-components.spec.ts"></testcase>
    <testcase classname="validation status and summary components" name="renders pending, valid, and invalid form-group badges" time="0.005" file="packages/angular/src/lib/components/validation-components.spec.ts"></testcase>
    <testcase classname="validation status and summary components" name="subscribes form-group badges to model refresh and rebinds or cleans up safely" time="0.001" file="packages/angular/src/lib/components/validation-components.spec.ts"></testcase>
    <testcase classname="validation status and summary components" name="returns an empty global error list when validation results are absent" time="0.001" file="packages/angular/src/lib/components/validation-components.spec.ts"></testcase>
    <testcase classname="validation status and summary components" name="shows the global summary only after show-all and lists all messages" time="0.005" file="packages/angular/src/lib/components/validation-components.spec.ts"></testcase>
    <testcase classname="validation display providers and module" name="provides custom strategy instances and classes" time="0.005" file="packages/angular/src/lib/display/validation-display-config.spec.ts"></testcase>
    <testcase classname="validation display providers and module" name="provides the default display configuration when no options are supplied" time="0.002" file="packages/angular/src/lib/display/validation-display-config.spec.ts"></testcase>
    <testcase classname="validation display providers and module" name="configures ValidationModule.forRoot with display providers" time="0.000" file="packages/angular/src/lib/display/validation-display-config.spec.ts"></testcase>
    <testcase classname="validation display providers and module" name="provides every preset helper" time="0.008" file="packages/angular/src/lib/display/validation-display-config.spec.ts"></testcase>
    <testcase classname="validation display providers and module" name="provides resolved configuration and a factory-created strategy" time="0.002" file="packages/angular/src/lib/display/validation-display-config.spec.ts"></testcase>
    <testcase classname="validation display configuration" name="resolves required-indicator modern, legacy, fallback, and tooltip fields" time="0.000" file="packages/angular/src/lib/display/validation-display-config.spec.ts"></testcase>
    <testcase classname="validation display configuration" name="defines immutable complete class maps" time="0.000" file="packages/angular/src/lib/display/validation-display-config.spec.ts"></testcase>
    <testcase classname="validation display configuration" name="merges non-empty overrides and returns a copy without overrides" time="0.000" file="packages/angular/src/lib/display/validation-display-config.spec.ts"></testcase>
    <testcase classname="validation display configuration" name="maps legacy class fields and lets typed classes take precedence" time="0.000" file="packages/angular/src/lib/display/validation-display-config.spec.ts"></testcase>
    <testcase classname="validation display configuration" name="creates the configured built-in or custom strategy" time="0.001" file="packages/angular/src/lib/display/validation-display-config.spec.ts"></testcase>
    <testcase classname="validation display configuration" name="resolves explicit and legacy presets" time="0.000" file="packages/angular/src/lib/display/validation-display-config.spec.ts"></testcase>
    <testcase classname="validation display configuration" name="normalizes full configuration while preserving custom strategies" time="0.000" file="packages/angular/src/lib/display/validation-display-config.spec.ts"></testcase>
    <testcase classname="validation display strategies.Default and example strategies" name="routes generic and Material elements to the matching strategy" time="0.005" file="packages/angular/src/lib/strategies/validation-display-strategies.spec.ts"></testcase>
    <testcase classname="validation display strategies.Default and example strategies" name="honors forced Material mode and detects Material ancestors within the search limit" time="0.003" file="packages/angular/src/lib/strategies/validation-display-strategies.spec.ts"></testcase>
    <testcase classname="validation display strategies.Default and example strategies" name="exposes a usable immutable PrimeNG example class map" time="0.003" file="packages/angular/src/lib/strategies/validation-display-strategies.spec.ts"></testcase>
    <testcase classname="validation display strategies.MaterialValidationDisplayStrategy" name="does nothing when no matching Material target exists" time="0.002" file="packages/angular/src/lib/strategies/validation-display-strategies.spec.ts"></testcase>
    <testcase classname="validation display strategies.MaterialValidationDisplayStrategy" name="reuses modern and legacy form-field wrappers" time="0.002" file="packages/angular/src/lib/strategies/validation-display-strategies.spec.ts"></testcase>
    <testcase classname="validation display strategies.MaterialValidationDisplayStrategy" name="creates a Material form-field error wrapper, renders mat-error, and clears it" time="0.003" file="packages/angular/src/lib/strategies/validation-display-strategies.spec.ts"></testcase>
    <testcase classname="validation display strategies.MaterialValidationDisplayStrategy" name="detects Material hosts, descendants, and native controls" time="0.003" file="packages/angular/src/lib/strategies/validation-display-strategies.spec.ts"></testcase>
    <testcase classname="validation display strategies.MaterialValidationDisplayStrategy" name="renders standalone checkbox errors, deduplicates containers, labels required state, and clears wrappers" time="0.003" file="packages/angular/src/lib/strategies/validation-display-strategies.spec.ts"></testcase>
    <testcase classname="validation display strategies.MaterialValidationDisplayStrategy" name="renders standalone radio errors and group labels" time="0.003" file="packages/angular/src/lib/strategies/validation-display-strategies.spec.ts"></testcase>
    <testcase classname="validation display strategies.TailwindValidationDisplayStrategy" name="returns null for detached controls" time="0.003" file="packages/angular/src/lib/strategies/validation-display-strategies.spec.ts"></testcase>
    <testcase classname="validation display strategies.TailwindValidationDisplayStrategy" name="handles checkbox and radio-group state plus idempotent required markers" time="0.003" file="packages/angular/src/lib/strategies/validation-display-strategies.spec.ts"></testcase>
    <testcase classname="validation display strategies.TailwindValidationDisplayStrategy" name="deduplicates containers, avoids rewriting identical messages, and clears state" time="0.002" file="packages/angular/src/lib/strategies/validation-display-strategies.spec.ts"></testcase>
    <testcase classname="validation display strategies.TailwindValidationDisplayStrategy" name="detects native controls" time="0.002" file="packages/angular/src/lib/strategies/validation-display-strategies.spec.ts"></testcase>
    <testcase classname="validation display strategies.BootstrapValidationDisplayStrategy" name="renders all required-indicator modes and removes stale title/markers" time="0.003" file="packages/angular/src/lib/strategies/validation-display-strategies.spec.ts"></testcase>
    <testcase classname="validation display strategies.BootstrapValidationDisplayStrategy" name="detects native controls" time="0.004" file="packages/angular/src/lib/strategies/validation-display-strategies.spec.ts"></testcase>
    <testcase classname="validation display strategies.BootstrapValidationDisplayStrategy" name="handles radio groups and missing display roots and labels" time="0.004" file="packages/angular/src/lib/strategies/validation-display-strategies.spec.ts"></testcase>
    <testcase classname="validation display strategies.BootstrapValidationDisplayStrategy" name="renders current messages once, applies invalid state, and clears them" time="0.002" file="packages/angular/src/lib/strategies/validation-display-strategies.spec.ts"></testcase>
    <testcase classname="validation display strategies.GenericValidationDisplayStrategy" name="detects native control types" time="0.001" file="packages/angular/src/lib/strategies/validation-display-strategies.spec.ts"></testcase>
    <testcase classname="validation display strategies.GenericValidationDisplayStrategy" name="renders, replaces, and clears input errors and required markers" time="0.002" file="packages/angular/src/lib/strategies/validation-display-strategies.spec.ts"></testcase>
    <testcase classname="validation display strategies.GenericValidationDisplayStrategy" name="handles checkbox and radio-group invalid state and label discovery" time="0.004" file="packages/angular/src/lib/strategies/validation-display-strategies.spec.ts"></testcase>
    <testcase classname="validation display strategies.GenericValidationDisplayStrategy" name="supports radio inputs by name, custom classes, parent labels, and detached hosts" time="0.002" file="packages/angular/src/lib/strategies/validation-display-strategies.spec.ts"></testcase>
    <testcase classname="$parse" name="evaluates arrays, maps, and keyed reads" time="0.002" file="packages/angular/src/lib/parser/expression-parser.spec.ts"></testcase>
    <testcase classname="$parse" name="evaluates unary, binary, short-circuit, and conditional expressions" time="0.002" file="packages/angular/src/lib/parser/expression-parser.spec.ts"></testcase>
    <testcase classname="$parse" name="calls methods and caches the compiled function" time="0.000" file="packages/angular/src/lib/parser/expression-parser.spec.ts"></testcase>
    <testcase classname="$parse" name="reads nested properties safely and lets locals override context" time="0.000" file="packages/angular/src/lib/parser/expression-parser.spec.ts"></testcase>
    <testcase classname="$parse" name="returns a no-op for non-string, empty, and malformed expressions" time="0.001" file="packages/angular/src/lib/parser/expression-parser.spec.ts"></testcase>
    <testcase classname="validation DOM utilities" name="finds exact attribute values without selector interpolation" time="0.004" file="packages/angular/src/lib/utils/validation-utils.spec.ts"></testcase>
    <testcase classname="validation DOM utilities" name="adds and removes whitespace-delimited class lists" time="0.002" file="packages/angular/src/lib/utils/validation-utils.spec.ts"></testcase>
    <testcase classname="ValidationProviderService" name="validates all, exposes errors, required state, groups, and refresh notification" time="0.002" file="packages/angular/src/lib/services/validation-provider.service.spec.ts"></testcase>
    <testcase classname="ValidationProviderService" name="registers policies case-insensitively and skips duplicates" time="0.001" file="packages/angular/src/lib/services/validation-provider.service.spec.ts"></testcase>
    <testcase classname="ValidationProviderService" name="returns a policy facade with validation and grouping operations" time="0.000" file="packages/angular/src/lib/services/validation-provider.service.spec.ts"></testcase>
    <testcase classname="ValidationProviderService" name="uses validateAll defaults without forcing show-all or group evaluation" time="0.000" file="packages/angular/src/lib/services/validation-provider.service.spec.ts"></testcase>
    <testcase classname="ValidationProviderService" name="registers and unregisters form-group and policy-group mappings" time="0.000" file="packages/angular/src/lib/services/validation-provider.service.spec.ts"></testcase>
    <testcase classname="ValidationProviderService" name="evaluates a mapped form group and ignores missing mappings or policies" time="0.000" file="packages/angular/src/lib/services/validation-provider.service.spec.ts"></testcase>
    <testcase classname="ValidationProviderService" name="evaluates all groups belonging to one policy" time="0.000" file="packages/angular/src/lib/services/validation-provider.service.spec.ts"></testcase>
    <testcase classname="ValidationProviderService" name="notifies only subscribers bound to the exact model and supports unsubscribe" time="0.000" file="packages/angular/src/lib/services/validation-provider.service.spec.ts"></testcase>
    <testcase classname="ValidationProviderService" name="evaluates multiple policies sequentially and updates a policy group" time="0.002" file="packages/angular/src/lib/services/validation-provider.service.spec.ts"></testcase>
    <testcase classname="ValidationProviderService" name="replaces, unregisters, and reports missing policies" time="0.002" file="packages/angular/src/lib/services/validation-provider.service.spec.ts"></testcase>
    <testcase classname="ValidationProviderService" name="updates policy groups using registered paths when no form-group policy mapping exists" time="0.000" file="packages/angular/src/lib/services/validation-provider.service.spec.ts"></testcase>
    <testcase classname="ValidationProviderService" name="falls back safely when a mapped policy has no active or registered paths" time="0.000" file="packages/angular/src/lib/services/validation-provider.service.spec.ts"></testcase>
    <testcase classname="ValidationProviderService" name="uses show-all to mark a policy group evaluated even when a section is pending" time="0.000" file="packages/angular/src/lib/services/validation-provider.service.spec.ts"></testcase>
    <testcase classname="ValidationProviderService" name="resets form-group registrations and clears all validation state" time="0.000" file="packages/angular/src/lib/services/validation-provider.service.spec.ts"></testcase>
    <testcase classname="Policy" name="removes empty required state when no required rule exists" time="0.001" file="packages/angular/src/lib/policy.spec.ts"></testcase>
    <testcase classname="Policy" name="updates conditional required markers as dependencies change" time="0.000" file="packages/angular/src/lib/policy.spec.ts"></testcase>
    <testcase classname="Policy" name="validates all registered fields, collects failures, and removes success sentinels" time="0.001" file="packages/angular/src/lib/policy.spec.ts"></testcase>
    <testcase classname="Policy" name="clears only this policy fields during full validation and preserves other-policy errors" time="0.000" file="packages/angular/src/lib/policy.spec.ts"></testcase>
    <testcase classname="Policy" name="checks every supplied form group" time="0.001" file="packages/angular/src/lib/policy.spec.ts"></testcase>
    <testcase classname="Policy" name="resolves nested paths and string dependencies" time="0.000" file="packages/angular/src/lib/policy.spec.ts"></testcase>
    <testcase classname="Policy" name="uses registered paths when a policy has no active paths and handles empty groups" time="0.000" file="packages/angular/src/lib/policy.spec.ts"></testcase>
    <testcase classname="Policy" name="skips optional empty values but runs optional rules for zero and non-empty values" time="0.000" file="packages/angular/src/lib/policy.spec.ts"></testcase>
    <testcase classname="Policy" name="skips optional chained rules for empty values after a dependency is satisfied" time="0.000" file="packages/angular/src/lib/policy.spec.ts"></testcase>
    <testcase classname="Policy" name="returns unique active property paths" time="0.000" file="packages/angular/src/lib/policy.spec.ts"></testcase>
    <testcase classname="Policy" name="evaluates form groups using active policy paths, touched state, and show-all state" time="0.000" file="packages/angular/src/lib/policy.spec.ts"></testcase>
    <testcase classname="Policy" name="records required state, updates existing entries, and limits property checks" time="0.000" file="packages/angular/src/lib/policy.spec.ts"></testcase>
    <testcase classname="Policy" name="waits for Subject-based rules and ignores duplicate asynchronous errors" time="0.015" file="packages/angular/src/lib/policy.spec.ts"></testcase>
    <testcase classname="Policy" name="deletes empty validation state and handles an unknown property selection" time="0.001" file="packages/angular/src/lib/policy.spec.ts"></testcase>
    <testcase classname="Policy" name="validates one property and clears only that property previous errors" time="0.001" file="packages/angular/src/lib/policy.spec.ts"></testcase>
    <testcase classname="Policy" name="supports functional dependencies and missing nested values" time="0.001" file="packages/angular/src/lib/policy.spec.ts"></testcase>
  </testsuite>
</testsuites>
