{"total": {"lines":{"total":1459,"covered":1448,"skipped":0,"pct":99.24},"statements":{"total":1459,"covered":1448,"skipped":0,"pct":99.24},"functions":{"total":108,"covered":101,"skipped":0,"pct":93.51},"branches":{"total":359,"covered":339,"skipped":0,"pct":94.42},"branchesTrue":{"total":0,"covered":0,"skipped":0,"pct":100}}
,"C:\\Kalyan\\Learning\\validation-rules-engine\\apps\\react-showcase\\src\\app.tsx": {"lines":{"total":104,"covered":104,"skipped":0,"pct":100},"functions":{"total":6,"covered":4,"skipped":0,"pct":66.66},"statements":{"total":104,"covered":104,"skipped":0,"pct":100},"branches":{"total":41,"covered":40,"skipped":0,"pct":97.56}}
,"C:\\Kalyan\\Learning\\validation-rules-engine\\apps\\react-showcase\\src\\platform-urls.ts": {"lines":{"total":18,"covered":18,"skipped":0,"pct":100},"functions":{"total":2,"covered":2,"skipped":0,"pct":100},"statements":{"total":18,"covered":18,"skipped":0,"pct":100},"branches":{"total":6,"covered":2,"skipped":0,"pct":33.33}}
,"C:\\Kalyan\\Learning\\validation-rules-engine\\apps\\react-showcase\\src\\components\\form-field.tsx": {"lines":{"total":18,"covered":18,"skipped":0,"pct":100},"functions":{"total":1,"covered":1,"skipped":0,"pct":100},"statements":{"total":18,"covered":18,"skipped":0,"pct":100},"branches":{"total":3,"covered":3,"skipped":0,"pct":100}}
,"C:\\Kalyan\\Learning\\validation-rules-engine\\apps\\react-showcase\\src\\pages\\home-page.tsx": {"lines":{"total":50,"covered":50,"skipped":0,"pct":100},"functions":{"total":3,"covered":3,"skipped":0,"pct":100},"statements":{"total":50,"covered":50,"skipped":0,"pct":100},"branches":{"total":3,"covered":3,"skipped":0,"pct":100}}
,"C:\\Kalyan\\Learning\\validation-rules-engine\\apps\\react-showcase\\src\\performance\\performance-field.tsx": {"lines":{"total":71,"covered":68,"skipped":0,"pct":95.77},"functions":{"total":4,"covered":1,"skipped":0,"pct":25},"statements":{"total":71,"covered":68,"skipped":0,"pct":95.77},"branches":{"total":17,"covered":17,"skipped":0,"pct":100}}
,"C:\\Kalyan\\Learning\\validation-rules-engine\\apps\\react-showcase\\src\\performance\\performance-generator.ts": {"lines":{"total":230,"covered":230,"skipped":0,"pct":100},"functions":{"total":13,"covered":13,"skipped":0,"pct":100},"statements":{"total":230,"covered":230,"skipped":0,"pct":100},"branches":{"total":66,"covered":62,"skipped":0,"pct":93.93}}
,"C:\\Kalyan\\Learning\\validation-rules-engine\\apps\\react-showcase\\src\\policies\\complex-policies.ts": {"lines":{"total":34,"covered":34,"skipped":0,"pct":100},"functions":{"total":5,"covered":5,"skipped":0,"pct":100},"statements":{"total":34,"covered":34,"skipped":0,"pct":100},"branches":{"total":8,"covered":8,"skipped":0,"pct":100}}
,"C:\\Kalyan\\Learning\\validation-rules-engine\\apps\\react-showcase\\src\\state-integrations\\models.ts": {"lines":{"total":32,"covered":32,"skipped":0,"pct":100},"functions":{"total":1,"covered":1,"skipped":0,"pct":100},"statements":{"total":32,"covered":32,"skipped":0,"pct":100},"branches":{"total":1,"covered":1,"skipped":0,"pct":100}}
,"C:\\Kalyan\\Learning\\validation-rules-engine\\apps\\react-showcase\\src\\state-integrations\\state-integration-route.tsx": {"lines":{"total":38,"covered":38,"skipped":0,"pct":100},"functions":{"total":1,"covered":1,"skipped":0,"pct":100},"statements":{"total":38,"covered":38,"skipped":0,"pct":100},"branches":{"total":11,"covered":11,"skipped":0,"pct":100}}
,"C:\\Kalyan\\Learning\\validation-rules-engine\\apps\\react-showcase\\src\\state-integrations\\strategies.ts": {"lines":{"total":68,"covered":68,"skipped":0,"pct":100},"functions":{"total":1,"covered":1,"skipped":0,"pct":100},"statements":{"total":68,"covered":68,"skipped":0,"pct":100},"branches":{"total":2,"covered":2,"skipped":0,"pct":100}}
,"C:\\Kalyan\\Learning\\validation-rules-engine\\apps\\react-showcase\\src\\state-integrations\\types.ts": {"lines":{"total":29,"covered":28,"skipped":0,"pct":96.55},"functions":{"total":3,"covered":3,"skipped":0,"pct":100},"statements":{"total":29,"covered":28,"skipped":0,"pct":96.55},"branches":{"total":17,"covered":15,"skipped":0,"pct":88.23}}
,"C:\\Kalyan\\Learning\\validation-rules-engine\\apps\\react-showcase\\src\\state-integrations\\use-managed-validation-form.ts": {"lines":{"total":70,"covered":69,"skipped":0,"pct":98.57},"functions":{"total":3,"covered":3,"skipped":0,"pct":100},"statements":{"total":70,"covered":69,"skipped":0,"pct":98.57},"branches":{"total":26,"covered":22,"skipped":0,"pct":84.61}}
,"C:\\Kalyan\\Learning\\validation-rules-engine\\apps\\react-showcase\\src\\state-integrations\\pages\\page-frame.tsx": {"lines":{"total":72,"covered":72,"skipped":0,"pct":100},"functions":{"total":3,"covered":3,"skipped":0,"pct":100},"statements":{"total":72,"covered":72,"skipped":0,"pct":100},"branches":{"total":8,"covered":8,"skipped":0,"pct":100}}
,"C:\\Kalyan\\Learning\\validation-rules-engine\\apps\\react-showcase\\src\\state-integrations\\pages\\state-complex-page.tsx": {"lines":{"total":166,"covered":166,"skipped":0,"pct":100},"functions":{"total":14,"covered":12,"skipped":0,"pct":85.71},"statements":{"total":166,"covered":166,"skipped":0,"pct":100},"branches":{"total":43,"covered":41,"skipped":0,"pct":95.34}}
,"C:\\Kalyan\\Learning\\validation-rules-engine\\apps\\react-showcase\\src\\state-integrations\\pages\\state-home-page.tsx": {"lines":{"total":44,"covered":41,"skipped":0,"pct":93.18},"functions":{"total":3,"covered":3,"skipped":0,"pct":100},"statements":{"total":44,"covered":41,"skipped":0,"pct":93.18},"branches":{"total":9,"covered":9,"skipped":0,"pct":100}}
,"C:\\Kalyan\\Learning\\validation-rules-engine\\apps\\react-showcase\\src\\state-integrations\\pages\\state-performance-page.tsx": {"lines":{"total":107,"covered":104,"skipped":0,"pct":97.19},"functions":{"total":10,"covered":10,"skipped":0,"pct":100},"statements":{"total":107,"covered":104,"skipped":0,"pct":97.19},"branches":{"total":24,"covered":22,"skipped":0,"pct":91.66}}
,"C:\\Kalyan\\Learning\\validation-rules-engine\\apps\\react-showcase\\src\\state-integrations\\pages\\state-simple-page.tsx": {"lines":{"total":58,"covered":58,"skipped":0,"pct":100},"functions":{"total":2,"covered":2,"skipped":0,"pct":100},"statements":{"total":58,"covered":58,"skipped":0,"pct":100},"branches":{"total":4,"covered":4,"skipped":0,"pct":100}}
,"C:\\Kalyan\\Learning\\validation-rules-engine\\apps\\react-showcase\\src\\state-integrations\\providers\\context-provider.tsx": {"lines":{"total":32,"covered":32,"skipped":0,"pct":100},"functions":{"total":3,"covered":3,"skipped":0,"pct":100},"statements":{"total":32,"covered":32,"skipped":0,"pct":100},"branches":{"total":11,"covered":10,"skipped":0,"pct":90.9}}
,"C:\\Kalyan\\Learning\\validation-rules-engine\\apps\\react-showcase\\src\\state-integrations\\providers\\jotai-provider.tsx": {"lines":{"total":34,"covered":34,"skipped":0,"pct":100},"functions":{"total":4,"covered":4,"skipped":0,"pct":100},"statements":{"total":34,"covered":34,"skipped":0,"pct":100},"branches":{"total":10,"covered":10,"skipped":0,"pct":100}}
,"C:\\Kalyan\\Learning\\validation-rules-engine\\apps\\react-showcase\\src\\state-integrations\\providers\\local-state-provider.tsx": {"lines":{"total":22,"covered":22,"skipped":0,"pct":100},"functions":{"total":1,"covered":1,"skipped":0,"pct":100},"statements":{"total":22,"covered":22,"skipped":0,"pct":100},"branches":{"total":6,"covered":6,"skipped":0,"pct":100}}
,"C:\\Kalyan\\Learning\\validation-rules-engine\\apps\\react-showcase\\src\\state-integrations\\providers\\mobx-provider.tsx": {"lines":{"total":36,"covered":36,"skipped":0,"pct":100},"functions":{"total":6,"covered":6,"skipped":0,"pct":100},"statements":{"total":36,"covered":36,"skipped":0,"pct":100},"branches":{"total":8,"covered":8,"skipped":0,"pct":100}}
,"C:\\Kalyan\\Learning\\validation-rules-engine\\apps\\react-showcase\\src\\state-integrations\\providers\\recoil-provider.tsx": {"lines":{"total":52,"covered":52,"skipped":0,"pct":100},"functions":{"total":7,"covered":7,"skipped":0,"pct":100},"statements":{"total":52,"covered":52,"skipped":0,"pct":100},"branches":{"total":10,"covered":10,"skipped":0,"pct":100}}
,"C:\\Kalyan\\Learning\\validation-rules-engine\\apps\\react-showcase\\src\\state-integrations\\providers\\redux-toolkit-provider.tsx": {"lines":{"total":47,"covered":47,"skipped":0,"pct":100},"functions":{"total":8,"covered":8,"skipped":0,"pct":100},"statements":{"total":47,"covered":47,"skipped":0,"pct":100},"branches":{"total":12,"covered":12,"skipped":0,"pct":100}}
,"C:\\Kalyan\\Learning\\validation-rules-engine\\apps\\react-showcase\\src\\state-integrations\\providers\\zustand-provider.tsx": {"lines":{"total":27,"covered":27,"skipped":0,"pct":100},"functions":{"total":4,"covered":4,"skipped":0,"pct":100},"statements":{"total":27,"covered":27,"skipped":0,"pct":100},"branches":{"total":13,"covered":13,"skipped":0,"pct":100}}
}
