TN:
SF:src\app.tsx
FN:15,normalizePath
FN:22,App
FN:25,onPopState
FN:64,onClick
FN:81,onClick
FN:95,onClick
FNF:6
FNH:4
FNDA:55,normalizePath
FNDA:55,App
FNDA:0,onPopState
FNDA:1,onClick
FNDA:0,onClick
FNDA:9,onClick
DA:1,1
DA:2,1
DA:3,1
DA:4,1
DA:5,1
DA:8,1
DA:9,1
DA:10,1
DA:11,1
DA:12,1
DA:13,1
DA:15,55
DA:16,55
DA:17,55
DA:18,45
DA:19,55
DA:20,55
DA:22,1
DA:23,55
DA:24,55
DA:25,37
DA:26,37
DA:27,37
DA:28,55
DA:29,55
DA:30,18
DA:31,18
DA:32,18
DA:33,55
DA:35,55
DA:36,55
DA:37,55
DA:38,55
DA:39,45
DA:40,10
DA:42,55
DA:43,55
DA:44,55
DA:45,55
DA:46,55
DA:47,55
DA:48,55
DA:49,55
DA:50,55
DA:52,55
DA:53,55
DA:54,55
DA:55,55
DA:56,55
DA:57,55
DA:58,55
DA:59,55
DA:60,55
DA:61,55
DA:62,55
DA:63,55
DA:64,55
DA:65,55
DA:67,55
DA:68,55
DA:69,55
DA:70,55
DA:71,55
DA:72,55
DA:73,385
DA:74,385
DA:75,385
DA:76,385
DA:77,385
DA:78,385
DA:79,385
DA:80,385
DA:81,385
DA:83,385
DA:84,385
DA:85,385
DA:86,385
DA:87,1540
DA:88,1540
DA:89,1540
DA:90,1540
DA:91,1540
DA:92,1540
DA:93,1540
DA:94,1540
DA:95,1540
DA:97,1540
DA:98,1540
DA:100,385
DA:101,385
DA:102,385
DA:104,55
DA:105,55
DA:106,55
DA:107,55
DA:108,55
DA:109,55
DA:110,55
DA:111,55
DA:112,55
DA:113,55
DA:114,55
DA:115,55
DA:117,55
LF:104
LH:104
BRDA:15,0,0,55
BRDA:16,1,0,10
BRDA:17,2,0,45
BRDA:17,3,0,10
BRDA:19,4,0,45
BRDA:19,5,0,45
BRDA:19,6,0,0
BRDA:22,7,0,55
BRDA:36,8,0,45
BRDA:36,9,0,45
BRDA:36,10,0,10
BRDA:37,11,0,45
BRDA:37,12,0,17
BRDA:38,13,0,45
BRDA:39,14,0,10
BRDA:61,15,0,10
BRDA:61,16,0,45
BRDA:63,17,0,10
BRDA:63,18,0,45
BRDA:23,19,0,37
BRDA:24,20,0,37
BRDA:27,21,0,37
BRDA:29,22,0,18
BRDA:64,23,0,1
BRDA:72,24,0,385
BRDA:74,25,0,315
BRDA:76,26,0,45
BRDA:76,27,0,340
BRDA:78,28,0,45
BRDA:78,29,0,7
BRDA:78,30,0,378
BRDA:80,31,0,7
BRDA:80,32,0,378
BRDA:86,33,0,1540
BRDA:87,34,0,385
BRDA:87,35,0,1155
BRDA:91,36,0,45
BRDA:91,37,0,1495
BRDA:94,38,0,45
BRDA:94,39,0,1495
BRDA:95,40,0,9
BRF:41
BRH:40
end_of_record
TN:
SF:src\platform-urls.ts
FN:17,developmentUrl
FN:30,platformUrl
FNF:2
FNH:2
FNDA:8,developmentUrl
FNDA:926,platformUrl
DA:17,8
DA:18,8
DA:19,8
DA:20,8
DA:21,8
DA:23,1
DA:24,1
DA:25,1
DA:26,1
DA:27,1
DA:28,1
DA:30,1
DA:31,926
DA:32,926
DA:33,926
DA:34,926
DA:35,926
DA:36,926
LF:18
LH:18
BRDA:17,0,0,8
BRDA:30,1,0,926
BRDA:32,2,0,0
BRDA:33,3,0,0
BRDA:33,4,0,0
BRDA:35,5,0,0
BRF:6
BRH:2
end_of_record
TN:
SF:src\components\form-field.tsx
FN:13,FormField
FNF:1
FNH:1
FNDA:2099,FormField
DA:1,1
DA:13,1
DA:14,2099
DA:15,2099
DA:16,2099
DA:17,2099
DA:18,2099
DA:19,2099
DA:20,2099
DA:21,2099
DA:22,2099
DA:23,2099
DA:24,2099
DA:25,2099
DA:26,2099
DA:27,2099
DA:28,2099
DA:30,2099
LF:18
LH:18
BRDA:13,0,0,2099
BRDA:24,1,0,172
BRDA:24,2,0,1927
BRF:3
BRH:3
end_of_record
TN:
SF:src\pages\home-page.tsx
FN:5,HomePage
FN:6,showcaseLink
FN:7,onClick
FNF:3
FNH:3
FNDA:10,HomePage
FNDA:30,showcaseLink
FNDA:1,onClick
DA:1,1
DA:5,1
DA:6,10
DA:7,30
DA:9,10
DA:10,10
DA:11,10
DA:12,10
DA:13,10
DA:14,10
DA:17,10
DA:18,10
DA:19,10
DA:20,10
DA:21,10
DA:22,10
DA:23,10
DA:24,10
DA:25,10
DA:26,10
DA:27,10
DA:28,10
DA:29,10
DA:30,10
DA:31,10
DA:32,10
DA:33,10
DA:34,10
DA:35,10
DA:36,10
DA:37,10
DA:38,10
DA:39,10
DA:40,10
DA:41,10
DA:42,10
DA:43,10
DA:44,10
DA:45,10
DA:46,10
DA:47,10
DA:48,10
DA:49,10
DA:50,10
DA:51,10
DA:52,10
DA:53,10
DA:54,10
DA:55,10
DA:57,10
LF:50
LH:50
BRDA:5,0,0,10
BRDA:6,1,0,30
BRDA:7,2,0,1
BRF:3
BRH:3
end_of_record
TN:
SF:src\performance\performance-field.tsx
FN:13,PerformanceField
FN:70,onChange
FN:71,onBlur
FN:92,parseNumberInput
FNF:4
FNH:1
FNDA:5264,PerformanceField
FNDA:0,onChange
FNDA:0,onBlur
FNDA:0,parseNumberInput
DA:1,1
DA:13,1
DA:14,5264
DA:15,5264
DA:16,5264
DA:17,5264
DA:18,5264
DA:20,5264
DA:21,658
DA:22,658
DA:23,658
DA:24,658
DA:25,658
DA:26,658
DA:28,658
DA:30,5264
DA:31,533
DA:32,533
DA:33,533
DA:34,533
DA:35,533
DA:36,533
DA:37,533
DA:38,533
DA:39,533
DA:41,533
DA:43,5264
DA:44,649
DA:45,649
DA:46,649
DA:47,649
DA:48,649
DA:49,649
DA:51,649
DA:53,5264
DA:54,636
DA:55,636
DA:56,636
DA:57,636
DA:58,636
DA:59,1908
DA:60,1908
DA:61,1908
DA:62,1908
DA:63,1908
DA:64,1908
DA:65,1908
DA:66,1908
DA:67,1908
DA:68,1908
DA:69,1908
DA:70,1908
DA:71,1908
DA:72,1908
DA:73,1908
DA:74,1908
DA:76,636
DA:77,636
DA:78,636
DA:79,636
DA:81,636
DA:83,2788
DA:84,2788
DA:85,2788
DA:86,2788
DA:87,2788
DA:88,2788
DA:90,2788
DA:92,0
DA:93,0
DA:94,0
LF:71
LH:68
BRDA:13,0,0,5264
BRDA:16,1,0,522
BRDA:16,2,0,4742
BRDA:18,3,0,120
BRDA:18,4,0,5144
BRDA:20,5,0,658
BRDA:28,6,0,4606
BRDA:30,7,0,533
BRDA:41,8,0,4073
BRDA:43,9,0,649
BRDA:51,10,0,3424
BRDA:53,11,0,636
BRDA:81,12,0,2788
BRDA:36,13,0,2132
BRDA:58,14,0,1908
BRDA:69,15,0,36
BRDA:69,16,0,1872
BRF:17
BRH:17
end_of_record
TN:
SF:src\performance\performance-generator.ts
FN:92,SeededRandom
FN:96,next
FN:101,pick
FN:106,createPerformanceScenario
FN:207,createPerformanceModel
FN:222,sampleValueFor
FN:242,emptyValueFor
FN:246,parseIntegerInput
FN:250,normalizeConfig
FN:259,addValidations
FN:273,createSectionPolicy
FN:275,addValidations
FN:302,formatControlLabel
FNF:13
FNH:13
FNDA:34,SeededRandom
FNDA:2144,next
FNDA:2144,pick
FNDA:34,createPerformanceScenario
FNDA:16,createPerformanceModel
FNDA:64,sampleValueFor
FNDA:2144,emptyValueFor
FNDA:24,parseIntegerInput
FNDA:42,normalizeConfig
FNDA:25,addValidations
FNDA:120,createSectionPolicy
FNDA:204,addValidations
FNDA:2144,formatControlLabel
DA:1,1
DA:66,1
DA:67,1
DA:68,1
DA:69,1
DA:70,1
DA:72,1
DA:73,1
DA:74,1
DA:76,1
DA:77,1
DA:78,1
DA:79,1
DA:80,1
DA:81,1
DA:82,1
DA:83,1
DA:84,1
DA:85,1
DA:86,1
DA:87,1
DA:89,1
DA:92,1
DA:93,34
DA:94,34
DA:96,1
DA:97,2144
DA:98,2144
DA:99,2144
DA:101,1
DA:102,2144
DA:103,2144
DA:104,1
DA:106,1
DA:107,34
DA:108,34
DA:109,34
DA:110,34
DA:111,34
DA:112,34
DA:113,34
DA:114,34
DA:116,34
DA:117,120
DA:118,120
DA:119,120
DA:120,120
DA:121,120
DA:123,120
DA:125,120
DA:126,2144
DA:127,2144
DA:128,2144
DA:129,2144
DA:130,2144
DA:131,2144
DA:132,2144
DA:133,2144
DA:134,2144
DA:135,2144
DA:137,2144
DA:138,2144
DA:139,266
DA:140,266
DA:141,266
DA:142,266
DA:143,266
DA:144,266
DA:145,2144
DA:147,2144
DA:148,2144
DA:149,2144
DA:151,120
DA:152,120
DA:153,106
DA:154,120
DA:155,7
DA:156,7
DA:157,7
DA:159,120
DA:160,120
DA:161,120
DA:163,120
DA:164,120
DA:165,120
DA:166,120
DA:167,120
DA:168,120
DA:169,120
DA:170,120
DA:171,120
DA:172,120
DA:173,120
DA:174,120
DA:175,120
DA:176,120
DA:178,120
DA:179,120
DA:180,120
DA:181,120
DA:182,120
DA:183,120
DA:184,120
DA:185,120
DA:186,120
DA:187,120
DA:188,120
DA:190,120
DA:191,120
DA:192,120
DA:193,120
DA:194,120
DA:195,120
DA:196,120
DA:197,120
DA:198,120
DA:199,120
DA:200,120
DA:201,120
DA:202,120
DA:203,120
DA:204,120
DA:205,120
DA:207,1
DA:208,16
DA:209,16
DA:210,16
DA:211,16
DA:212,16
DA:213,16
DA:214,16
DA:215,32
DA:216,32
DA:217,16
DA:218,16
DA:219,16
DA:220,16
DA:222,1
DA:223,64
DA:224,64
DA:225,64
DA:226,14
DA:227,64
DA:228,13
DA:229,64
DA:230,6
DA:231,64
DA:232,10
DA:233,64
DA:234,8
DA:235,64
DA:236,7
DA:237,64
DA:238,6
DA:239,64
DA:240,64
DA:242,1
DA:243,2144
DA:244,2144
DA:246,1
DA:247,24
DA:248,24
DA:250,1
DA:251,42
DA:252,42
DA:253,42
DA:254,42
DA:255,42
DA:256,42
DA:258,1
DA:259,1
DA:260,25
DA:261,25
DA:262,25
DA:263,25
DA:264,25
DA:265,25
DA:266,25
DA:267,25
DA:268,25
DA:269,25
DA:270,25
DA:271,1
DA:273,120
DA:274,120
DA:275,120
DA:276,204
DA:277,3568
DA:278,180
DA:279,3388
DA:281,3568
DA:282,3568
DA:283,3568
DA:284,974
DA:285,3568
DA:286,542
DA:287,3568
DA:288,356
DA:289,3568
DA:290,450
DA:291,3568
DA:292,446
DA:293,3568
DA:294,3568
DA:295,800
DA:296,3568
DA:297,204
DA:298,204
DA:299,120
DA:300,120
DA:302,2144
DA:303,2144
DA:304,2144
DA:305,298
DA:306,2144
DA:307,325
DA:308,2144
DA:309,214
DA:310,2144
DA:311,270
DA:312,2144
DA:313,268
DA:314,2144
DA:315,215
DA:316,2144
DA:317,288
DA:318,2144
DA:319,266
DA:320,2144
DA:321,2144
LF:230
LH:230
BRDA:92,0,0,34
BRDA:96,1,0,2144
BRDA:101,2,0,2144
BRDA:102,3,0,0
BRDA:106,4,0,34
BRDA:116,5,0,120
BRDA:125,6,0,2144
BRDA:137,7,0,215
BRDA:138,8,0,266
BRDA:145,9,0,298
BRDA:145,10,0,113
BRDA:152,11,0,106
BRDA:152,12,0,106
BRDA:154,13,0,14
BRDA:154,14,0,7
BRDA:156,15,0,2
BRDA:151,16,0,814
BRDA:174,17,0,2144
BRDA:178,18,0,120
BRDA:184,19,0,120
BRDA:185,20,0,120
BRDA:186,21,0,120
BRDA:186,22,0,2144
BRDA:207,23,0,16
BRDA:214,24,0,32
BRDA:216,25,0,128
BRDA:222,26,0,64
BRDA:224,27,0,12
BRDA:225,28,0,14
BRDA:227,29,0,13
BRDA:229,30,0,6
BRDA:231,31,0,10
BRDA:233,32,0,8
BRDA:235,33,0,7
BRDA:236,34,0,0
BRDA:237,35,0,6
BRDA:238,36,0,0
BRDA:242,37,0,2144
BRDA:243,38,0,268
BRDA:243,39,0,1876
BRDA:246,40,0,24
BRDA:247,41,0,0
BRDA:250,42,0,42
BRDA:259,43,0,25
BRDA:273,44,0,120
BRDA:275,45,0,204
BRDA:276,46,0,3568
BRDA:277,47,0,180
BRDA:278,48,0,3388
BRDA:282,49,0,497
BRDA:283,50,0,974
BRDA:285,51,0,542
BRDA:287,52,0,356
BRDA:289,53,0,450
BRDA:291,54,0,446
BRDA:293,55,0,358
BRDA:294,56,0,800
BRDA:302,57,0,2144
BRDA:304,58,0,298
BRDA:306,59,0,325
BRDA:308,60,0,214
BRDA:310,61,0,270
BRDA:312,62,0,268
BRDA:314,63,0,215
BRDA:316,64,0,288
BRDA:318,65,0,266
BRF:66
BRH:62
end_of_record
TN:
SF:src\policies\complex-policies.ts
FN:4,addValidations
FN:16,createAddressPolicy
FN:18,addValidations
FN:29,createContactPolicy
FN:31,addValidations
FNF:5
FNH:5
FNDA:59,addValidations
FNDA:59,createAddressPolicy
FNDA:59,addValidations
FNDA:59,createContactPolicy
FNDA:59,addValidations
DA:3,1
DA:4,1
DA:5,59
DA:6,59
DA:7,59
DA:8,59
DA:9,59
DA:10,59
DA:11,59
DA:12,59
DA:13,59
DA:14,1
DA:16,1
DA:17,59
DA:18,59
DA:19,59
DA:20,75
DA:21,75
DA:22,75
DA:23,75
DA:24,59
DA:25,59
DA:26,59
DA:27,59
DA:29,1
DA:30,59
DA:31,59
DA:32,59
DA:33,75
DA:34,75
DA:35,59
DA:36,59
DA:37,59
DA:38,59
LF:34
LH:34
BRDA:4,0,0,59
BRDA:9,1,0,24
BRDA:16,2,0,59
BRDA:18,3,0,59
BRDA:19,4,0,75
BRDA:29,5,0,59
BRDA:31,6,0,59
BRDA:32,7,0,75
BRF:8
BRH:8
end_of_record
TN:
SF:src\state-integrations\models.ts
FN:28,addValidations
FNF:1
FNH:1
FNDA:18,addValidations
DA:23,1
DA:24,1
DA:25,1
DA:27,1
DA:28,1
DA:29,18
DA:30,18
DA:31,18
DA:32,18
DA:33,18
DA:34,18
DA:35,18
DA:36,1
DA:38,1
DA:39,1
DA:40,1
DA:41,1
DA:42,1
DA:44,1
DA:45,1
DA:46,1
DA:47,1
DA:48,1
DA:49,1
DA:50,1
DA:51,1
DA:52,1
DA:53,1
DA:54,1
DA:55,1
DA:56,1
DA:57,1
LF:32
LH:32
BRDA:28,0,0,18
BRF:1
BRH:1
end_of_record
TN:
SF:src\state-integrations\state-integration-route.tsx
FN:10,StateIntegrationRoute
FNF:1
FNH:1
FNDA:45,StateIntegrationRoute
DA:2,1
DA:3,1
DA:4,1
DA:5,1
DA:6,1
DA:7,1
DA:10,1
DA:11,45
DA:12,45
DA:13,45
DA:14,45
DA:18,45
DA:19,45
DA:20,18
DA:21,27
DA:22,11
DA:23,16
DA:24,9
DA:25,7
DA:26,45
DA:27,45
DA:28,45
DA:29,18
DA:30,18
DA:31,45
DA:32,11
DA:33,11
DA:34,45
DA:35,9
DA:36,9
DA:37,45
DA:38,7
DA:39,45
DA:40,45
DA:41,45
DA:42,45
DA:43,45
DA:45,45
LF:38
LH:38
BRDA:10,0,0,45
BRDA:19,1,0,18
BRDA:20,2,0,27
BRDA:21,3,0,11
BRDA:22,4,0,16
BRDA:23,5,0,9
BRDA:24,6,0,7
BRDA:28,7,0,18
BRDA:31,8,0,11
BRDA:34,9,0,9
BRDA:37,10,0,7
BRF:11
BRH:11
end_of_record
TN:
SF:src\state-integrations\strategies.ts
FN:69,findStrategy
FNF:1
FNH:1
FNDA:90,findStrategy
DA:2,1
DA:3,1
DA:4,1
DA:5,1
DA:6,1
DA:7,1
DA:8,1
DA:10,1
DA:11,1
DA:12,1
DA:13,1
DA:14,1
DA:15,1
DA:16,1
DA:17,1
DA:18,1
DA:19,1
DA:20,1
DA:21,1
DA:22,1
DA:23,1
DA:24,1
DA:25,1
DA:26,1
DA:27,1
DA:28,1
DA:29,1
DA:30,1
DA:31,1
DA:32,1
DA:33,1
DA:34,1
DA:35,1
DA:36,1
DA:37,1
DA:38,1
DA:39,1
DA:40,1
DA:41,1
DA:42,1
DA:43,1
DA:44,1
DA:45,1
DA:46,1
DA:47,1
DA:48,1
DA:49,1
DA:50,1
DA:51,1
DA:52,1
DA:53,1
DA:54,1
DA:55,1
DA:56,1
DA:57,1
DA:58,1
DA:59,1
DA:60,1
DA:61,1
DA:62,1
DA:63,1
DA:64,1
DA:65,1
DA:66,1
DA:67,1
DA:69,1
DA:70,90
DA:71,90
LF:68
LH:68
BRDA:69,0,0,90
BRDA:70,1,0,300
BRF:2
BRH:2
end_of_record
TN:
SF:src\state-integrations\types.ts
FN:40,useShowcaseState
FN:46,countPopulatedValues
FN:55,cloneModel
FNF:3
FNH:3
FNDA:748,useShowcaseState
FNDA:6429,countPopulatedValues
FNDA:163,cloneModel
DA:1,1
DA:4,1
DA:5,1
DA:6,1
DA:7,1
DA:8,1
DA:9,1
DA:10,1
DA:11,1
DA:12,1
DA:38,1
DA:40,1
DA:41,748
DA:42,748
DA:43,748
DA:44,748
DA:46,1
DA:47,6429
DA:48,6429
DA:49,1139
DA:50,1139
DA:51,1139
DA:52,6429
DA:53,6429
DA:55,1
DA:56,163
DA:57,163
DA:58,0
DA:59,163
LF:29
LH:28
BRDA:40,0,0,748
BRDA:42,1,0,0
BRDA:46,2,0,6429
BRDA:47,3,0,176
BRDA:47,4,0,6253
BRDA:48,5,0,2001
BRDA:48,6,0,1139
BRDA:51,7,0,5114
BRDA:52,8,0,4943
BRDA:52,9,0,4149
BRDA:52,10,0,4453
BRDA:52,11,0,862
BRDA:52,12,0,4252
BRDA:47,13,0,292
BRDA:50,14,0,5940
BRDA:55,15,0,163
BRDA:57,16,0,0
BRF:17
BRH:15
end_of_record
TN:
SF:src\state-integrations\use-managed-validation-form.ts
FN:16,useManagedValidationForm
FN:75,setPropertyValue
FN:80,setAtPath
FNF:3
FNH:3
FNDA:360,useManagedValidationForm
FNDA:57,setPropertyValue
FNDA:146,setAtPath
DA:1,1
DA:2,1
DA:11,1
DA:16,1
DA:17,360
DA:18,360
DA:19,360
DA:20,360
DA:21,360
DA:22,360
DA:23,360
DA:24,360
DA:25,360
DA:26,360
DA:27,360
DA:28,360
DA:29,360
DA:30,360
DA:31,360
DA:33,360
DA:34,57
DA:35,57
DA:36,57
DA:37,57
DA:38,48
DA:39,360
DA:41,360
DA:42,56
DA:43,56
DA:44,360
DA:46,360
DA:48,360
DA:49,32
DA:50,32
DA:51,32
DA:52,360
DA:54,360
DA:55,360
DA:56,360
DA:57,360
DA:58,32
DA:59,32
DA:60,32
DA:61,8
DA:62,360
DA:64,360
DA:65,360
DA:66,360
DA:67,360
DA:68,360
DA:69,360
DA:70,360
DA:71,360
DA:72,360
DA:73,360
DA:75,57
DA:76,57
DA:77,57
DA:78,57
DA:80,146
DA:81,146
DA:82,89
DA:83,89
DA:84,89
DA:85,0
DA:86,89
DA:87,146
DA:88,146
DA:89,146
DA:90,146
LF:70
LH:69
BRDA:16,0,0,360
BRDA:23,1,0,38
BRDA:33,2,0,57
BRDA:37,3,0,9
BRDA:37,4,0,48
BRDA:36,5,0,57
BRDA:41,6,0,56
BRDA:46,7,0,9
BRDA:48,8,0,32
BRDA:50,9,0,8
BRDA:54,10,0,360
BRDA:57,11,0,32
BRDA:60,12,0,24
BRDA:60,13,0,8
BRDA:64,14,0,360
BRDA:75,15,0,57
BRDA:80,16,0,146
BRDA:81,17,0,57
BRDA:81,18,0,89
BRDA:84,19,0,0
BRDA:85,20,0,89
BRDA:86,21,0,0
BRDA:87,22,0,89
BRDA:88,23,0,0
BRDA:88,24,0,0
BRDA:88,25,0,89
BRF:26
BRH:22
end_of_record
TN:
SF:src\state-integrations\pages\page-frame.tsx
FN:13,StatePageFrame
FN:55,onClick
FN:80,StateReadout
FNF:3
FNH:3
FNDA:374,StatePageFrame
FNDA:7,onClick
FNDA:374,StateReadout
DA:2,1
DA:4,1
DA:6,1
DA:7,1
DA:8,1
DA:9,1
DA:10,1
DA:11,1
DA:13,1
DA:14,374
DA:15,374
DA:16,374
DA:17,374
DA:18,374
DA:19,374
DA:20,374
DA:21,374
DA:22,374
DA:30,374
DA:31,374
DA:32,374
DA:33,374
DA:34,374
DA:35,374
DA:36,374
DA:37,374
DA:38,374
DA:39,374
DA:40,374
DA:41,374
DA:42,374
DA:43,374
DA:44,374
DA:45,374
DA:46,374
DA:47,1496
DA:48,1496
DA:49,1496
DA:50,1496
DA:51,1496
DA:52,1496
DA:53,1496
DA:54,1496
DA:55,1496
DA:56,7
DA:57,7
DA:58,7
DA:60,1496
DA:61,1496
DA:63,374
DA:64,374
DA:65,374
DA:66,374
DA:67,374
DA:68,374
DA:69,374
DA:70,374
DA:71,374
DA:72,374
DA:73,374
DA:74,374
DA:75,374
DA:76,374
DA:78,374
DA:80,1
DA:81,374
DA:82,374
DA:83,374
DA:84,374
DA:85,374
DA:86,374
DA:88,374
LF:72
LH:72
BRDA:13,0,0,374
BRDA:46,1,0,1496
BRDA:52,2,0,374
BRDA:52,3,0,1122
BRDA:54,4,0,374
BRDA:54,5,0,1122
BRDA:55,6,0,7
BRDA:80,7,0,374
BRF:8
BRH:8
end_of_record
TN:
SF:src\state-integrations\pages\state-complex-page.tsx
FN:19,StateComplexPage
FN:58,addAddress
FN:63,removeAddress
FN:68,addContact
FN:73,removeContact
FN:78,populate
FN:83,reset
FN:100,onClick
FN:111,onValidate
FN:129,onValidate
FN:140,onClick
FN:149,onValidate
FN:158,onClick
FN:171,ManagedFormSection
FNF:14
FNH:12
FNDA:123,StateComplexPage
FNDA:8,addAddress
FNDA:8,removeAddress
FNDA:8,addContact
FNDA:8,removeContact
FNDA:8,populate
FNDA:8,reset
FNDA:8,onClick
FNDA:8,onValidate
FNDA:0,onValidate
FNDA:8,onClick
FNDA:0,onValidate
FNDA:8,onClick
FNDA:369,ManagedFormSection
DA:1,1
DA:2,1
DA:8,1
DA:9,1
DA:10,1
DA:15,1
DA:16,1
DA:17,1
DA:19,1
DA:20,123
DA:21,123
DA:22,123
DA:23,59
DA:24,59
DA:25,59
DA:26,123
DA:27,123
DA:28,59
DA:29,59
DA:30,59
DA:31,59
DA:32,59
DA:33,59
DA:34,59
DA:35,59
DA:36,59
DA:37,59
DA:38,59
DA:39,75
DA:40,59
DA:41,59
DA:42,59
DA:43,59
DA:44,59
DA:45,59
DA:46,59
DA:47,59
DA:48,123
DA:49,123
DA:50,123
DA:51,123
DA:52,123
DA:53,123
DA:54,123
DA:55,123
DA:56,123
DA:58,123
DA:59,8
DA:60,8
DA:61,8
DA:62,8
DA:63,123
DA:64,8
DA:65,8
DA:66,8
DA:67,8
DA:68,123
DA:69,8
DA:70,8
DA:71,8
DA:72,8
DA:73,123
DA:74,8
DA:75,8
DA:76,8
DA:77,8
DA:78,123
DA:79,8
DA:80,8
DA:81,8
DA:82,8
DA:83,123
DA:84,8
DA:85,8
DA:86,8
DA:87,8
DA:89,123
DA:90,123
DA:91,123
DA:92,123
DA:93,123
DA:94,123
DA:95,123
DA:96,123
DA:97,123
DA:98,123
DA:99,123
DA:100,123
DA:101,123
DA:103,123
DA:104,123
DA:105,123
DA:106,123
DA:107,123
DA:108,123
DA:109,123
DA:110,123
DA:111,123
DA:113,123
DA:114,123
DA:115,123
DA:116,123
DA:117,123
DA:118,123
DA:119,123
DA:120,123
DA:121,123
DA:122,123
DA:123,123
DA:124,123
DA:126,123
DA:127,123
DA:128,123
DA:129,123
DA:131,123
DA:132,163
DA:133,163
DA:134,163
DA:135,163
DA:136,163
DA:137,163
DA:138,163
DA:139,163
DA:140,163
DA:141,163
DA:142,123
DA:143,123
DA:144,123
DA:146,123
DA:147,123
DA:148,123
DA:149,123
DA:151,123
DA:152,163
DA:153,163
DA:154,163
DA:155,163
DA:156,163
DA:157,163
DA:158,163
DA:159,163
DA:160,123
DA:161,123
DA:162,123
DA:164,123
DA:165,123
DA:166,123
DA:167,123
DA:169,123
DA:171,369
DA:172,369
DA:173,369
DA:174,369
DA:175,369
DA:176,369
DA:181,369
DA:182,369
DA:183,369
DA:184,369
DA:185,369
DA:186,369
DA:187,369
DA:188,369
DA:189,369
DA:190,369
DA:192,369
LF:166
LH:166
BRDA:19,0,0,123
BRDA:116,1,0,16
BRDA:116,2,0,107
BRDA:123,3,0,72
BRDA:123,4,0,51
BRDA:22,5,0,59
BRDA:27,6,0,59
BRDA:38,7,0,75
BRDA:39,8,0,300
BRDA:46,9,0,75
BRDA:58,10,0,8
BRDA:61,11,0,8
BRDA:63,12,0,8
BRDA:64,13,0,16
BRDA:66,14,0,8
BRDA:68,15,0,8
BRDA:71,16,0,8
BRDA:73,17,0,8
BRDA:74,18,0,16
BRDA:76,19,0,8
BRDA:78,20,0,8
BRDA:83,21,0,8
BRDA:100,22,0,8
BRDA:105,23,0,8
BRDA:111,24,0,8
BRDA:131,25,0,163
BRDA:140,26,0,80
BRDA:140,27,0,83
BRDA:140,28,0,8
BRDA:151,29,0,163
BRDA:158,30,0,80
BRDA:158,31,0,83
BRDA:158,32,0,8
BRDA:171,33,0,369
BRDA:182,34,0,8
BRDA:182,35,0,361
BRDA:182,36,0,8
BRDA:182,37,0,0
BRDA:186,38,0,8
BRDA:186,39,0,0
BRDA:186,40,0,8
BRDA:186,41,0,8
BRDA:186,42,0,361
BRF:43
BRH:41
end_of_record
TN:
SF:src\state-integrations\pages\state-home-page.tsx
FN:5,StateHomePage
FN:7,open
FN:31,onClick
FNF:3
FNH:3
FNDA:14,StateHomePage
FNDA:42,open
FNDA:7,onClick
DA:2,1
DA:3,1
DA:5,1
DA:6,14
DA:7,14
DA:8,0
DA:9,0
DA:10,0
DA:11,14
DA:12,14
DA:13,14
DA:14,14
DA:15,14
DA:16,14
DA:17,14
DA:18,14
DA:20,14
DA:21,14
DA:22,14
DA:23,14
DA:24,14
DA:25,14
DA:26,14
DA:27,14
DA:28,14
DA:29,14
DA:30,14
DA:31,14
DA:32,14
DA:33,14
DA:34,14
DA:35,14
DA:36,14
DA:37,14
DA:38,42
DA:39,42
DA:40,42
DA:41,42
DA:42,42
DA:43,14
DA:44,14
DA:45,14
DA:46,14
DA:48,14
LF:44
LH:41
BRDA:5,0,0,14
BRDA:7,1,0,42
BRDA:30,2,0,54
BRDA:31,3,0,7
BRDA:37,4,0,42
BRDA:40,5,0,14
BRDA:40,6,0,28
BRDA:40,7,0,14
BRDA:40,8,0,14
BRF:9
BRH:9
end_of_record
TN:
SF:src\state-integrations\pages\state-performance-page.tsx
FN:20,StatePerformancePage
FN:32,generate
FN:47,validateAll
FN:57,populate
FN:61,reset
FN:79,onClick
FN:95,onClick
FN:96,onClick
FN:97,onClick
FN:107,onClick
FNF:10
FNH:10
FNDA:145,StatePerformancePage
FNDA:8,generate
FNDA:16,validateAll
FNDA:16,populate
FNDA:8,reset
FNDA:8,onClick
FNDA:16,onClick
FNDA:8,onClick
FNDA:8,onClick
FNDA:8,onClick
DA:1,1
DA:2,1
DA:3,1
DA:4,1
DA:5,1
DA:6,1
DA:17,1
DA:18,1
DA:20,1
DA:21,145
DA:22,145
DA:23,145
DA:24,145
DA:25,145
DA:26,145
DA:27,145
DA:28,145
DA:29,145
DA:30,145
DA:32,145
DA:33,8
DA:34,8
DA:35,0
DA:36,0
DA:37,0
DA:38,8
DA:39,8
DA:40,8
DA:41,8
DA:42,8
DA:43,8
DA:44,8
DA:45,8
DA:46,8
DA:47,145
DA:48,16
DA:49,16
DA:50,16
DA:51,16
DA:52,16
DA:53,16
DA:54,16
DA:55,16
DA:56,16
DA:57,145
DA:58,16
DA:59,16
DA:60,16
DA:61,145
DA:62,8
DA:63,8
DA:64,8
DA:65,8
DA:66,8
DA:67,145
DA:68,145
DA:69,145
DA:70,145
DA:71,145
DA:72,145
DA:73,145
DA:74,145
DA:76,145
DA:77,145
DA:78,145
DA:79,145
DA:80,145
DA:81,145
DA:82,145
DA:83,145
DA:84,145
DA:85,145
DA:86,145
DA:87,145
DA:88,145
DA:89,145
DA:90,145
DA:91,145
DA:92,145
DA:93,145
DA:94,145
DA:95,145
DA:96,145
DA:97,145
DA:98,145
DA:99,145
DA:100,145
DA:101,145
DA:102,145
DA:103,145
DA:104,404
DA:105,404
DA:106,404
DA:107,404
DA:108,404
DA:109,404
DA:110,404
DA:111,5264
DA:112,404
DA:113,404
DA:114,404
DA:115,145
DA:116,145
DA:117,145
DA:118,145
DA:119,145
DA:121,145
LF:107
LH:104
BRDA:20,0,0,145
BRDA:23,1,0,9
BRDA:32,2,0,8
BRDA:34,3,0,0
BRDA:47,4,0,16
BRDA:51,5,0,16
BRDA:54,6,0,0
BRDA:57,7,0,16
BRDA:58,8,0,128
BRDA:58,9,0,64
BRDA:58,10,0,64
BRDA:59,11,0,16
BRDA:59,12,0,8
BRDA:59,13,0,8
BRDA:61,14,0,8
BRDA:79,15,0,8
BRDA:95,16,0,16
BRDA:96,17,0,8
BRDA:97,18,0,8
BRDA:102,19,0,8
BRDA:102,20,0,8
BRDA:103,21,0,404
BRDA:107,22,0,8
BRDA:110,23,0,5264
BRF:24
BRH:22
end_of_record
TN:
SF:src\state-integrations\pages\state-simple-page.tsx
FN:13,StateSimplePage
FN:21,reset
FNF:2
FNH:2
FNDA:92,StateSimplePage
FNDA:8,reset
DA:1,1
DA:2,1
DA:3,1
DA:4,1
DA:5,1
DA:7,1
DA:8,1
DA:10,1
DA:11,1
DA:13,1
DA:14,92
DA:15,92
DA:16,92
DA:17,92
DA:18,92
DA:19,92
DA:20,92
DA:21,92
DA:22,8
DA:23,8
DA:24,8
DA:25,92
DA:26,92
DA:27,92
DA:28,92
DA:29,92
DA:30,92
DA:31,92
DA:32,92
DA:34,92
DA:35,92
DA:36,92
DA:37,92
DA:38,92
DA:39,92
DA:40,92
DA:41,92
DA:42,92
DA:43,92
DA:44,92
DA:45,92
DA:46,92
DA:47,92
DA:48,92
DA:49,92
DA:50,92
DA:51,92
DA:52,92
DA:53,92
DA:54,92
DA:55,92
DA:56,92
DA:57,92
DA:58,92
DA:59,92
DA:60,92
DA:61,92
DA:63,92
LF:58
LH:58
BRDA:13,0,0,92
BRDA:21,1,0,8
BRDA:38,2,0,8
BRDA:39,3,0,8
BRF:4
BRH:4
end_of_record
TN:
SF:src\state-integrations\providers\context-provider.tsx
FN:13,reducer
FN:20,ContextStateProvider
FN:30,ContextConsumerBridge
FNF:3
FNH:3
FNDA:19,reducer
FNDA:24,ContextStateProvider
FNDA:24,ContextConsumerBridge
DA:1,1
DA:3,1
DA:8,1
DA:11,1
DA:13,19
DA:14,19
DA:15,19
DA:16,19
DA:17,19
DA:18,19
DA:20,1
DA:21,24
DA:22,24
DA:23,24
DA:24,24
DA:25,24
DA:26,24
DA:28,24
DA:30,24
DA:31,24
DA:32,24
DA:33,24
DA:34,24
DA:35,24
DA:36,24
DA:37,24
DA:38,24
DA:39,24
DA:40,24
DA:41,24
DA:42,24
DA:43,24
LF:32
LH:32
BRDA:13,0,0,19
BRDA:15,1,0,4
BRDA:15,2,0,15
BRDA:20,3,0,24
BRDA:21,4,0,5
BRDA:22,5,0,24
BRDA:30,6,0,24
BRDA:32,7,0,0
BRDA:33,8,0,15
BRDA:34,9,0,4
BRDA:35,10,0,24
BRF:11
BRH:10
end_of_record
TN:
SF:src\state-integrations\providers\jotai-provider.tsx
FN:12,JotaiProvider
FN:25,JotaiBridge
FN:33,setModel
FN:37,reset
FNF:4
FNH:4
FNDA:5,JotaiProvider
FNDA:29,JotaiBridge
FNDA:15,setModel
FNDA:4,reset
DA:1,1
DA:2,1
DA:4,1
DA:12,1
DA:13,5
DA:14,5
DA:15,5
DA:16,5
DA:17,5
DA:18,5
DA:19,5
DA:20,5
DA:21,5
DA:22,5
DA:23,5
DA:25,29
DA:26,29
DA:27,29
DA:28,29
DA:29,29
DA:30,24
DA:31,24
DA:32,24
DA:33,24
DA:34,15
DA:35,15
DA:36,15
DA:37,24
DA:38,4
DA:39,4
DA:40,4
DA:41,29
DA:42,29
DA:43,29
LF:34
LH:34
BRDA:12,0,0,5
BRDA:13,1,0,5
BRDA:14,2,0,5
BRDA:19,3,0,24
BRDA:25,4,0,29
BRDA:29,5,0,24
BRDA:33,6,0,15
BRDA:35,7,0,15
BRDA:37,8,0,4
BRDA:39,9,0,4
BRF:10
BRH:10
end_of_record
TN:
SF:src\state-integrations\providers\local-state-provider.tsx
FN:4,LocalStateProvider
FNF:1
FNH:1
FNDA:53,LocalStateProvider
DA:1,1
DA:2,1
DA:4,1
DA:5,53
DA:6,53
DA:7,53
DA:8,30
DA:9,30
DA:10,53
DA:11,53
DA:12,8
DA:13,8
DA:14,53
DA:15,53
DA:16,53
DA:17,53
DA:18,53
DA:19,53
DA:20,53
DA:21,53
DA:22,53
DA:23,53
LF:22
LH:22
BRDA:4,0,0,53
BRDA:5,1,0,15
BRDA:6,2,0,38
BRDA:7,3,0,30
BRDA:11,4,0,8
BRDA:15,5,0,53
BRF:6
BRH:6
end_of_record
TN:
SF:src\state-integrations\providers\mobx-provider.tsx
FN:11,MobxShowcaseStore
FN:16,get populatedValues
FN:20,replaceModel
FN:25,resetModel
FN:31,MobxProvider
FN:36,MobxBridge2
FNF:6
FNH:6
FNDA:5,MobxShowcaseStore
FNDA:24,get populatedValues
FNDA:15,replaceModel
FNDA:4,resetModel
FNDA:5,MobxProvider
FNDA:24,MobxBridge2
DA:1,1
DA:2,1
DA:3,1
DA:5,1
DA:7,1
DA:9,1
DA:11,1
DA:12,5
DA:13,5
DA:14,5
DA:16,1
DA:17,24
DA:18,24
DA:20,1
DA:21,15
DA:22,15
DA:23,15
DA:25,1
DA:26,4
DA:27,4
DA:28,4
DA:29,1
DA:31,1
DA:32,5
DA:33,5
DA:34,5
DA:36,1
DA:37,24
DA:38,24
DA:39,24
DA:40,24
DA:41,24
DA:42,24
DA:43,24
DA:44,24
DA:45,24
LF:36
LH:36
BRDA:11,0,0,5
BRDA:16,1,0,24
BRDA:20,2,0,15
BRDA:25,3,0,4
BRDA:31,4,0,5
BRDA:32,5,0,5
BRDA:36,6,0,24
BRDA:37,7,0,24
BRF:8
BRH:8
end_of_record
TN:
SF:src\state-integrations\providers\recoil-provider.tsx
FN:22,get current
FN:39,get
FN:42,RecoilProvider
FN:44,initializeState
FN:50,RecoilBridge
FN:58,setModel
FN:62,reset
FNF:7
FNH:7
FNDA:72,get current
FNDA:24,get
FNDA:5,RecoilProvider
FNDA:5,initializeState
FNDA:24,RecoilBridge
FNDA:15,setModel
FNDA:4,reset
DA:1,1
DA:2,1
DA:4,1
DA:16,1
DA:17,1
DA:18,1
DA:19,1
DA:20,1
DA:21,1
DA:22,1
DA:23,1
DA:24,1
DA:25,1
DA:26,1
DA:28,1
DA:29,1
DA:30,1
DA:31,1
DA:32,1
DA:33,1
DA:34,1
DA:35,1
DA:36,1
DA:37,1
DA:38,1
DA:39,1
DA:40,1
DA:42,1
DA:43,5
DA:44,5
DA:45,5
DA:46,5
DA:48,5
DA:50,24
DA:51,24
DA:52,24
DA:53,24
DA:54,24
DA:55,24
DA:56,24
DA:57,24
DA:58,24
DA:59,15
DA:60,15
DA:61,15
DA:62,24
DA:63,4
DA:64,4
DA:65,4
DA:66,24
DA:67,24
DA:68,24
LF:52
LH:52
BRDA:22,0,0,72
BRDA:39,1,0,24
BRDA:42,2,0,5
BRDA:44,3,0,5
BRDA:50,4,0,24
BRDA:54,5,0,24
BRDA:58,6,0,15
BRDA:60,7,0,15
BRDA:62,8,0,4
BRDA:64,9,0,4
BRF:10
BRH:10
end_of_record
TN:
SF:src\state-integrations\providers\redux-toolkit-provider.tsx
FN:10,createShowcaseStore
FN:15,modelReplaced
FN:19,modelReset
FN:29,selectShowcaseState
FN:37,ReduxToolkitProvider
FN:42,ReduxBridge
FN:51,setModel
FN:52,reset
FNF:8
FNH:8
FNDA:5,createShowcaseStore
FNDA:15,modelReplaced
FNDA:4,modelReset
FNDA:50,selectShowcaseState
FNDA:5,ReduxToolkitProvider
FNDA:24,ReduxBridge
FNDA:15,setModel
FNDA:4,reset
DA:1,1
DA:2,1
DA:3,1
DA:5,1
DA:10,5
DA:11,5
DA:12,5
DA:13,5
DA:14,5
DA:15,5
DA:16,15
DA:17,15
DA:18,15
DA:19,5
DA:20,4
DA:21,4
DA:22,4
DA:23,5
DA:24,5
DA:25,5
DA:26,5
DA:27,5
DA:29,1
DA:30,1
DA:31,1
DA:32,1
DA:33,1
DA:34,1
DA:35,1
DA:37,1
DA:38,5
DA:39,5
DA:40,5
DA:42,24
DA:43,24
DA:44,24
DA:45,24
DA:46,24
DA:47,24
DA:48,24
DA:49,24
DA:50,24
DA:51,24
DA:52,24
DA:53,24
DA:54,24
DA:55,24
LF:47
LH:47
BRDA:10,0,0,5
BRDA:15,1,0,15
BRDA:19,2,0,4
BRDA:29,3,0,50
BRDA:32,4,0,24
BRDA:34,5,0,24
BRDA:37,6,0,5
BRDA:38,7,0,5
BRDA:42,8,0,24
BRDA:47,9,0,24
BRDA:51,10,0,15
BRDA:52,11,0,4
BRF:12
BRH:12
end_of_record
TN:
SF:src\state-integrations\providers\zustand-provider.tsx
FN:14,createShowcaseStore
FN:18,replaceModel
FN:19,resetModel
FN:23,ZustandProvider
FNF:4
FNH:4
FNDA:5,createShowcaseStore
FNDA:15,replaceModel
FNDA:4,resetModel
FNDA:24,ZustandProvider
DA:1,1
DA:2,1
DA:3,1
DA:5,1
DA:14,5
DA:15,5
DA:16,5
DA:17,5
DA:18,5
DA:19,5
DA:20,5
DA:21,5
DA:23,1
DA:24,24
DA:25,24
DA:26,24
DA:27,24
DA:28,24
DA:29,24
DA:30,24
DA:31,24
DA:32,24
DA:33,24
DA:34,24
DA:35,24
DA:36,24
DA:37,24
LF:27
LH:27
BRDA:14,0,0,5
BRDA:15,1,0,5
BRDA:18,2,0,15
BRDA:18,3,0,15
BRDA:19,4,0,4
BRDA:19,5,0,4
BRDA:23,6,0,24
BRDA:24,7,0,5
BRDA:25,8,0,91
BRDA:26,9,0,91
BRDA:27,10,0,91
BRDA:28,11,0,91
BRDA:29,12,0,24
BRF:13
BRH:13
end_of_record
