{"total": {"lines":{"total":552,"covered":544,"skipped":0,"pct":98.55},"statements":{"total":552,"covered":544,"skipped":0,"pct":98.55},"functions":{"total":51,"covered":49,"skipped":0,"pct":96.07},"branches":{"total":278,"covered":254,"skipped":0,"pct":91.36},"branchesTrue":{"total":0,"covered":0,"skipped":0,"pct":100}}
,"C:\\Kalyan\\Learning\\validation-rules-engine\\packages\\react\\src\\components\\validation-message.tsx": {"lines":{"total":9,"covered":9,"skipped":0,"pct":100},"functions":{"total":1,"covered":1,"skipped":0,"pct":100},"statements":{"total":9,"covered":9,"skipped":0,"pct":100},"branches":{"total":4,"covered":4,"skipped":0,"pct":100}}
,"C:\\Kalyan\\Learning\\validation-rules-engine\\packages\\react\\src\\components\\validation-summary.tsx": {"lines":{"total":20,"covered":20,"skipped":0,"pct":100},"functions":{"total":1,"covered":1,"skipped":0,"pct":100},"statements":{"total":20,"covered":20,"skipped":0,"pct":100},"branches":{"total":6,"covered":6,"skipped":0,"pct":100}}
,"C:\\Kalyan\\Learning\\validation-rules-engine\\packages\\react\\src\\context\\validation-rules-context.tsx": {"lines":{"total":26,"covered":26,"skipped":0,"pct":100},"functions":{"total":2,"covered":2,"skipped":0,"pct":100},"statements":{"total":26,"covered":26,"skipped":0,"pct":100},"branches":{"total":10,"covered":10,"skipped":0,"pct":100}}
,"C:\\Kalyan\\Learning\\validation-rules-engine\\packages\\react\\src\\engine\\validation-engine.ts": {"lines":{"total":272,"covered":268,"skipped":0,"pct":98.52},"functions":{"total":31,"covered":29,"skipped":0,"pct":93.54},"statements":{"total":272,"covered":268,"skipped":0,"pct":98.52},"branches":{"total":165,"covered":146,"skipped":0,"pct":88.48}}
,"C:\\Kalyan\\Learning\\validation-rules-engine\\packages\\react\\src\\hooks\\use-validation-field.ts": {"lines":{"total":68,"covered":68,"skipped":0,"pct":100},"functions":{"total":10,"covered":10,"skipped":0,"pct":100},"statements":{"total":68,"covered":68,"skipped":0,"pct":100},"branches":{"total":29,"covered":29,"skipped":0,"pct":100}}
,"C:\\Kalyan\\Learning\\validation-rules-engine\\packages\\react\\src\\hooks\\use-validation-form.ts": {"lines":{"total":55,"covered":51,"skipped":0,"pct":92.72},"functions":{"total":2,"covered":2,"skipped":0,"pct":100},"statements":{"total":55,"covered":51,"skipped":0,"pct":92.72},"branches":{"total":17,"covered":15,"skipped":0,"pct":88.23}}
,"C:\\Kalyan\\Learning\\validation-rules-engine\\packages\\react\\src\\hooks\\use-validation-rules.ts": {"lines":{"total":64,"covered":64,"skipped":0,"pct":100},"functions":{"total":1,"covered":1,"skipped":0,"pct":100},"statements":{"total":64,"covered":64,"skipped":0,"pct":100},"branches":{"total":20,"covered":18,"skipped":0,"pct":90}}
,"C:\\Kalyan\\Learning\\validation-rules-engine\\packages\\react\\src\\utilities\\paths.ts": {"lines":{"total":38,"covered":38,"skipped":0,"pct":100},"functions":{"total":3,"covered":3,"skipped":0,"pct":100},"statements":{"total":38,"covered":38,"skipped":0,"pct":100},"branches":{"total":27,"covered":26,"skipped":0,"pct":96.29}}
}
