TN:
SF:src\components\validation-message.tsx
FN:10,ValidationMessage
FNF:1
FNH:1
FNDA:191,ValidationMessage
DA:10,1
DA:11,191
DA:12,42
DA:13,42
DA:14,42
DA:15,42
DA:16,42
DA:17,42
DA:19,42
LF:9
LH:9
BRDA:10,0,0,191
BRDA:11,1,0,149
BRDA:11,2,0,42
BRDA:14,3,0,42
BRF:4
BRH:4
end_of_record
TN:
SF:src\components\validation-summary.tsx
FN:11,ValidationSummary
FNF:1
FNH:1
FNDA:64,ValidationSummary
DA:3,1
DA:11,1
DA:12,64
DA:13,64
DA:14,64
DA:15,64
DA:16,64
DA:17,64
DA:18,46
DA:19,46
DA:20,46
DA:21,46
DA:22,46
DA:23,48
DA:24,48
DA:25,48
DA:26,46
DA:27,46
DA:28,46
DA:30,46
LF:20
LH:20
BRDA:11,0,0,64
BRDA:17,1,0,18
BRDA:17,2,0,46
BRDA:22,3,0,48
BRDA:24,4,0,47
BRDA:24,5,0,1
BRF:6
BRH:6
end_of_record
TN:
SF:src\context\validation-rules-context.tsx
FN:17,ValidationRulesProvider
FN:35,useValidationRulesContext
FNF:2
FNH:2
FNDA:11,ValidationRulesProvider
FNDA:344,useValidationRulesContext
DA:1,1
DA:2,1
DA:15,1
DA:17,1
DA:18,11
DA:19,11
DA:20,11
DA:21,11
DA:22,11
DA:23,11
DA:24,11
DA:25,11
DA:26,11
DA:27,11
DA:28,11
DA:29,11
DA:30,11
DA:32,11
DA:33,11
DA:35,1
DA:36,344
DA:37,344
DA:38,2
DA:39,2
DA:40,341
DA:41,341
LF:26
LH:26
BRDA:17,0,0,11
BRDA:24,1,0,8
BRDA:25,2,0,1
BRDA:25,3,0,10
BRDA:26,4,0,1
BRDA:26,5,0,10
BRDA:27,6,0,11
BRDA:35,7,0,344
BRDA:37,8,0,2
BRDA:39,9,0,341
BRF:10
BRH:10
end_of_record
TN:
SF:src\engine\validation-engine.ts
FN:36,ValidationEngine
FN:44,registerPolicy
FN:67,replacePolicy
FN:77,unregisterPolicy
FN:81,hasPolicy
FN:85,registerGroup
FN:98,unregisterGroup
FN:102,subscribe
FN:112,getRevision
FN:116,getSnapshot
FN:126,getErrors
FN:131,validate
FN:146,validateField
FN:157,validateGroup
FN:164,touch
FN:169,clear
FN:188,notify
FN:192,resolveValidators
FN:203,validateValidators
FN:243,runRule
FN:258,dependencySatisfied
FN:273,updateGroupStatus
FN:283,emit
FN:289,normalizeName
FN:295,deduplicateResults
FN:305,parseLiteral
FN:315,resolveRuleResult
FN:321,finish
FN:328,next
FN:329,error
FN:330,complete
FNF:31
FNH:29
FNDA:22,ValidationEngine
FNDA:23,registerPolicy
FNDA:2,replacePolicy
FNDA:1,unregisterPolicy
FNDA:6,hasPolicy
FNDA:3,registerGroup
FNDA:1,unregisterGroup
FNDA:39,subscribe
FNDA:468,getRevision
FNDA:127,getSnapshot
FNDA:195,getErrors
FNDA:16,validate
FNDA:34,validateField
FNDA:3,validateGroup
FNDA:8,touch
FNDA:5,clear
FNDA:2,notify
FNDA:50,resolveValidators
FNDA:49,validateValidators
FNDA:97,runRule
FNDA:65,dependencySatisfied
FNDA:3,updateGroupStatus
FNDA:64,emit
FNDA:92,normalizeName
FNDA:46,deduplicateResults
FNDA:4,parseLiteral
FNDA:87,resolveRuleResult
FNDA:1,finish
FNDA:1,next
FNDA:0,error
FNDA:0,complete
DA:1,1
DA:14,1
DA:36,1
DA:37,22
DA:38,22
DA:39,22
DA:40,22
DA:41,22
DA:42,22
DA:44,1
DA:45,23
DA:46,23
DA:47,23
DA:48,23
DA:49,3
DA:50,23
DA:51,19
DA:52,19
DA:53,19
DA:54,19
DA:55,19
DA:56,19
DA:57,22
DA:58,22
DA:59,14
DA:60,13
DA:61,13
DA:62,14
DA:63,14
DA:64,14
DA:65,23
DA:67,1
DA:68,2
DA:69,2
DA:70,2
DA:71,2
DA:72,2
DA:73,2
DA:74,2
DA:75,2
DA:77,1
DA:78,1
DA:79,1
DA:81,1
DA:82,6
DA:83,6
DA:85,1
DA:86,3
DA:87,3
DA:88,3
DA:89,3
DA:90,3
DA:91,3
DA:92,3
DA:93,3
DA:94,2
DA:95,2
DA:96,3
DA:98,1
DA:99,1
DA:100,1
DA:102,1
DA:103,39
DA:104,39
DA:105,37
DA:106,37
DA:107,37
DA:108,39
DA:109,39
DA:110,39
DA:112,1
DA:113,468
DA:114,468
DA:116,1
DA:117,127
DA:118,127
DA:119,127
DA:120,127
DA:121,127
DA:122,127
DA:123,127
DA:124,127
DA:126,1
DA:127,195
DA:128,195
DA:129,195
DA:131,1
DA:132,16
DA:133,16
DA:134,16
DA:135,16
DA:136,16
DA:137,16
DA:138,16
DA:139,16
DA:140,16
DA:141,15
DA:142,16
DA:143,14
DA:144,16
DA:146,1
DA:147,34
DA:148,34
DA:149,34
DA:150,34
DA:151,34
DA:152,34
DA:153,34
DA:154,34
DA:155,34
DA:157,1
DA:158,3
DA:159,1
DA:160,1
DA:161,2
DA:162,3
DA:164,1
DA:165,8
DA:166,8
DA:167,8
DA:169,1
DA:170,5
DA:171,2
DA:172,2
DA:173,2
DA:174,2
DA:175,2
DA:176,2
DA:177,2
DA:179,3
DA:180,5
DA:181,5
DA:182,5
DA:183,5
DA:184,3
DA:185,3
DA:186,5
DA:188,1
DA:189,2
DA:190,2
DA:192,1
DA:193,50
DA:194,50
DA:195,50
DA:196,50
DA:197,49
DA:198,50
DA:199,0
DA:200,50
DA:201,50
DA:203,1
DA:204,49
DA:205,15
DA:206,49
DA:207,49
DA:208,49
DA:209,49
DA:210,65
DA:211,65
DA:212,65
DA:213,49
DA:215,49
DA:216,65
DA:217,65
DA:218,60
DA:219,49
DA:220,48
DA:221,48
DA:223,46
DA:224,49
DA:225,49
DA:226,49
DA:227,49
DA:228,49
DA:229,49
DA:231,49
DA:232,49
DA:233,62
DA:234,62
DA:235,53
DA:236,9
DA:237,49
DA:238,49
DA:239,49
DA:240,46
DA:241,49
DA:243,1
DA:244,97
DA:245,97
DA:246,97
DA:247,97
DA:248,97
DA:249,97
DA:250,87
DA:251,86
DA:252,86
DA:253,86
DA:254,97
DA:255,97
DA:256,97
DA:258,1
DA:259,65
DA:260,25
DA:261,25
DA:262,8
DA:263,25
DA:264,6
DA:265,25
DA:266,4
DA:267,4
DA:268,4
DA:269,4
DA:270,2
DA:271,65
DA:273,1
DA:274,3
DA:275,0
DA:276,0
DA:277,0
DA:278,3
DA:279,3
DA:280,3
DA:281,3
DA:283,1
DA:284,64
DA:285,64
DA:286,64
DA:287,1
DA:289,92
DA:290,92
DA:291,92
DA:292,90
DA:293,90
DA:295,46
DA:296,46
DA:297,46
DA:298,49
DA:299,49
DA:300,48
DA:301,48
DA:302,46
DA:303,46
DA:305,4
DA:306,4
DA:307,4
DA:308,4
DA:309,4
DA:310,4
DA:311,2
DA:312,4
DA:313,4
DA:315,87
DA:316,87
DA:317,87
DA:318,1
DA:319,1
DA:320,1
DA:321,1
DA:322,1
DA:323,1
DA:324,1
DA:325,1
DA:326,1
DA:327,1
DA:328,1
DA:329,1
DA:330,1
DA:331,1
DA:332,1
DA:333,1
DA:334,83
DA:335,83
LF:272
LH:268
BRDA:36,0,0,22
BRDA:44,1,0,23
BRDA:48,2,0,3
BRDA:50,3,0,19
BRDA:56,4,0,22
BRDA:58,5,0,14
BRDA:59,6,0,1
BRDA:59,7,0,13
BRDA:63,8,0,13
BRDA:63,9,0,10
BRDA:67,10,0,2
BRDA:73,11,0,0
BRDA:77,12,0,1
BRDA:81,13,0,6
BRDA:85,14,0,3
BRDA:91,15,0,2
BRDA:91,16,0,0
BRDA:93,17,0,2
BRDA:98,18,0,1
BRDA:102,19,0,39
BRDA:104,20,0,37
BRDA:109,21,0,39
BRDA:112,22,0,468
BRDA:113,23,0,190
BRDA:116,24,0,127
BRDA:117,25,0,39
BRDA:121,26,0,22
BRDA:126,27,0,195
BRDA:127,28,0,56
BRDA:128,29,0,194
BRDA:128,30,0,1
BRDA:128,31,0,145
BRDA:131,32,0,16
BRDA:136,33,0,3
BRDA:136,34,0,13
BRDA:137,35,0,3
BRDA:137,36,0,13
BRDA:140,37,0,5
BRDA:140,38,0,15
BRDA:141,39,0,14
BRDA:142,40,0,3
BRDA:142,41,0,14
BRDA:139,42,0,36
BRDA:139,43,0,7
BRDA:139,44,0,7
BRDA:139,45,0,0
BRDA:146,46,0,34
BRDA:152,47,0,96
BRDA:157,48,0,3
BRDA:158,49,0,2
BRDA:158,50,0,1
BRDA:164,51,0,8
BRDA:169,52,0,5
BRDA:170,53,0,3
BRDA:170,54,0,4
BRDA:170,55,0,2
BRDA:174,56,0,0
BRDA:177,57,0,3
BRDA:180,58,0,0
BRDA:181,59,0,0
BRDA:182,60,0,0
BRDA:182,61,0,3
BRDA:183,62,0,0
BRDA:183,63,0,3
BRDA:180,64,0,3
BRDA:181,65,0,3
BRDA:184,66,0,3
BRDA:188,67,0,2
BRDA:192,68,0,50
BRDA:198,69,0,0
BRDA:194,70,0,50
BRDA:196,71,0,1
BRDA:196,72,0,49
BRDA:200,73,0,49
BRDA:203,74,0,49
BRDA:204,75,0,15
BRDA:207,76,0,38
BRDA:219,77,0,48
BRDA:221,78,0,2
BRDA:221,79,0,46
BRDA:224,80,0,19
BRDA:229,81,0,38
BRDA:229,82,0,8
BRDA:229,83,0,46
BRDA:231,84,0,15
BRDA:239,85,0,43
BRDA:239,86,0,3
BRDA:239,87,0,46
BRDA:205,88,0,32
BRDA:206,89,0,32
BRDA:209,90,0,65
BRDA:210,91,0,52
BRDA:215,92,0,65
BRDA:217,93,0,5
BRDA:217,94,0,60
BRDA:218,95,0,97
BRDA:220,96,0,64
BRDA:224,97,0,32
BRDA:226,98,0,94
BRDA:226,99,0,46
BRDA:227,100,0,46
BRDA:231,101,0,37
BRDA:232,102,0,62
BRDA:234,103,0,53
BRDA:235,104,0,9
BRDA:233,105,0,150
BRDA:233,106,0,94
BRDA:235,107,0,53
BRDA:243,108,0,97
BRDA:249,109,0,42
BRDA:249,110,0,10
BRDA:249,111,0,89
BRDA:249,112,0,87
BRDA:250,113,0,86
BRDA:254,114,0,47
BRDA:254,115,0,39
BRDA:258,116,0,65
BRDA:259,117,0,54
BRDA:259,118,0,25
BRDA:259,119,0,11
BRDA:260,120,0,2
BRDA:260,121,0,9
BRDA:261,122,0,1
BRDA:261,123,0,8
BRDA:263,124,0,2
BRDA:263,125,0,6
BRDA:265,126,0,4
BRDA:266,127,0,0
BRDA:267,128,0,0
BRDA:268,129,0,2
BRDA:268,130,0,2
BRDA:269,131,0,2
BRDA:273,132,0,3
BRDA:274,133,0,0
BRDA:278,134,0,1
BRDA:278,135,0,2
BRDA:283,136,0,64
BRDA:285,137,0,50
BRDA:285,138,0,47
BRDA:289,139,0,92
BRDA:291,140,0,2
BRDA:291,141,0,90
BRDA:295,142,0,46
BRDA:297,143,0,49
BRDA:299,144,0,1
BRDA:299,145,0,48
BRDA:305,146,0,4
BRDA:307,147,0,2
BRDA:308,148,0,0
BRDA:308,149,0,2
BRDA:309,150,0,0
BRDA:309,151,0,2
BRDA:310,152,0,0
BRDA:310,153,0,2
BRDA:312,154,0,0
BRDA:315,155,0,87
BRDA:316,156,0,3
BRDA:316,157,0,84
BRDA:317,158,0,1
BRDA:333,159,0,83
BRDA:318,160,0,1
BRDA:321,161,0,1
BRDA:322,162,0,0
BRDA:324,163,0,0
BRDA:325,164,0,0
BRDA:328,165,0,1
BRF:166
BRH:147
end_of_record
TN:
SF:src\hooks\use-validation-field.ts
FN:42,useValidationField
FN:59,update
FN:63,blur
FN:82,onChange
FN:83,onBlur
FN:91,onChange
FN:92,onBlur
FN:96,validate
FN:97,clear
FN:102,normalizeInputValue
FNF:10
FNH:10
FNDA:191,useValidationField
FNDA:25,update
FNDA:6,blur
FNDA:24,onChange
FNDA:5,onBlur
FNDA:1,onChange
FNDA:1,onBlur
FNDA:1,validate
FNDA:1,clear
FNDA:191,normalizeInputValue
DA:1,1
DA:2,1
DA:3,1
DA:5,1
DA:42,1
DA:43,191
DA:44,191
DA:45,191
DA:46,191
DA:47,191
DA:48,191
DA:49,191
DA:50,191
DA:51,191
DA:52,191
DA:53,191
DA:54,191
DA:55,191
DA:56,191
DA:58,191
DA:59,191
DA:60,25
DA:61,25
DA:62,25
DA:63,191
DA:64,6
DA:65,6
DA:66,6
DA:67,191
DA:68,191
DA:69,191
DA:70,191
DA:71,191
DA:72,191
DA:73,191
DA:74,191
DA:75,191
DA:76,191
DA:77,191
DA:78,191
DA:79,191
DA:80,191
DA:81,191
DA:82,191
DA:83,191
DA:84,191
DA:85,191
DA:86,191
DA:87,191
DA:88,191
DA:89,191
DA:90,191
DA:91,191
DA:92,191
DA:93,191
DA:94,191
DA:95,191
DA:96,191
DA:97,191
DA:98,191
DA:99,191
DA:100,191
DA:102,191
DA:103,191
DA:104,129
DA:105,129
DA:106,62
DA:107,62
LF:68
LH:68
BRDA:42,0,0,191
BRDA:48,1,0,186
BRDA:49,2,0,186
BRDA:50,3,0,129
BRDA:51,4,0,186
BRDA:54,5,0,103
BRDA:54,6,0,88
BRDA:58,7,0,191
BRDA:67,8,0,42
BRDA:67,9,0,149
BRDA:85,10,0,42
BRDA:85,11,0,149
BRDA:94,12,0,42
BRDA:94,13,0,149
BRDA:59,14,0,25
BRDA:60,15,0,2
BRDA:60,16,0,23
BRDA:63,17,0,6
BRDA:82,18,0,24
BRDA:83,19,0,5
BRDA:91,20,0,1
BRDA:92,21,0,1
BRDA:96,22,0,1
BRDA:97,23,0,1
BRDA:102,24,0,191
BRDA:103,25,0,185
BRDA:103,26,0,62
BRDA:103,27,0,129
BRDA:105,28,0,62
BRF:29
BRH:29
end_of_record
TN:
SF:src\hooks\use-validation-form.ts
FN:25,useValidationForm
FN:79,cloneModel
FNF:2
FNH:2
FNDA:70,useValidationForm
FNDA:13,cloneModel
DA:1,1
DA:2,1
DA:9,1
DA:10,1
DA:25,1
DA:26,70
DA:27,70
DA:28,70
DA:29,70
DA:30,70
DA:31,70
DA:32,70
DA:33,70
DA:34,70
DA:35,70
DA:37,70
DA:38,26
DA:39,26
DA:40,26
DA:41,26
DA:42,3
DA:43,70
DA:45,70
DA:46,0
DA:47,0
DA:48,70
DA:50,70
DA:52,70
DA:53,1
DA:54,1
DA:55,1
DA:56,70
DA:58,70
DA:59,62
DA:60,62
DA:61,62
DA:62,2
DA:63,2
DA:64,2
DA:65,1
DA:66,70
DA:68,70
DA:69,70
DA:70,70
DA:71,70
DA:72,70
DA:73,70
DA:74,70
DA:75,70
DA:76,70
DA:77,70
DA:79,13
DA:80,13
DA:81,0
DA:82,0
LF:55
LH:51
BRDA:25,0,0,70
BRDA:30,1,0,0
BRDA:30,2,0,6
BRDA:31,3,0,6
BRDA:32,4,0,6
BRDA:37,5,0,26
BRDA:41,6,0,23
BRDA:41,7,0,3
BRDA:40,8,0,26
BRDA:50,9,0,6
BRDA:52,10,0,1
BRDA:58,11,0,62
BRDA:61,12,0,2
BRDA:64,13,0,1
BRDA:68,14,0,70
BRDA:79,15,0,13
BRDA:80,16,0,0
BRF:17
BRH:15
end_of_record
TN:
SF:src\hooks\use-validation-rules.ts
FN:20,useValidationRules
FNF:1
FNH:1
FNDA:78,useValidationRules
DA:1,1
DA:2,1
DA:20,1
DA:21,78
DA:22,78
DA:23,78
DA:24,78
DA:25,78
DA:26,78
DA:28,78
DA:29,11
DA:30,11
DA:31,11
DA:32,78
DA:34,78
DA:35,11
DA:36,11
DA:37,78
DA:39,78
DA:40,78
DA:41,78
DA:43,78
DA:44,78
DA:45,1
DA:46,1
DA:47,1
DA:48,1
DA:49,78
DA:50,78
DA:51,78
DA:52,78
DA:53,7
DA:54,7
DA:55,7
DA:56,7
DA:57,78
DA:58,78
DA:59,78
DA:60,78
DA:61,78
DA:62,78
DA:63,78
DA:64,78
DA:65,78
DA:66,78
DA:67,78
DA:68,78
DA:69,78
DA:70,78
DA:71,78
DA:72,78
DA:73,78
DA:74,78
DA:76,78
DA:77,78
DA:78,78
DA:79,78
DA:80,78
DA:81,78
DA:82,78
DA:83,78
DA:84,78
DA:85,78
DA:86,78
LF:64
LH:64
BRDA:20,0,0,78
BRDA:26,1,0,0
BRDA:28,2,0,11
BRDA:29,3,0,0
BRDA:30,4,0,11
BRDA:31,5,0,11
BRDA:31,6,0,11
BRDA:34,7,0,11
BRDA:35,8,0,10
BRDA:35,9,0,1
BRDA:36,10,0,11
BRDA:36,11,0,1
BRDA:39,12,0,38
BRDA:40,13,0,276
BRDA:44,14,0,1
BRDA:52,15,0,7
BRDA:60,16,0,1
BRDA:64,17,0,193
BRDA:68,18,0,2
BRDA:72,19,0,1
BRF:20
BRH:18
end_of_record
TN:
SF:src\utilities\paths.ts
FN:1,getPropertyValue
FN:8,setPropertyValue
FN:41,fieldId
FNF:3
FNH:3
FNDA:300,getPropertyValue
FNDA:31,setPropertyValue
FNDA:234,fieldId
DA:1,1
DA:2,300
DA:3,310
DA:4,308
DA:5,300
DA:6,300
DA:8,1
DA:9,31
DA:10,31
DA:11,31
DA:12,31
DA:13,31
DA:14,31
DA:16,31
DA:17,31
DA:18,31
DA:20,31
DA:21,37
DA:22,30
DA:23,30
DA:24,30
DA:25,11
DA:26,5
DA:27,2
DA:28,37
DA:29,1
DA:30,6
DA:31,2
DA:32,4
DA:33,37
DA:34,37
DA:35,37
DA:36,31
DA:38,31
DA:39,31
DA:41,1
DA:42,234
DA:43,234
LF:38
LH:38
BRDA:1,0,0,300
BRDA:2,1,0,310
BRDA:3,2,0,309
BRDA:3,3,0,309
BRDA:3,4,0,2
BRDA:3,5,0,308
BRDA:8,6,0,31
BRDA:14,7,0,1
BRDA:14,8,0,30
BRDA:16,9,0,1
BRDA:16,10,0,29
BRDA:20,11,0,37
BRDA:21,12,0,30
BRDA:24,13,0,11
BRDA:24,14,0,7
BRDA:25,15,0,5
BRDA:25,16,0,5
BRDA:26,17,0,2
BRDA:28,18,0,1
BRDA:29,19,0,6
BRDA:30,20,0,2
BRDA:30,21,0,2
BRDA:31,22,0,4
BRDA:32,23,0,0
BRDA:32,24,0,1
BRDA:32,25,0,3
BRDA:41,26,0,234
BRF:27
BRH:26
end_of_record
