{"total": {"lines":{"total":948,"covered":938,"skipped":0,"pct":98.94},"statements":{"total":978,"covered":968,"skipped":0,"pct":98.97},"functions":{"total":250,"covered":248,"skipped":0,"pct":99.2},"branches":{"total":259,"covered":242,"skipped":0,"pct":93.43},"branchesTrue":{"total":0,"covered":0,"skipped":0,"pct":100}}
,"C:\\Kalyan\\Learning\\validation-rules-engine\\apps\\angular-showcase\\src\\app\\app-routing.module.ts": {"lines":{"total":2,"covered":2,"skipped":0,"pct":100},"functions":{"total":0,"covered":0,"skipped":0,"pct":100},"statements":{"total":3,"covered":3,"skipped":0,"pct":100},"branches":{"total":0,"covered":0,"skipped":0,"pct":100}}
,"C:\\Kalyan\\Learning\\validation-rules-engine\\apps\\angular-showcase\\src\\app\\app.component.ts": {"lines":{"total":6,"covered":6,"skipped":0,"pct":100},"functions":{"total":1,"covered":1,"skipped":0,"pct":100},"statements":{"total":7,"covered":7,"skipped":0,"pct":100},"branches":{"total":0,"covered":0,"skipped":0,"pct":100}}
,"C:\\Kalyan\\Learning\\validation-rules-engine\\apps\\angular-showcase\\src\\app\\app.module.ts": {"lines":{"total":1,"covered":1,"skipped":0,"pct":100},"functions":{"total":0,"covered":0,"skipped":0,"pct":100},"statements":{"total":2,"covered":2,"skipped":0,"pct":100},"branches":{"total":0,"covered":0,"skipped":0,"pct":100}}
,"C:\\Kalyan\\Learning\\validation-rules-engine\\apps\\angular-showcase\\src\\app\\platform-urls.ts": {"lines":{"total":9,"covered":9,"skipped":0,"pct":100},"functions":{"total":2,"covered":2,"skipped":0,"pct":100},"statements":{"total":9,"covered":9,"skipped":0,"pct":100},"branches":{"total":13,"covered":10,"skipped":0,"pct":76.92}}
,"C:\\Kalyan\\Learning\\validation-rules-engine\\apps\\angular-showcase\\src\\app\\validation.providers.ts": {"lines":{"total":13,"covered":13,"skipped":0,"pct":100},"functions":{"total":2,"covered":2,"skipped":0,"pct":100},"statements":{"total":13,"covered":13,"skipped":0,"pct":100},"branches":{"total":0,"covered":0,"skipped":0,"pct":100}}
,"C:\\Kalyan\\Learning\\validation-rules-engine\\apps\\angular-showcase\\src\\app\\components\\complex-form\\complex-form-material.component.ts": {"lines":{"total":19,"covered":19,"skipped":0,"pct":100},"functions":{"total":5,"covered":5,"skipped":0,"pct":100},"statements":{"total":19,"covered":19,"skipped":0,"pct":100},"branches":{"total":2,"covered":2,"skipped":0,"pct":100}}
,"C:\\Kalyan\\Learning\\validation-rules-engine\\apps\\angular-showcase\\src\\app\\components\\complex-form\\complex-form-tailwind.component.ts": {"lines":{"total":19,"covered":19,"skipped":0,"pct":100},"functions":{"total":5,"covered":5,"skipped":0,"pct":100},"statements":{"total":19,"covered":19,"skipped":0,"pct":100},"branches":{"total":2,"covered":2,"skipped":0,"pct":100}}
,"C:\\Kalyan\\Learning\\validation-rules-engine\\apps\\angular-showcase\\src\\app\\components\\complex-form\\complex-form.component.ts": {"lines":{"total":18,"covered":18,"skipped":0,"pct":100},"functions":{"total":5,"covered":5,"skipped":0,"pct":100},"statements":{"total":18,"covered":18,"skipped":0,"pct":100},"branches":{"total":2,"covered":2,"skipped":0,"pct":100}}
,"C:\\Kalyan\\Learning\\validation-rules-engine\\apps\\angular-showcase\\src\\app\\components\\complex-form\\complex-form.validation.policy.ts": {"lines":{"total":3,"covered":3,"skipped":0,"pct":100},"functions":{"total":3,"covered":3,"skipped":0,"pct":100},"statements":{"total":3,"covered":3,"skipped":0,"pct":100},"branches":{"total":0,"covered":0,"skipped":0,"pct":100}}
,"C:\\Kalyan\\Learning\\validation-rules-engine\\apps\\angular-showcase\\src\\app\\components\\performance-form\\performance-form-builder.service.ts": {"lines":{"total":136,"covered":131,"skipped":0,"pct":96.32},"functions":{"total":23,"covered":23,"skipped":0,"pct":100},"statements":{"total":142,"covered":137,"skipped":0,"pct":96.47},"branches":{"total":53,"covered":46,"skipped":0,"pct":86.79}}
,"C:\\Kalyan\\Learning\\validation-rules-engine\\apps\\angular-showcase\\src\\app\\components\\performance-form\\performance-form-error-summary.component.ts": {"lines":{"total":37,"covered":36,"skipped":0,"pct":97.29},"functions":{"total":12,"covered":12,"skipped":0,"pct":100},"statements":{"total":39,"covered":38,"skipped":0,"pct":97.43},"branches":{"total":16,"covered":14,"skipped":0,"pct":87.5}}
,"C:\\Kalyan\\Learning\\validation-rules-engine\\apps\\angular-showcase\\src\\app\\components\\performance-form\\performance-form-section.component.ts": {"lines":{"total":92,"covered":91,"skipped":0,"pct":98.91},"functions":{"total":27,"covered":27,"skipped":0,"pct":100},"statements":{"total":93,"covered":92,"skipped":0,"pct":98.92},"branches":{"total":29,"covered":26,"skipped":0,"pct":89.65}}
,"C:\\Kalyan\\Learning\\validation-rules-engine\\apps\\angular-showcase\\src\\app\\components\\performance-form\\performance-form.component.ts": {"lines":{"total":219,"covered":218,"skipped":0,"pct":99.54},"functions":{"total":52,"covered":52,"skipped":0,"pct":100},"statements":{"total":224,"covered":223,"skipped":0,"pct":99.55},"branches":{"total":65,"covered":63,"skipped":0,"pct":96.92}}
,"C:\\Kalyan\\Learning\\validation-rules-engine\\apps\\angular-showcase\\src\\app\\components\\performance-form\\performance-form.validation.policy.ts": {"lines":{"total":24,"covered":24,"skipped":0,"pct":100},"functions":{"total":4,"covered":4,"skipped":0,"pct":100},"statements":{"total":24,"covered":24,"skipped":0,"pct":100},"branches":{"total":12,"covered":12,"skipped":0,"pct":100}}
,"C:\\Kalyan\\Learning\\validation-rules-engine\\apps\\angular-showcase\\src\\app\\components\\sample-form\\sample-form-material.component.ts": {"lines":{"total":13,"covered":13,"skipped":0,"pct":100},"functions":{"total":4,"covered":4,"skipped":0,"pct":100},"statements":{"total":13,"covered":13,"skipped":0,"pct":100},"branches":{"total":2,"covered":2,"skipped":0,"pct":100}}
,"C:\\Kalyan\\Learning\\validation-rules-engine\\apps\\angular-showcase\\src\\app\\components\\sample-form\\sample-form-tailwind.component.ts": {"lines":{"total":13,"covered":13,"skipped":0,"pct":100},"functions":{"total":4,"covered":4,"skipped":0,"pct":100},"statements":{"total":13,"covered":13,"skipped":0,"pct":100},"branches":{"total":2,"covered":2,"skipped":0,"pct":100}}
,"C:\\Kalyan\\Learning\\validation-rules-engine\\apps\\angular-showcase\\src\\app\\components\\sample-form\\sample-form.component.ts": {"lines":{"total":12,"covered":12,"skipped":0,"pct":100},"functions":{"total":4,"covered":4,"skipped":0,"pct":100},"statements":{"total":12,"covered":12,"skipped":0,"pct":100},"branches":{"total":2,"covered":2,"skipped":0,"pct":100}}
,"C:\\Kalyan\\Learning\\validation-rules-engine\\apps\\angular-showcase\\src\\app\\components\\sample-form\\sample-form.validation.policy.ts": {"lines":{"total":1,"covered":1,"skipped":0,"pct":100},"functions":{"total":1,"covered":1,"skipped":0,"pct":100},"statements":{"total":1,"covered":1,"skipped":0,"pct":100},"branches":{"total":0,"covered":0,"skipped":0,"pct":100}}
,"C:\\Kalyan\\Learning\\validation-rules-engine\\apps\\angular-showcase\\src\\app\\layout\\showcase-shell.component.ts": {"lines":{"total":7,"covered":7,"skipped":0,"pct":100},"functions":{"total":1,"covered":1,"skipped":0,"pct":100},"statements":{"total":8,"covered":8,"skipped":0,"pct":100},"branches":{"total":0,"covered":0,"skipped":0,"pct":100}}
,"C:\\Kalyan\\Learning\\validation-rules-engine\\apps\\angular-showcase\\src\\app\\models\\complex-form.model.ts": {"lines":{"total":17,"covered":17,"skipped":0,"pct":100},"functions":{"total":4,"covered":4,"skipped":0,"pct":100},"statements":{"total":17,"covered":17,"skipped":0,"pct":100},"branches":{"total":0,"covered":0,"skipped":0,"pct":100}}
,"C:\\Kalyan\\Learning\\validation-rules-engine\\apps\\angular-showcase\\src\\app\\models\\performance-form.model.ts": {"lines":{"total":2,"covered":2,"skipped":0,"pct":100},"functions":{"total":1,"covered":1,"skipped":0,"pct":100},"statements":{"total":2,"covered":2,"skipped":0,"pct":100},"branches":{"total":0,"covered":0,"skipped":0,"pct":100}}
,"C:\\Kalyan\\Learning\\validation-rules-engine\\apps\\angular-showcase\\src\\app\\models\\sample-form.model.ts": {"lines":{"total":9,"covered":9,"skipped":0,"pct":100},"functions":{"total":1,"covered":1,"skipped":0,"pct":100},"statements":{"total":9,"covered":9,"skipped":0,"pct":100},"branches":{"total":0,"covered":0,"skipped":0,"pct":100}}
,"C:\\Kalyan\\Learning\\validation-rules-engine\\apps\\angular-showcase\\src\\app\\pages\\framework-showcase\\framework-showcase.component.ts": {"lines":{"total":10,"covered":10,"skipped":0,"pct":100},"functions":{"total":6,"covered":6,"skipped":0,"pct":100},"statements":{"total":11,"covered":11,"skipped":0,"pct":100},"branches":{"total":2,"covered":2,"skipped":0,"pct":100}}
,"C:\\Kalyan\\Learning\\validation-rules-engine\\apps\\angular-showcase\\src\\app\\pages\\home\\home.component.ts": {"lines":{"total":7,"covered":7,"skipped":0,"pct":100},"functions":{"total":1,"covered":1,"skipped":0,"pct":100},"statements":{"total":8,"covered":8,"skipped":0,"pct":100},"branches":{"total":0,"covered":0,"skipped":0,"pct":100}}
,"C:\\Kalyan\\Learning\\validation-rules-engine\\apps\\angular-showcase\\src\\app\\showcase\\showcase-framework.model.ts": {"lines":{"total":2,"covered":2,"skipped":0,"pct":100},"functions":{"total":0,"covered":0,"skipped":0,"pct":100},"statements":{"total":2,"covered":2,"skipped":0,"pct":100},"branches":{"total":0,"covered":0,"skipped":0,"pct":100}}
,"C:\\Kalyan\\Learning\\validation-rules-engine\\apps\\angular-showcase\\src\\app\\showcase\\showcase-framework.providers.ts": {"lines":{"total":4,"covered":4,"skipped":0,"pct":100},"functions":{"total":1,"covered":1,"skipped":0,"pct":100},"statements":{"total":4,"covered":4,"skipped":0,"pct":100},"branches":{"total":3,"covered":3,"skipped":0,"pct":100}}
,"C:\\Kalyan\\Learning\\validation-rules-engine\\apps\\angular-showcase\\src\\app\\state-management\\angular-state-runtime.service.ts": {"lines":{"total":62,"covered":62,"skipped":0,"pct":100},"functions":{"total":15,"covered":15,"skipped":0,"pct":100},"statements":{"total":63,"covered":63,"skipped":0,"pct":100},"branches":{"total":18,"covered":18,"skipped":0,"pct":100}}
,"C:\\Kalyan\\Learning\\validation-rules-engine\\apps\\angular-showcase\\src\\app\\state-management\\angular-state-showcase.component.ts": {"lines":{"total":142,"covered":140,"skipped":0,"pct":98.59},"functions":{"total":44,"covered":42,"skipped":0,"pct":95.45},"statements":{"total":148,"covered":146,"skipped":0,"pct":98.64},"branches":{"total":30,"covered":30,"skipped":0,"pct":100}}
,"C:\\Kalyan\\Learning\\validation-rules-engine\\apps\\angular-showcase\\src\\app\\state-management\\angular-state-showcase.model.ts": {"lines":{"total":49,"covered":49,"skipped":0,"pct":100},"functions":{"total":22,"covered":22,"skipped":0,"pct":100},"statements":{"total":52,"covered":52,"skipped":0,"pct":100},"branches":{"total":6,"covered":6,"skipped":0,"pct":100}}
}
