TN:
SF:..\..\apps\angular-showcase\src\app\app-routing.module.ts
FNF:0
FNH:0
DA:9,1
DA:68,1
LF:2
LH:2
BRF:0
BRH:0
end_of_record
TN:
SF:..\..\apps\angular-showcase\src\app\app.component.ts
FN:10,(anonymous_0)
FNF:1
FNH:1
FNDA:6,(anonymous_0)
DA:10,1
DA:11,6
DA:12,6
DA:13,6
DA:14,6
DA:15,6
LF:6
LH:6
BRF:0
BRH:0
end_of_record
TN:
SF:..\..\apps\angular-showcase\src\app\app.module.ts
FNF:0
FNH:0
DA:84,1
LF:1
LH:1
BRF:0
BRH:0
end_of_record
TN:
SF:..\..\apps\angular-showcase\src\app\platform-urls.ts
FN:17,developmentUrl
FN:30,platformUrl
FNF:2
FNH:2
FNDA:4,developmentUrl
FNDA:51,platformUrl
DA:18,4
DA:19,4
DA:20,4
DA:23,1
DA:31,51
DA:32,51
DA:33,51
DA:34,51
DA:35,51
LF:9
LH:9
BRDA:30,0,0,37
BRDA:31,1,0,51
BRDA:31,1,1,51
BRDA:32,2,0,51
BRDA:32,2,1,51
BRDA:33,3,0,0
BRDA:33,3,1,51
BRDA:33,4,0,51
BRDA:33,4,1,0
BRDA:34,5,0,51
BRDA:34,5,1,51
BRDA:35,6,0,51
BRDA:35,6,1,0
BRF:13
BRH:10
end_of_record
TN:
SF:..\..\apps\angular-showcase\src\app\validation.providers.ts
FN:11,registerValidationPolicies
FN:12,(anonymous_1)
FNF:2
FNH:2
FNDA:6,registerValidationPolicies
FNDA:6,(anonymous_1)
DA:12,6
DA:13,6
DA:14,6
DA:15,6
DA:16,6
DA:17,6
DA:19,6
DA:20,6
DA:21,6
DA:22,6
DA:23,6
DA:25,6
DA:32,1
LF:13
LH:13
BRF:0
BRH:0
end_of_record
TN:
SF:..\..\apps\angular-showcase\src\app\components\complex-form\complex-form-material.component.ts
FN:18,(anonymous_0)
FN:20,(anonymous_1)
FN:26,(anonymous_2)
FN:27,(anonymous_3)
FN:35,(anonymous_4)
FNF:5
FNH:5
FNDA:3,(anonymous_0)
FNDA:1,(anonymous_1)
FNDA:2,(anonymous_2)
FNDA:2,(anonymous_3)
FNDA:1,(anonymous_4)
DA:11,1
DA:12,3
DA:13,3
DA:15,3
DA:16,3
DA:18,3
DA:21,1
DA:22,1
DA:23,1
DA:27,2
DA:28,2
DA:29,2
DA:36,1
DA:37,1
DA:38,1
DA:40,1
DA:41,1
DA:42,1
DA:43,1
LF:19
LH:19
BRDA:29,0,0,1
BRDA:29,0,1,1
BRF:2
BRH:2
end_of_record
TN:
SF:..\..\apps\angular-showcase\src\app\components\complex-form\complex-form-tailwind.component.ts
FN:18,(anonymous_0)
FN:20,(anonymous_1)
FN:26,(anonymous_2)
FN:27,(anonymous_3)
FN:35,(anonymous_4)
FNF:5
FNH:5
FNDA:3,(anonymous_0)
FNDA:1,(anonymous_1)
FNDA:2,(anonymous_2)
FNDA:2,(anonymous_3)
FNDA:1,(anonymous_4)
DA:11,1
DA:12,3
DA:13,3
DA:15,3
DA:16,3
DA:18,3
DA:21,1
DA:22,1
DA:23,1
DA:27,2
DA:28,2
DA:29,2
DA:36,1
DA:37,1
DA:38,1
DA:40,1
DA:41,1
DA:42,1
DA:43,1
LF:19
LH:19
BRDA:29,0,0,1
BRDA:29,0,1,1
BRF:2
BRH:2
end_of_record
TN:
SF:..\..\apps\angular-showcase\src\app\components\complex-form\complex-form.component.ts
FN:18,(anonymous_0)
FN:20,(anonymous_1)
FN:26,(anonymous_2)
FN:27,(anonymous_3)
FN:35,(anonymous_4)
FNF:5
FNH:5
FNDA:4,(anonymous_0)
FNDA:1,(anonymous_1)
FNDA:2,(anonymous_2)
FNDA:2,(anonymous_3)
FNDA:1,(anonymous_4)
DA:11,1
DA:12,4
DA:13,4
DA:15,4
DA:16,4
DA:18,4
DA:21,1
DA:22,1
DA:23,1
DA:27,2
DA:28,2
DA:29,2
DA:36,1
DA:37,1
DA:38,1
DA:40,1
DA:41,1
DA:42,1
LF:18
LH:18
BRDA:29,0,0,1
BRDA:29,0,1,1
BRF:2
BRH:2
end_of_record
TN:
SF:..\..\apps\angular-showcase\src\app\components\complex-form\complex-form.validation.policy.ts
FN:4,(anonymous_0)
FN:15,(anonymous_1)
FN:29,(anonymous_2)
FNF:3
FNH:3
FNDA:16,(anonymous_0)
FNDA:16,(anonymous_1)
FNDA:16,(anonymous_2)
DA:5,16
DA:16,16
DA:30,16
LF:3
LH:3
BRF:0
BRH:0
end_of_record
TN:
SF:..\..\apps\angular-showcase\src\app\components\performance-form\performance-form-builder.service.ts
FN:28,(anonymous_0)
FN:32,(anonymous_1)
FN:37,(anonymous_2)
FN:54,(anonymous_3)
FN:56,(anonymous_4)
FN:60,(anonymous_5)
FN:61,(anonymous_6)
FN:62,(anonymous_7)
FN:71,(anonymous_8)
FN:143,(anonymous_9)
FN:199,(anonymous_10)
FN:205,(anonymous_11)
FN:218,(anonymous_12)
FN:219,(anonymous_13)
FN:222,(anonymous_14)
FN:235,(anonymous_15)
FN:236,(anonymous_16)
FN:250,(anonymous_17)
FN:261,(anonymous_18)
FN:269,(anonymous_19)
FN:275,(anonymous_20)
FN:290,(anonymous_21)
FN:312,(anonymous_22)
FNF:23
FNH:23
FNDA:3,(anonymous_0)
FNDA:122,(anonymous_1)
FNDA:122,(anonymous_2)
FNDA:6,(anonymous_3)
FNDA:3,(anonymous_4)
FNDA:6,(anonymous_5)
FNDA:5,(anonymous_6)
FNDA:5,(anonymous_7)
FNDA:3,(anonymous_8)
FNDA:54,(anonymous_9)
FNDA:5,(anonymous_10)
FNDA:4,(anonymous_11)
FNDA:1,(anonymous_12)
FNDA:2,(anonymous_13)
FNDA:2,(anonymous_14)
FNDA:1,(anonymous_15)
FNDA:2,(anonymous_16)
FNDA:16,(anonymous_17)
FNDA:2,(anonymous_18)
FNDA:2,(anonymous_19)
FNDA:2,(anonymous_20)
FNDA:28,(anonymous_21)
FNDA:122,(anonymous_22)
DA:12,1
DA:23,1
DA:29,3
DA:33,122
DA:34,122
DA:38,122
DA:50,1
DA:51,6
DA:52,6
DA:54,6
DA:57,3
DA:61,6
DA:62,6
DA:63,5
DA:64,5
DA:66,6
DA:67,6
DA:68,6
DA:72,3
DA:73,3
DA:75,3
DA:76,3
DA:77,3
DA:79,3
DA:80,3
DA:81,3
DA:82,3
DA:84,3
DA:86,3
DA:87,8
DA:88,8
DA:89,8
DA:90,8
DA:92,8
DA:96,8
DA:97,122
DA:98,122
DA:99,122
DA:100,122
DA:102,122
DA:113,122
DA:115,22
DA:116,22
DA:118,17
DA:119,17
DA:121,8
DA:122,8
DA:123,8
DA:125,18
DA:130,18
DA:131,18
DA:133,57
DA:136,122
DA:137,6
DA:140,122
DA:143,54
DA:144,8
DA:145,6
DA:146,2
DA:147,0
DA:148,0
DA:149,0
DA:153,8
DA:154,8
DA:155,8
DA:156,8
DA:157,8
DA:159,8
DA:160,8
DA:162,8
DA:171,3
DA:176,3
DA:177,3
DA:179,3
DA:180,3
DA:182,3
DA:200,5
DA:201,5
DA:202,1
DA:205,4
DA:206,4
DA:207,4
DA:210,4
DA:211,32
DA:212,4
DA:214,28
DA:219,2
DA:223,2
DA:224,2
DA:225,1
DA:228,1
DA:229,8
DA:232,1
DA:236,1
DA:237,2
DA:238,2
DA:239,1
DA:242,1
DA:243,8
DA:246,1
DA:251,16
DA:253,2
DA:255,2
DA:257,12
DA:265,2
DA:267,2
DA:268,1
DA:269,2
DA:273,2
DA:274,1
DA:275,2
DA:279,2
DA:280,2
DA:282,2
DA:284,2
DA:285,1
DA:287,2
DA:291,28
DA:294,4
DA:296,4
DA:298,4
DA:300,4
DA:302,4
DA:304,4
DA:306,4
DA:308,0
DA:313,122
DA:315,24
DA:317,9
DA:319,17
DA:321,8
DA:323,22
DA:325,8
DA:327,16
DA:329,18
DA:331,0
LF:136
LH:131
BRDA:113,0,0,22
BRDA:113,0,1,17
BRDA:113,0,2,8
BRDA:113,0,3,18
BRDA:113,0,4,57
BRDA:136,1,0,6
BRDA:136,2,0,122
BRDA:136,2,1,24
BRDA:144,3,0,6
BRDA:144,3,1,2
BRDA:144,4,0,8
BRDA:144,4,1,6
BRDA:146,5,0,0
BRDA:146,6,0,2
BRDA:146,6,1,0
BRDA:148,7,0,0
BRDA:194,8,0,3
BRDA:194,8,1,0
BRDA:201,9,0,1
BRDA:205,10,0,4
BRDA:205,10,1,4
BRDA:206,11,0,4
BRDA:211,12,0,4
BRDA:224,13,0,1
BRDA:238,14,0,1
BRDA:251,15,0,2
BRDA:251,15,1,2
BRDA:251,15,2,12
BRDA:267,16,0,1
BRDA:273,17,0,1
BRDA:284,18,0,1
BRDA:291,19,0,0
BRDA:291,19,1,4
BRDA:291,19,2,4
BRDA:291,19,3,4
BRDA:291,19,4,4
BRDA:291,19,5,4
BRDA:291,19,6,4
BRDA:291,19,7,4
BRDA:291,19,8,0
BRDA:304,20,0,4
BRDA:304,20,1,2
BRDA:306,21,0,4
BRDA:306,21,1,2
BRDA:313,22,0,24
BRDA:313,22,1,9
BRDA:313,22,2,17
BRDA:313,22,3,8
BRDA:313,22,4,22
BRDA:313,22,5,8
BRDA:313,22,6,16
BRDA:313,22,7,18
BRDA:313,22,8,0
BRF:53
BRH:46
end_of_record
TN:
SF:..\..\apps\angular-showcase\src\app\components\performance-form\performance-form-error-summary.component.ts
FN:17,(anonymous_0)
FN:25,(anonymous_1)
FN:30,(anonymous_2)
FN:34,(anonymous_3)
FN:36,(anonymous_4)
FN:77,(anonymous_5)
FN:81,(anonymous_6)
FN:85,(anonymous_7)
FN:93,(anonymous_8)
FN:94,(anonymous_9)
FN:97,(anonymous_10)
FN:101,(anonymous_11)
FNF:12
FNH:12
FNDA:3,(anonymous_0)
FNDA:3,(anonymous_1)
FNDA:3,(anonymous_2)
FNDA:4,(anonymous_3)
FNDA:8,(anonymous_4)
FNDA:1,(anonymous_5)
FNDA:5,(anonymous_6)
FNDA:2,(anonymous_7)
FNDA:1,(anonymous_8)
FNDA:2,(anonymous_9)
FNDA:1,(anonymous_10)
FNDA:1,(anonymous_11)
DA:17,1
DA:19,3
DA:20,3
DA:22,3
DA:23,3
DA:26,3
DA:27,3
DA:31,3
DA:35,4
DA:36,8
DA:37,4
DA:39,4
DA:40,14
DA:41,14
DA:42,14
DA:43,14
DA:44,14
DA:47,4
DA:49,4
DA:50,8
DA:51,8
DA:52,8
DA:57,8
DA:61,4
DA:62,6
DA:63,0
DA:66,6
DA:67,6
DA:74,4
DA:78,1
DA:82,5
DA:86,2
DA:87,1
DA:89,1
DA:94,2
DA:98,1
DA:102,1
LF:37
LH:36
BRDA:27,0,0,3
BRDA:27,0,1,2
BRDA:31,1,0,3
BRDA:31,1,1,1
BRDA:35,2,0,4
BRDA:35,2,1,0
BRDA:41,3,0,14
BRDA:41,3,1,3
BRDA:42,4,0,14
BRDA:42,4,1,14
BRDA:51,5,0,8
BRDA:62,6,0,0
BRDA:69,7,0,6
BRDA:69,7,1,6
BRDA:86,8,0,1
BRDA:86,8,1,1
BRF:16
BRH:14
end_of_record
TN:
SF:..\..\apps\angular-showcase\src\app\components\performance-form\performance-form-section.component.ts
FN:61,(anonymous_0)
FN:68,(anonymous_1)
FN:72,(anonymous_2)
FN:76,(anonymous_3)
FN:81,(anonymous_4)
FN:85,(anonymous_5)
FN:89,(anonymous_6)
FN:93,(anonymous_7)
FN:99,(anonymous_8)
FN:109,(anonymous_9)
FN:114,(anonymous_10)
FN:118,(anonymous_11)
FN:122,(anonymous_12)
FN:126,(anonymous_13)
FN:135,(anonymous_14)
FN:144,(anonymous_15)
FN:152,(anonymous_16)
FN:155,(anonymous_17)
FN:165,(anonymous_18)
FN:170,(anonymous_19)
FN:183,(anonymous_20)
FN:188,(anonymous_21)
FN:197,(anonymous_22)
FN:205,(anonymous_23)
FN:210,(anonymous_24)
FN:212,(anonymous_25)
FN:216,(anonymous_26)
FNF:27
FNH:27
FNDA:8,(anonymous_0)
FNDA:10,(anonymous_1)
FNDA:9,(anonymous_2)
FNDA:2,(anonymous_3)
FNDA:2,(anonymous_4)
FNDA:7,(anonymous_5)
FNDA:2,(anonymous_6)
FNDA:2,(anonymous_7)
FNDA:2,(anonymous_8)
FNDA:2,(anonymous_9)
FNDA:1,(anonymous_10)
FNDA:1,(anonymous_11)
FNDA:1,(anonymous_12)
FNDA:3,(anonymous_13)
FNDA:2,(anonymous_14)
FNDA:3,(anonymous_15)
FNDA:1,(anonymous_16)
FNDA:2,(anonymous_17)
FNDA:1,(anonymous_18)
FNDA:2,(anonymous_19)
FNDA:1,(anonymous_20)
FNDA:1,(anonymous_21)
FNDA:3,(anonymous_22)
FNDA:5,(anonymous_23)
FNDA:3,(anonymous_24)
FNDA:3,(anonymous_25)
FNDA:5,(anonymous_26)
DA:20,1
DA:29,1
DA:32,8
DA:33,8
DA:34,8
DA:35,8
DA:36,8
DA:38,8
DA:40,8
DA:46,8
DA:52,8
DA:54,8
DA:55,8
DA:56,8
DA:57,8
DA:58,8
DA:62,8
DA:63,8
DA:64,8
DA:65,8
DA:69,10
DA:73,9
DA:77,2
DA:78,2
DA:82,2
DA:86,7
DA:90,2
DA:94,2
DA:95,2
DA:96,2
DA:100,2
DA:101,1
DA:104,2
DA:105,1
DA:110,2
DA:111,2
DA:115,1
DA:119,1
DA:123,1
DA:127,3
DA:128,2
DA:131,1
DA:132,1
DA:136,2
DA:137,1
DA:140,1
DA:141,1
DA:145,3
DA:147,3
DA:148,0
DA:151,3
DA:152,1
DA:156,2
DA:157,1
DA:160,1
DA:161,1
DA:166,1
DA:167,1
DA:168,1
DA:169,1
DA:170,1
DA:171,2
DA:173,1
DA:178,1
DA:184,1
DA:189,1
DA:190,1
DA:191,1
DA:192,1
DA:198,3
DA:199,3
DA:200,1
DA:201,1
DA:206,5
DA:207,1
DA:210,4
DA:211,3
DA:212,3
DA:217,5
DA:218,1
DA:221,4
DA:222,4
DA:224,4
DA:225,1
DA:226,1
DA:229,3
DA:230,3
DA:235,3
DA:237,3
DA:238,1
DA:239,1
DA:242,2
LF:92
LH:91
BRDA:73,0,0,9
BRDA:73,0,1,6
BRDA:78,1,0,2
BRDA:78,1,1,1
BRDA:78,2,0,1
BRDA:78,2,1,0
BRDA:82,3,0,2
BRDA:82,3,1,1
BRDA:90,4,0,2
BRDA:90,4,1,1
BRDA:100,5,0,1
BRDA:104,6,0,1
BRDA:104,7,0,2
BRDA:104,7,1,1
BRDA:127,8,0,2
BRDA:136,9,0,1
BRDA:147,10,0,0
BRDA:156,11,0,1
BRDA:170,12,0,1
BRDA:170,12,1,0
BRDA:199,13,0,1
BRDA:206,14,0,1
BRDA:206,15,0,5
BRDA:206,15,1,4
BRDA:217,16,0,1
BRDA:217,17,0,5
BRDA:217,17,1,5
BRDA:224,18,0,1
BRDA:237,19,0,1
BRF:29
BRH:26
end_of_record
TN:
SF:..\..\apps\angular-showcase\src\app\components\performance-form\performance-form.component.ts
FN:54,(anonymous_0)
FN:61,(anonymous_1)
FN:65,(anonymous_2)
FN:71,(anonymous_3)
FN:78,(anonymous_4)
FN:82,(anonymous_5)
FN:86,(anonymous_6)
FN:92,(anonymous_7)
FN:96,(anonymous_8)
FN:125,(anonymous_9)
FN:126,(anonymous_10)
FN:130,(anonymous_11)
FN:145,(anonymous_12)
FN:157,(anonymous_13)
FN:161,(anonymous_14)
FN:178,(anonymous_15)
FN:192,(anonymous_16)
FN:196,(anonymous_17)
FN:219,(anonymous_18)
FN:230,(anonymous_19)
FN:244,(anonymous_20)
FN:244,(anonymous_21)
FN:247,(anonymous_22)
FN:251,(anonymous_23)
FN:255,(anonymous_24)
FN:264,(anonymous_25)
FN:265,(anonymous_26)
FN:269,(anonymous_27)
FN:274,(anonymous_28)
FN:283,(anonymous_29)
FN:293,(anonymous_30)
FN:300,(anonymous_31)
FN:307,(anonymous_32)
FN:324,(anonymous_33)
FN:325,(anonymous_34)
FN:352,(anonymous_35)
FN:353,(anonymous_36)
FN:356,(anonymous_37)
FN:358,(anonymous_38)
FN:366,(anonymous_39)
FN:396,(anonymous_40)
FN:423,(anonymous_41)
FN:449,(anonymous_42)
FN:463,(anonymous_43)
FN:471,(anonymous_44)
FN:472,(anonymous_45)
FN:481,(anonymous_46)
FN:487,(anonymous_47)
FN:494,(anonymous_48)
FN:495,(anonymous_49)
FN:502,(anonymous_50)
FN:510,(anonymous_51)
FNF:52
FNH:52
FNDA:19,(anonymous_0)
FNDA:2,(anonymous_1)
FNDA:2,(anonymous_2)
FNDA:23,(anonymous_3)
FNDA:3,(anonymous_4)
FNDA:15,(anonymous_5)
FNDA:13,(anonymous_6)
FNDA:3,(anonymous_7)
FNDA:6,(anonymous_8)
FNDA:4,(anonymous_9)
FNDA:1,(anonymous_10)
FNDA:4,(anonymous_11)
FNDA:2,(anonymous_12)
FNDA:1,(anonymous_13)
FNDA:4,(anonymous_14)
FNDA:2,(anonymous_15)
FNDA:1,(anonymous_16)
FNDA:2,(anonymous_17)
FNDA:3,(anonymous_18)
FNDA:3,(anonymous_19)
FNDA:2,(anonymous_20)
FNDA:2,(anonymous_21)
FNDA:1,(anonymous_22)
FNDA:3,(anonymous_23)
FNDA:2,(anonymous_24)
FNDA:1,(anonymous_25)
FNDA:2,(anonymous_26)
FNDA:1,(anonymous_27)
FNDA:3,(anonymous_28)
FNDA:2,(anonymous_29)
FNDA:2,(anonymous_30)
FNDA:2,(anonymous_31)
FNDA:1,(anonymous_32)
FNDA:4,(anonymous_33)
FNDA:1,(anonymous_34)
FNDA:3,(anonymous_35)
FNDA:3,(anonymous_36)
FNDA:1,(anonymous_37)
FNDA:2,(anonymous_38)
FNDA:2,(anonymous_39)
FNDA:5,(anonymous_40)
FNDA:3,(anonymous_41)
FNDA:5,(anonymous_42)
FNDA:14,(anonymous_43)
FNDA:2,(anonymous_44)
FNDA:2,(anonymous_45)
FNDA:2,(anonymous_46)
FNDA:2,(anonymous_47)
FNDA:6,(anonymous_48)
FNDA:12,(anonymous_49)
FNDA:3,(anonymous_50)
FNDA:1,(anonymous_51)
DA:30,1
DA:31,19
DA:33,19
DA:34,19
DA:35,19
DA:36,19
DA:37,19
DA:38,19
DA:39,19
DA:40,19
DA:41,19
DA:43,19
DA:44,19
DA:45,19
DA:47,19
DA:48,19
DA:49,19
DA:50,19
DA:51,19
DA:55,19
DA:56,19
DA:57,19
DA:58,19
DA:62,2
DA:66,2
DA:67,2
DA:68,2
DA:72,23
DA:79,3
DA:83,15
DA:87,13
DA:88,13
DA:89,13
DA:93,3
DA:97,6
DA:98,1
DA:101,5
DA:102,5
DA:103,5
DA:104,5
DA:105,5
DA:106,5
DA:107,5
DA:119,5
DA:121,5
DA:125,4
DA:126,1
DA:131,4
DA:132,1
DA:135,3
DA:136,3
DA:137,3
DA:139,3
DA:140,3
DA:146,2
DA:147,2
DA:148,2
DA:150,2
DA:151,2
DA:152,2
DA:155,2
DA:157,1
DA:162,4
DA:163,1
DA:164,1
DA:165,1
DA:168,3
DA:169,3
DA:170,3
DA:172,3
DA:173,3
DA:179,2
DA:180,2
DA:181,2
DA:183,2
DA:185,2
DA:186,2
DA:187,2
DA:190,2
DA:192,1
DA:197,2
DA:198,1
DA:201,1
DA:202,1
DA:203,1
DA:204,1
DA:205,1
DA:206,1
DA:207,1
DA:208,1
DA:209,1
DA:210,1
DA:212,1
DA:213,1
DA:214,1
DA:215,1
DA:216,1
DA:220,3
DA:221,1
DA:224,2
DA:225,2
DA:227,2
DA:228,2
DA:230,3
DA:232,2
DA:241,2
DA:244,2
DA:248,1
DA:252,3
DA:256,2
DA:257,1
DA:259,1
DA:261,2
DA:265,2
DA:266,1
DA:270,1
DA:271,1
DA:275,3
DA:276,1
DA:279,2
DA:280,2
DA:284,2
DA:285,1
DA:288,1
DA:289,1
DA:290,1
DA:294,2
DA:297,2
DA:301,2
DA:302,1
DA:305,1
DA:307,1
DA:309,1
DA:310,1
DA:312,1
DA:321,1
DA:325,4
DA:326,1
DA:329,4
DA:330,1
DA:331,1
DA:332,1
DA:333,1
DA:336,3
DA:337,3
DA:338,3
DA:350,3
DA:352,3
DA:353,3
DA:354,3
DA:355,3
DA:356,1
DA:358,2
DA:367,2
DA:368,2
DA:369,2
DA:370,2
DA:371,2
DA:372,2
DA:373,2
DA:374,2
DA:375,2
DA:377,2
DA:379,2
DA:391,2
DA:393,2
DA:397,5
DA:398,1
DA:401,4
DA:402,4
DA:403,2
DA:404,2
DA:407,2
DA:408,2
DA:409,2
DA:411,2
DA:412,2
DA:420,2
DA:424,3
DA:425,1
DA:428,2
DA:429,2
DA:430,2
DA:442,2
DA:443,2
DA:444,2
DA:445,2
DA:446,2
DA:450,5
DA:451,5
DA:452,5
DA:453,5
DA:454,5
DA:455,5
DA:456,5
DA:457,5
DA:458,5
DA:459,5
DA:460,5
DA:464,14
DA:465,13
DA:467,14
DA:468,14
DA:472,2
DA:473,2
DA:474,2
DA:477,2
DA:482,2
DA:488,2
DA:489,2
DA:495,6
DA:496,12
DA:498,6
DA:499,6
DA:503,3
DA:505,3
DA:506,0
DA:509,3
DA:510,1
LF:219
LH:218
BRDA:72,0,0,23
BRDA:72,0,1,22
BRDA:72,0,2,20
BRDA:72,0,3,18
BRDA:83,1,0,15
BRDA:83,1,1,10
BRDA:87,2,0,13
BRDA:87,2,1,5
BRDA:88,3,0,13
BRDA:88,3,1,5
BRDA:97,4,0,1
BRDA:111,5,0,5
BRDA:111,5,1,2
BRDA:114,6,0,5
BRDA:114,6,1,2
BRDA:131,7,0,1
BRDA:147,8,0,2
BRDA:152,9,0,1
BRDA:152,9,1,1
BRDA:162,10,0,1
BRDA:180,11,0,2
BRDA:187,12,0,1
BRDA:187,12,1,1
BRDA:189,13,0,1
BRDA:189,13,1,0
BRDA:197,14,0,1
BRDA:220,15,0,1
BRDA:220,16,0,3
BRDA:220,16,1,3
BRDA:227,17,0,2
BRDA:237,18,0,1
BRDA:237,18,1,1
BRDA:256,19,0,1
BRDA:256,19,1,1
BRDA:275,20,0,1
BRDA:275,21,0,3
BRDA:275,21,1,2
BRDA:284,22,0,1
BRDA:284,23,0,2
BRDA:284,23,1,1
BRDA:294,24,0,1
BRDA:294,24,1,1
BRDA:301,25,0,1
BRDA:301,26,0,2
BRDA:301,26,1,1
BRDA:325,27,0,4
BRDA:325,27,1,3
BRDA:329,28,0,1
BRDA:359,29,0,1
BRDA:359,29,1,1
BRDA:397,30,0,1
BRDA:397,31,0,5
BRDA:397,31,1,4
BRDA:402,32,0,2
BRDA:411,33,0,2
BRDA:424,34,0,1
BRDA:424,35,0,3
BRDA:424,35,1,2
BRDA:463,36,0,13
BRDA:464,37,0,13
BRDA:473,38,0,2
BRDA:473,38,1,1
BRDA:474,39,0,1
BRDA:474,39,1,1
BRDA:505,40,0,0
BRF:65
BRH:63
end_of_record
TN:
SF:..\..\apps\angular-showcase\src\app\components\performance-form\performance-form.validation.policy.ts
FN:5,(anonymous_0)
FN:20,(anonymous_1)
FN:22,(anonymous_2)
FN:25,(anonymous_3)
FNF:4
FNH:4
FNDA:7,(anonymous_0)
FNDA:10,(anonymous_1)
FNDA:18,(anonymous_2)
FNDA:260,(anonymous_3)
DA:6,7
DA:20,10
DA:23,18
DA:25,18
DA:26,260
DA:27,260
DA:29,260
DA:31,50
DA:37,50
DA:39,20
DA:44,20
DA:46,36
DA:51,36
DA:53,18
DA:58,18
DA:60,46
DA:63,46
DA:65,18
DA:68,18
DA:70,34
DA:76,34
DA:78,38
DA:81,38
DA:85,18
LF:24
LH:24
BRDA:29,0,0,50
BRDA:29,0,1,20
BRDA:29,0,2,36
BRDA:29,0,3,18
BRDA:29,0,4,46
BRDA:29,0,5,18
BRDA:29,0,6,34
BRDA:29,0,7,38
BRDA:32,1,0,1
BRDA:32,1,1,49
BRDA:71,2,0,13
BRDA:71,2,1,21
BRF:12
BRH:12
end_of_record
TN:
SF:..\..\apps\angular-showcase\src\app\components\sample-form\sample-form-material.component.ts
FN:16,(anonymous_0)
FN:18,(anonymous_1)
FN:22,(anonymous_2)
FN:30,(anonymous_3)
FNF:4
FNH:4
FNDA:2,(anonymous_0)
FNDA:2,(anonymous_1)
FNDA:2,(anonymous_2)
FNDA:1,(anonymous_3)
DA:11,1
DA:12,2
DA:13,2
DA:14,2
DA:16,2
DA:19,2
DA:23,2
DA:24,2
DA:31,1
DA:32,1
DA:33,1
DA:34,1
DA:35,1
LF:13
LH:13
BRDA:24,0,0,1
BRDA:24,0,1,1
BRF:2
BRH:2
end_of_record
TN:
SF:..\..\apps\angular-showcase\src\app\components\sample-form\sample-form-tailwind.component.ts
FN:16,(anonymous_0)
FN:18,(anonymous_1)
FN:22,(anonymous_2)
FN:30,(anonymous_3)
FNF:4
FNH:4
FNDA:2,(anonymous_0)
FNDA:2,(anonymous_1)
FNDA:2,(anonymous_2)
FNDA:1,(anonymous_3)
DA:11,1
DA:12,2
DA:13,2
DA:14,2
DA:16,2
DA:19,2
DA:23,2
DA:24,2
DA:31,1
DA:32,1
DA:33,1
DA:34,1
DA:35,1
LF:13
LH:13
BRDA:24,0,0,1
BRDA:24,0,1,1
BRF:2
BRH:2
end_of_record
TN:
SF:..\..\apps\angular-showcase\src\app\components\sample-form\sample-form.component.ts
FN:17,(anonymous_0)
FN:19,(anonymous_1)
FN:23,(anonymous_2)
FN:31,(anonymous_3)
FNF:4
FNH:4
FNDA:5,(anonymous_0)
FNDA:3,(anonymous_1)
FNDA:3,(anonymous_2)
FNDA:2,(anonymous_3)
DA:11,1
DA:12,5
DA:13,5
DA:15,5
DA:17,5
DA:20,3
DA:24,3
DA:25,3
DA:32,2
DA:33,2
DA:34,2
DA:35,2
LF:12
LH:12
BRDA:25,0,0,2
BRDA:25,0,1,1
BRF:2
BRH:2
end_of_record
TN:
SF:..\..\apps\angular-showcase\src\app\components\sample-form\sample-form.validation.policy.ts
FN:4,(anonymous_0)
FNF:1
FNH:1
FNDA:14,(anonymous_0)
DA:5,14
LF:1
LH:1
BRF:0
BRH:0
end_of_record
TN:
SF:..\..\apps\angular-showcase\src\app\layout\showcase-shell.component.ts
FN:12,(anonymous_0)
FNF:1
FNH:1
FNDA:5,(anonymous_0)
DA:12,1
DA:13,5
DA:14,5
DA:15,5
DA:16,5
DA:17,5
DA:18,5
LF:7
LH:7
BRF:0
BRH:0
end_of_record
TN:
SF:..\..\apps\angular-showcase\src\app\models\complex-form.model.ts
FN:24,(anonymous_0)
FN:31,(anonymous_1)
FN:40,(anonymous_2)
FN:57,(anonymous_3)
FNF:4
FNH:4
FNDA:16,(anonymous_0)
FNDA:16,(anonymous_1)
FNDA:16,(anonymous_2)
FNDA:13,(anonymous_3)
DA:25,16
DA:26,16
DA:27,16
DA:28,16
DA:32,16
DA:33,16
DA:34,16
DA:35,16
DA:36,16
DA:37,16
DA:41,16
DA:42,16
DA:43,16
DA:44,16
DA:58,13
DA:59,13
DA:60,13
LF:17
LH:17
BRF:0
BRH:0
end_of_record
TN:
SF:..\..\apps\angular-showcase\src\app\models\performance-form.model.ts
FN:81,(anonymous_0)
FNF:1
FNH:1
FNDA:38,(anonymous_0)
DA:82,38
DA:88,38
LF:2
LH:2
BRF:0
BRH:0
end_of_record
TN:
SF:..\..\apps\angular-showcase\src\app\models\sample-form.model.ts
FN:13,(anonymous_0)
FNF:1
FNH:1
FNDA:16,(anonymous_0)
DA:14,16
DA:15,16
DA:16,16
DA:17,16
DA:18,16
DA:19,16
DA:20,16
DA:21,16
DA:22,16
LF:9
LH:9
BRF:0
BRH:0
end_of_record
TN:
SF:..\..\apps\angular-showcase\src\app\pages\framework-showcase\framework-showcase.component.ts
FN:19,(anonymous_0)
FN:21,(anonymous_1)
FN:22,(anonymous_2)
FN:27,(anonymous_3)
FN:28,(anonymous_4)
FN:31,(anonymous_5)
FNF:6
FNH:6
FNDA:4,(anonymous_0)
FNDA:4,(anonymous_1)
FNDA:5,(anonymous_2)
FNDA:15,(anonymous_3)
FNDA:16,(anonymous_4)
FNDA:3,(anonymous_5)
DA:12,1
DA:13,4
DA:14,4
DA:16,4
DA:17,4
DA:19,4
DA:22,4
DA:23,5
DA:28,16
DA:32,3
LF:10
LH:10
BRDA:23,0,0,5
BRDA:23,0,1,1
BRF:2
BRH:2
end_of_record
TN:
SF:..\..\apps\angular-showcase\src\app\pages\home\home.component.ts
FN:12,(anonymous_0)
FNF:1
FNH:1
FNDA:3,(anonymous_0)
DA:12,1
DA:13,3
DA:14,3
DA:15,3
DA:16,3
DA:17,3
DA:19,3
LF:7
LH:7
BRF:0
BRH:0
end_of_record
TN:
SF:..\..\apps\angular-showcase\src\app\showcase\showcase-framework.model.ts
FNF:0
FNH:0
DA:12,1
DA:33,1
LF:2
LH:2
BRF:0
BRH:0
end_of_record
TN:
SF:..\..\apps\angular-showcase\src\app\showcase\showcase-framework.providers.ts
FN:9,provideShowcaseFrameworkDisplay
FNF:1
FNH:1
FNDA:6,provideShowcaseFrameworkDisplay
DA:10,6
DA:12,2
DA:14,2
DA:16,2
LF:4
LH:4
BRDA:10,0,0,2
BRDA:10,0,1,2
BRDA:10,0,2,2
BRF:3
BRH:3
end_of_record
TN:
SF:..\..\apps\angular-showcase\src\app\state-management\angular-state-runtime.service.ts
FN:42,createAngularStateRuntimeSnapshot
FN:68,(anonymous_1)
FN:74,(anonymous_2)
FN:84,(anonymous_3)
FN:89,(anonymous_4)
FN:115,(anonymous_5)
FN:101,(anonymous_6)
FN:123,(anonymous_7)
FN:131,(anonymous_8)
FN:140,(anonymous_9)
FN:149,(anonymous_10)
FN:153,(anonymous_11)
FN:161,(anonymous_12)
FN:207,cloneSimpleModel
FN:211,cloneComplexModel
FNF:15
FNH:15
FNDA:17,createAngularStateRuntimeSnapshot
FNDA:1,(anonymous_1)
FNDA:2,(anonymous_2)
FNDA:1,(anonymous_3)
FNDA:1,(anonymous_4)
FNDA:1,(anonymous_5)
FNDA:1,(anonymous_6)
FNDA:1,(anonymous_7)
FNDA:3,(anonymous_8)
FNDA:5,(anonymous_9)
FNDA:2,(anonymous_10)
FNDA:1,(anonymous_11)
FNDA:9,(anonymous_12)
FNDA:17,cloneSimpleModel
FNDA:17,cloneComplexModel
DA:49,17
DA:59,1
DA:61,1
DA:66,1
DA:68,1
DA:72,1
DA:74,2
DA:82,1
DA:84,1
DA:85,1
DA:89,1
DA:90,1
DA:95,1
DA:96,1
DA:97,1
DA:98,1
DA:99,1
DA:100,1
DA:101,1
DA:102,1
DA:105,1
DA:109,1
DA:110,1
DA:116,1
DA:117,1
DA:118,1
DA:120,1
DA:128,1
DA:137,3
DA:146,5
DA:150,2
DA:154,1
DA:155,1
DA:156,1
DA:157,1
DA:158,1
DA:168,9
DA:169,9
DA:171,9
DA:173,1
DA:174,1
DA:176,1
DA:177,1
DA:179,1
DA:180,1
DA:182,1
DA:183,1
DA:185,1
DA:186,1
DA:187,1
DA:189,1
DA:190,1
DA:192,1
DA:193,1
DA:195,1
DA:196,1
DA:197,1
DA:199,1
DA:200,1
DA:203,9
DA:208,17
DA:212,17
LF:62
LH:62
BRDA:43,0,0,7
BRDA:44,1,0,7
BRDA:45,2,0,7
BRDA:46,3,0,7
BRDA:47,4,0,7
BRDA:102,5,0,1
BRDA:102,5,1,1
BRDA:103,6,0,1
BRDA:103,6,1,1
BRDA:171,7,0,1
BRDA:171,7,1,1
BRDA:171,7,2,1
BRDA:171,7,3,1
BRDA:171,7,4,1
BRDA:171,7,5,1
BRDA:171,7,6,1
BRDA:171,7,7,1
BRDA:171,7,8,1
BRF:18
BRH:18
end_of_record
TN:
SF:..\..\apps\angular-showcase\src\app\state-management\angular-state-showcase.component.ts
FN:76,(anonymous_0)
FN:82,(anonymous_1)
FN:84,(anonymous_2)
FN:101,(anonymous_3)
FN:106,(anonymous_4)
FN:110,(anonymous_5)
FN:111,(anonymous_6)
FN:114,(anonymous_7)
FN:118,(anonymous_8)
FN:122,(anonymous_9)
FN:126,(anonymous_10)
FN:130,(anonymous_11)
FN:134,(anonymous_12)
FN:141,(anonymous_13)
FN:156,(anonymous_14)
FN:164,(anonymous_15)
FN:171,(anonymous_16)
FN:175,(anonymous_17)
FN:179,(anonymous_18)
FN:183,(anonymous_19)
FN:191,(anonymous_20)
FN:198,(anonymous_21)
FN:205,(anonymous_22)
FN:210,(anonymous_23)
FN:214,(anonymous_24)
FN:218,(anonymous_25)
FN:223,(anonymous_26)
FN:227,(anonymous_27)
FN:231,(anonymous_28)
FN:236,(anonymous_29)
FN:245,(anonymous_30)
FN:249,(anonymous_31)
FN:253,(anonymous_32)
FN:257,(anonymous_33)
FN:267,(anonymous_34)
FN:281,(anonymous_35)
FN:293,(anonymous_36)
FN:303,(anonymous_37)
FN:330,(anonymous_38)
FN:338,(anonymous_39)
FN:356,(anonymous_40)
FN:363,(anonymous_41)
FN:365,(anonymous_42)
FN:372,(anonymous_43)
FNF:44
FNH:42
FNDA:6,(anonymous_0)
FNDA:6,(anonymous_1)
FNDA:11,(anonymous_2)
FNDA:6,(anonymous_3)
FNDA:1,(anonymous_4)
FNDA:2,(anonymous_5)
FNDA:6,(anonymous_6)
FNDA:0,(anonymous_7)
FNDA:0,(anonymous_8)
FNDA:2,(anonymous_9)
FNDA:1,(anonymous_10)
FNDA:2,(anonymous_11)
FNDA:2,(anonymous_12)
FNDA:2,(anonymous_13)
FNDA:1,(anonymous_14)
FNDA:1,(anonymous_15)
FNDA:3,(anonymous_16)
FNDA:2,(anonymous_17)
FNDA:1,(anonymous_18)
FNDA:1,(anonymous_19)
FNDA:1,(anonymous_20)
FNDA:1,(anonymous_21)
FNDA:1,(anonymous_22)
FNDA:2,(anonymous_23)
FNDA:2,(anonymous_24)
FNDA:1,(anonymous_25)
FNDA:2,(anonymous_26)
FNDA:2,(anonymous_27)
FNDA:1,(anonymous_28)
FNDA:2,(anonymous_29)
FNDA:1,(anonymous_30)
FNDA:1,(anonymous_31)
FNDA:1,(anonymous_32)
FNDA:8,(anonymous_33)
FNDA:3,(anonymous_34)
FNDA:3,(anonymous_35)
FNDA:16,(anonymous_36)
FNDA:25,(anonymous_37)
FNDA:30,(anonymous_38)
FNDA:30,(anonymous_39)
FNDA:5,(anonymous_40)
FNDA:6,(anonymous_41)
FNDA:24,(anonymous_42)
FNDA:30,(anonymous_43)
DA:41,1
DA:42,6
DA:43,6
DA:44,6
DA:45,6
DA:46,6
DA:47,6
DA:48,6
DA:54,6
DA:55,6
DA:56,6
DA:61,6
DA:62,6
DA:63,6
DA:64,6
DA:65,6
DA:67,6
DA:68,6
DA:69,6
DA:70,6
DA:71,6
DA:72,6
DA:77,6
DA:78,6
DA:79,6
DA:83,6
DA:85,11
DA:86,11
DA:87,11
DA:88,11
DA:89,11
DA:91,11
DA:92,8
DA:96,6
DA:97,6
DA:98,6
DA:102,6
DA:103,6
DA:107,1
DA:111,6
DA:115,0
DA:119,0
DA:123,2
DA:127,1
DA:131,2
DA:135,2
DA:136,2
DA:137,2
DA:142,2
DA:143,2
DA:144,2
DA:147,2
DA:157,1
DA:158,1
DA:159,1
DA:160,1
DA:161,1
DA:165,1
DA:166,1
DA:167,1
DA:168,1
DA:172,3
DA:176,2
DA:180,1
DA:184,1
DA:185,1
DA:186,1
DA:187,1
DA:188,1
DA:192,1
DA:193,1
DA:194,1
DA:195,1
DA:199,1
DA:200,1
DA:201,1
DA:202,1
DA:206,1
DA:207,1
DA:211,2
DA:212,1
DA:214,2
DA:215,1
DA:219,1
DA:220,1
DA:224,2
DA:225,1
DA:227,2
DA:228,1
DA:232,1
DA:233,1
DA:237,2
DA:238,1
DA:240,2
DA:241,2
DA:242,2
DA:246,1
DA:250,1
DA:254,1
DA:258,8
DA:259,8
DA:260,8
DA:261,8
DA:262,8
DA:263,8
DA:264,8
DA:268,3
DA:269,3
DA:270,3
DA:277,3
DA:282,3
DA:283,3
DA:284,3
DA:289,3
DA:294,16
DA:295,16
DA:296,16
DA:297,16
DA:304,25
DA:305,25
DA:309,25
DA:313,25
DA:315,25
DA:316,25
DA:317,25
DA:318,25
DA:319,25
DA:330,30
DA:338,30
DA:344,25
DA:350,25
DA:357,5
DA:358,5
DA:359,5
DA:360,5
DA:364,6
DA:365,24
DA:366,6
DA:373,30
DA:374,30
DA:376,6
DA:377,6
LF:142
LH:140
BRDA:86,0,0,11
BRDA:86,0,1,1
BRDA:91,1,0,8
BRDA:111,2,0,2
BRDA:111,2,1,1
BRDA:123,3,0,1
BRDA:123,3,1,1
BRDA:130,4,0,1
BRDA:143,5,0,2
BRDA:143,5,1,1
BRDA:144,6,0,1
BRDA:144,6,1,1
BRDA:150,7,0,1
BRDA:150,7,1,1
BRDA:171,8,0,1
BRDA:211,9,0,1
BRDA:224,10,0,1
BRDA:237,11,0,1
BRDA:274,12,0,1
BRDA:274,12,1,2
BRDA:282,13,0,3
BRDA:282,13,1,2
BRDA:283,14,0,1
BRDA:283,14,1,2
BRDA:283,15,0,1
BRDA:283,15,1,1
BRDA:284,16,0,1
BRDA:284,16,1,2
BRDA:286,17,0,1
BRDA:286,17,1,1
BRF:30
BRH:30
end_of_record
TN:
SF:..\..\apps\angular-showcase\src\app\state-management\angular-state-showcase.model.ts
FN:276,(anonymous_0)
FN:311,(anonymous_1)
FN:346,strategyById
FN:347,(anonymous_3)
FN:350,emptyAngularStateAddress
FN:362,emptyAngularStateContact
FN:371,createSimpleModel
FN:375,createComplexModel
FN:379,sampleSimpleModel
FN:393,sampleComplexModel
FN:453,invalidComplexModel
FN:499,(anonymous_11)
FN:515,(anonymous_12)
FN:531,(anonymous_13)
FN:533,(anonymous_14)
FN:534,(anonymous_15)
FN:548,(anonymous_16)
FN:550,(anonymous_17)
FN:551,(anonymous_18)
FN:561,(anonymous_19)
FN:565,(anonymous_20)
FN:571,(anonymous_21)
FNF:22
FNH:22
FNDA:44,(anonymous_0)
FNDA:46,(anonymous_1)
FNDA:13,strategyById
FNDA:73,(anonymous_3)
FNDA:47,emptyAngularStateAddress
FNDA:47,emptyAngularStateContact
FNDA:23,createSimpleModel
FNDA:23,createComplexModel
FNDA:4,sampleSimpleModel
FNDA:4,sampleComplexModel
FNDA:2,invalidComplexModel
FNDA:17,(anonymous_11)
FNDA:27,(anonymous_12)
FNDA:28,(anonymous_13)
FNDA:28,(anonymous_14)
FNDA:34,(anonymous_15)
FNDA:28,(anonymous_16)
FNDA:28,(anonymous_17)
FNDA:34,(anonymous_18)
FNDA:27,(anonymous_19)
FNDA:41,(anonymous_20)
FNDA:36,(anonymous_21)
DA:45,1
DA:72,1
DA:264,1
DA:279,44
DA:280,44
DA:281,44
DA:282,44
DA:283,44
DA:284,44
DA:285,44
DA:286,44
DA:287,44
DA:314,46
DA:324,46
DA:325,46
DA:326,46
DA:331,46
DA:336,46
DA:347,73
DA:351,47
DA:363,47
DA:372,23
DA:376,23
DA:380,4
DA:394,4
DA:395,4
DA:405,4
DA:425,4
DA:439,4
DA:444,4
DA:449,4
DA:450,4
DA:454,2
DA:455,2
DA:465,2
DA:476,2
DA:484,2
DA:489,2
DA:494,2
DA:495,2
DA:500,17
DA:516,27
DA:531,28
DA:534,34
DA:548,28
DA:551,34
DA:562,27
DA:565,41
DA:571,36
LF:49
LH:49
BRDA:347,0,0,13
BRDA:347,0,1,4
BRDA:350,1,0,1
BRDA:362,2,0,1
BRDA:531,3,0,1
BRDA:548,4,0,1
BRF:6
BRH:6
end_of_record
