{"total": {"lines":{"total":1885,"covered":1865,"skipped":0,"pct":98.93},"statements":{"total":1885,"covered":1865,"skipped":0,"pct":98.93},"functions":{"total":159,"covered":150,"skipped":0,"pct":94.33},"branches":{"total":567,"covered":524,"skipped":0,"pct":92.41},"branchesTrue":{"total":0,"covered":0,"skipped":0,"pct":100}}
,"C:\\Kalyan\\Learning\\validation-rules-engine\\apps\\vanilla-showcase\\src\\app.ts": {"lines":{"total":114,"covered":111,"skipped":0,"pct":97.36},"functions":{"total":9,"covered":8,"skipped":0,"pct":88.88},"statements":{"total":114,"covered":111,"skipped":0,"pct":97.36},"branches":{"total":24,"covered":24,"skipped":0,"pct":100}}
,"C:\\Kalyan\\Learning\\validation-rules-engine\\apps\\vanilla-showcase\\src\\models.ts": {"lines":{"total":36,"covered":34,"skipped":0,"pct":94.44},"functions":{"total":2,"covered":2,"skipped":0,"pct":100},"statements":{"total":36,"covered":34,"skipped":0,"pct":94.44},"branches":{"total":3,"covered":2,"skipped":0,"pct":66.66}}
,"C:\\Kalyan\\Learning\\validation-rules-engine\\apps\\vanilla-showcase\\src\\platform-urls.ts": {"lines":{"total":19,"covered":19,"skipped":0,"pct":100},"functions":{"total":2,"covered":2,"skipped":0,"pct":100},"statements":{"total":19,"covered":19,"skipped":0,"pct":100},"branches":{"total":10,"covered":9,"skipped":0,"pct":90}}
,"C:\\Kalyan\\Learning\\validation-rules-engine\\apps\\vanilla-showcase\\src\\routes.ts": {"lines":{"total":23,"covered":21,"skipped":0,"pct":91.3},"functions":{"total":4,"covered":4,"skipped":0,"pct":100},"statements":{"total":23,"covered":21,"skipped":0,"pct":91.3},"branches":{"total":15,"covered":10,"skipped":0,"pct":66.66}}
,"C:\\Kalyan\\Learning\\validation-rules-engine\\apps\\vanilla-showcase\\src\\pages\\complex-form.ts": {"lines":{"total":294,"covered":291,"skipped":0,"pct":98.97},"functions":{"total":19,"covered":17,"skipped":0,"pct":89.47},"statements":{"total":294,"covered":291,"skipped":0,"pct":98.97},"branches":{"total":46,"covered":45,"skipped":0,"pct":97.82}}
,"C:\\Kalyan\\Learning\\validation-rules-engine\\apps\\vanilla-showcase\\src\\pages\\home.ts": {"lines":{"total":71,"covered":71,"skipped":0,"pct":100},"functions":{"total":2,"covered":2,"skipped":0,"pct":100},"statements":{"total":71,"covered":71,"skipped":0,"pct":100},"branches":{"total":4,"covered":4,"skipped":0,"pct":100}}
,"C:\\Kalyan\\Learning\\validation-rules-engine\\apps\\vanilla-showcase\\src\\pages\\performance-form.ts": {"lines":{"total":289,"covered":285,"skipped":0,"pct":98.61},"functions":{"total":26,"covered":23,"skipped":0,"pct":88.46},"statements":{"total":289,"covered":285,"skipped":0,"pct":98.61},"branches":{"total":61,"covered":57,"skipped":0,"pct":93.44}}
,"C:\\Kalyan\\Learning\\validation-rules-engine\\apps\\vanilla-showcase\\src\\pages\\simple-form.ts": {"lines":{"total":94,"covered":94,"skipped":0,"pct":100},"functions":{"total":6,"covered":5,"skipped":0,"pct":83.33},"statements":{"total":94,"covered":94,"skipped":0,"pct":100},"branches":{"total":11,"covered":11,"skipped":0,"pct":100}}
,"C:\\Kalyan\\Learning\\validation-rules-engine\\apps\\vanilla-showcase\\src\\performance\\performance-generator.ts": {"lines":{"total":235,"covered":235,"skipped":0,"pct":100},"functions":{"total":13,"covered":13,"skipped":0,"pct":100},"statements":{"total":235,"covered":235,"skipped":0,"pct":100},"branches":{"total":66,"covered":63,"skipped":0,"pct":95.45}}
,"C:\\Kalyan\\Learning\\validation-rules-engine\\apps\\vanilla-showcase\\src\\policies\\complex-policies.ts": {"lines":{"total":39,"covered":39,"skipped":0,"pct":100},"functions":{"total":5,"covered":5,"skipped":0,"pct":100},"statements":{"total":39,"covered":39,"skipped":0,"pct":100},"branches":{"total":8,"covered":8,"skipped":0,"pct":100}}
,"C:\\Kalyan\\Learning\\validation-rules-engine\\apps\\vanilla-showcase\\src\\ui\\field.ts": {"lines":{"total":228,"covered":227,"skipped":0,"pct":99.56},"functions":{"total":24,"covered":24,"skipped":0,"pct":100},"statements":{"total":228,"covered":227,"skipped":0,"pct":99.56},"branches":{"total":74,"covered":68,"skipped":0,"pct":91.89}}
,"C:\\Kalyan\\Learning\\validation-rules-engine\\apps\\vanilla-showcase\\src\\ui\\render.ts": {"lines":{"total":82,"covered":82,"skipped":0,"pct":100},"functions":{"total":7,"covered":7,"skipped":0,"pct":100},"statements":{"total":82,"covered":82,"skipped":0,"pct":100},"branches":{"total":34,"covered":31,"skipped":0,"pct":91.17}}
,"C:\\Kalyan\\Learning\\validation-rules-engine\\apps\\vanilla-showcase\\src\\ui\\summary.ts": {"lines":{"total":40,"covered":40,"skipped":0,"pct":100},"functions":{"total":3,"covered":3,"skipped":0,"pct":100},"statements":{"total":40,"covered":40,"skipped":0,"pct":100},"branches":{"total":13,"covered":12,"skipped":0,"pct":92.3}}
,"C:\\Kalyan\\Learning\\validation-rules-engine\\apps\\vanilla-showcase\\src\\validation\\engine.ts": {"lines":{"total":297,"covered":292,"skipped":0,"pct":98.31},"functions":{"total":34,"covered":32,"skipped":0,"pct":94.11},"statements":{"total":297,"covered":292,"skipped":0,"pct":98.31},"branches":{"total":182,"covered":164,"skipped":0,"pct":90.1}}
,"C:\\Kalyan\\Learning\\validation-rules-engine\\apps\\vanilla-showcase\\src\\validation\\paths.ts": {"lines":{"total":24,"covered":24,"skipped":0,"pct":100},"functions":{"total":3,"covered":3,"skipped":0,"pct":100},"statements":{"total":24,"covered":24,"skipped":0,"pct":100},"branches":{"total":16,"covered":16,"skipped":0,"pct":100}}
}
