TN:
SF:src\app.ts
FN:19,mountPage
FN:33,createApp
FN:35,unmountPage
FN:40,renderNav
FN:49,onClick
FN:62,onClick
FN:70,renderPage
FN:77,navigate
FN:117,onPopState
FNF:9
FNH:8
FNDA:22,mountPage
FNDA:10,createApp
FNDA:10,unmountPage
FNDA:22,renderNav
FNDA:1,onClick
FNDA:10,onClick
FNDA:22,renderPage
FNDA:12,navigate
FNDA:0,onPopState
DA:1,1
DA:2,1
DA:3,1
DA:4,1
DA:5,1
DA:6,1
DA:7,1
DA:10,1
DA:12,1
DA:13,1
DA:14,1
DA:15,1
DA:16,1
DA:17,1
DA:19,22
DA:20,22
DA:21,22
DA:22,22
DA:23,3
DA:24,22
DA:25,4
DA:26,22
DA:27,4
DA:28,22
DA:29,11
DA:30,22
DA:31,22
DA:33,1
DA:34,10
DA:35,10
DA:37,10
DA:38,10
DA:40,10
DA:41,22
DA:42,22
DA:43,88
DA:44,22
DA:45,22
DA:46,22
DA:47,22
DA:48,22
DA:49,22
DA:50,1
DA:51,1
DA:52,1
DA:53,22
DA:54,22
DA:55,22
DA:56,22
DA:57,66
DA:58,66
DA:59,88
DA:60,88
DA:61,88
DA:62,88
DA:63,10
DA:64,10
DA:65,10
DA:66,88
DA:67,88
DA:68,22
DA:70,10
DA:71,22
DA:72,22
DA:73,22
DA:74,22
DA:75,22
DA:77,10
DA:78,12
DA:79,12
DA:80,12
DA:81,12
DA:82,12
DA:83,12
DA:85,10
DA:86,10
DA:87,10
DA:88,10
DA:89,10
DA:90,10
DA:91,10
DA:92,10
DA:93,10
DA:94,10
DA:95,10
DA:96,10
DA:97,10
DA:98,10
DA:99,10
DA:100,10
DA:101,10
DA:103,10
DA:104,10
DA:105,10
DA:106,10
DA:107,10
DA:108,10
DA:109,10
DA:110,10
DA:111,10
DA:112,10
DA:114,10
DA:115,10
DA:117,10
DA:118,0
DA:119,0
DA:120,0
DA:121,10
DA:123,10
DA:124,10
DA:125,10
DA:126,10
DA:127,10
DA:128,10
LF:114
LH:111
BRDA:19,0,0,22
BRDA:22,1,0,3
BRDA:24,2,0,4
BRDA:26,3,0,4
BRDA:28,4,0,11
BRDA:33,5,0,10
BRDA:35,6,0,10
BRDA:40,7,0,22
BRDA:42,8,0,88
BRDA:43,9,0,22
BRDA:46,10,0,11
BRDA:46,11,0,11
BRDA:48,12,0,11
BRDA:48,13,0,11
BRDA:56,14,0,66
BRDA:59,15,0,11
BRDA:59,16,0,55
BRDA:61,17,0,11
BRDA:61,18,0,55
BRDA:49,19,0,1
BRDA:62,20,0,10
BRDA:70,21,0,22
BRDA:77,22,0,12
BRDA:123,23,0,10
BRF:24
BRH:24
end_of_record
TN:
SF:src\models.ts
FN:29,addValidations
FN:60,cloneModel
FNF:2
FNH:2
FNDA:4,addValidations
FNDA:11,cloneModel
DA:24,1
DA:25,1
DA:26,1
DA:28,1
DA:29,1
DA:30,4
DA:31,4
DA:32,4
DA:33,4
DA:34,4
DA:35,4
DA:36,4
DA:37,1
DA:39,1
DA:40,1
DA:41,1
DA:42,1
DA:43,1
DA:45,1
DA:46,1
DA:47,1
DA:48,1
DA:49,1
DA:50,1
DA:51,1
DA:52,1
DA:53,1
DA:54,1
DA:55,1
DA:56,1
DA:57,1
DA:58,1
DA:60,1
DA:61,11
DA:62,0
DA:63,0
LF:36
LH:34
BRDA:29,0,0,4
BRDA:60,1,0,11
BRDA:61,2,0,0
BRF:3
BRH:2
end_of_record
TN:
SF:src\platform-urls.ts
FN:18,developmentUrl
FN:32,platformUrl
FNF:2
FNH:2
FNDA:15,developmentUrl
FNDA:90,platformUrl
DA:18,15
DA:19,15
DA:20,15
DA:21,15
DA:22,15
DA:24,1
DA:25,1
DA:26,1
DA:27,1
DA:28,1
DA:29,1
DA:30,1
DA:32,1
DA:33,90
DA:34,90
DA:35,90
DA:36,90
DA:37,90
DA:38,90
LF:19
LH:19
BRDA:18,0,0,15
BRDA:32,1,0,90
BRDA:33,2,0,89
BRDA:34,3,0,1
BRDA:34,4,0,89
BRDA:35,5,0,1
BRDA:35,6,0,1
BRDA:35,7,0,89
BRDA:36,8,0,89
BRDA:37,9,0,0
BRF:10
BRH:9
end_of_record
TN:
SF:src\routes.ts
FN:3,appBase
FN:8,routeHref
FN:13,stripBase
FN:22,normalizePath
FNF:4
FNH:4
FNDA:155,appBase
FNDA:133,routeHref
FNDA:22,stripBase
FNDA:22,normalizePath
DA:3,1
DA:4,155
DA:5,155
DA:6,155
DA:8,1
DA:9,133
DA:10,133
DA:11,133
DA:13,1
DA:14,22
DA:15,22
DA:16,22
DA:17,0
DA:18,0
DA:19,22
DA:20,22
DA:22,1
DA:23,22
DA:24,22
DA:25,11
DA:26,11
DA:27,11
DA:28,11
LF:23
LH:21
BRDA:3,0,0,155
BRDA:4,1,0,0
BRDA:5,2,0,0
BRDA:8,3,0,133
BRDA:9,4,0,23
BRDA:9,5,0,110
BRDA:13,6,0,22
BRDA:16,7,0,0
BRDA:16,8,0,0
BRDA:19,9,0,0
BRDA:22,10,0,22
BRDA:23,11,0,11
BRDA:24,12,0,19
BRDA:24,13,0,15
BRDA:24,14,0,11
BRF:15
BRH:10
end_of_record
TN:
SF:src\pages\complex-form.ts
FN:18,mount
FN:24,unsubscribe
FN:36,getModel
FN:41,onStructuralChange
FN:42,onFieldValidated
FN:45,registerPoliciesAndGroups
FN:55,refreshStatusBadges
FN:61,refresh
FN:68,remountSections
FN:136,onClick
FN:148,onClick
FN:177,onClick
FN:189,onClick
FN:198,resetProfile
FN:247,onClick
FN:261,onClick
FN:279,buildGroups
FN:304,createSection
FN:323,updateGroupBadge
FNF:19
FNH:17
FNDA:4,mount
FNDA:0,unsubscribe
FNDA:647,getModel
FNDA:0,onStructuralChange
FNDA:1,onFieldValidated
FNDA:11,registerPoliciesAndGroups
FNDA:28,refreshStatusBadges
FNDA:27,refresh
FNDA:11,remountSections
FNDA:1,onClick
FNDA:1,onClick
FNDA:1,onClick
FNDA:1,onClick
FNDA:1,resetProfile
FNDA:1,onClick
FNDA:1,onClick
FNDA:11,buildGroups
FNDA:12,createSection
FNDA:84,updateGroupBadge
DA:2,1
DA:8,1
DA:9,1
DA:11,1
DA:12,1
DA:13,1
DA:16,1
DA:18,1
DA:19,4
DA:20,4
DA:21,4
DA:22,4
DA:23,4
DA:24,4
DA:25,4
DA:27,4
DA:28,4
DA:29,4
DA:30,4
DA:31,4
DA:32,4
DA:33,4
DA:34,4
DA:36,4
DA:37,4
DA:38,4
DA:39,4
DA:40,4
DA:41,4
DA:42,4
DA:43,4
DA:45,4
DA:46,11
DA:47,11
DA:48,11
DA:49,11
DA:50,11
DA:51,33
DA:52,33
DA:53,11
DA:55,4
DA:56,28
DA:57,28
DA:58,28
DA:59,28
DA:61,4
DA:62,27
DA:63,27
DA:64,27
DA:65,27
DA:66,27
DA:68,4
DA:69,11
DA:70,11
DA:71,11
DA:72,11
DA:73,11
DA:75,11
DA:76,11
DA:77,11
DA:78,11
DA:79,11
DA:80,11
DA:81,11
DA:82,11
DA:83,11
DA:84,11
DA:85,11
DA:86,11
DA:87,11
DA:88,11
DA:89,11
DA:91,11
DA:92,11
DA:93,11
DA:94,11
DA:95,11
DA:96,11
DA:97,11
DA:99,11
DA:100,5
DA:101,5
DA:102,5
DA:103,5
DA:104,5
DA:105,5
DA:106,5
DA:107,5
DA:108,5
DA:111,11
DA:112,11
DA:113,1
DA:114,1
DA:115,11
DA:117,11
DA:118,15
DA:119,15
DA:120,15
DA:121,15
DA:122,15
DA:123,15
DA:124,15
DA:125,15
DA:126,15
DA:127,15
DA:128,60
DA:129,60
DA:130,60
DA:131,60
DA:132,15
DA:133,15
DA:134,8
DA:135,8
DA:136,8
DA:137,1
DA:138,1
DA:139,1
DA:140,1
DA:141,1
DA:142,8
DA:143,8
DA:144,15
DA:145,11
DA:146,11
DA:147,11
DA:148,11
DA:149,1
DA:150,1
DA:151,1
DA:152,1
DA:153,1
DA:154,11
DA:156,11
DA:157,14
DA:158,14
DA:159,14
DA:160,14
DA:161,14
DA:162,14
DA:163,14
DA:164,14
DA:165,14
DA:166,14
DA:167,14
DA:168,14
DA:169,14
DA:170,14
DA:171,14
DA:172,14
DA:173,14
DA:174,14
DA:175,6
DA:176,6
DA:177,6
DA:178,1
DA:179,1
DA:180,1
DA:181,1
DA:182,1
DA:183,6
DA:184,6
DA:185,14
DA:186,11
DA:187,11
DA:188,11
DA:189,11
DA:190,1
DA:191,1
DA:192,1
DA:193,1
DA:194,1
DA:195,11
DA:196,11
DA:198,4
DA:199,1
DA:200,1
DA:201,1
DA:202,1
DA:203,1
DA:204,1
DA:205,1
DA:206,1
DA:207,1
DA:209,4
DA:210,4
DA:211,1
DA:212,4
DA:213,4
DA:214,0
DA:215,4
DA:216,4
DA:217,0
DA:218,4
DA:219,4
DA:220,4
DA:221,4
DA:222,4
DA:223,4
DA:224,4
DA:226,4
DA:227,1
DA:228,1
DA:229,1
DA:230,1
DA:231,0
DA:232,1
DA:233,1
DA:234,4
DA:236,4
DA:237,4
DA:238,4
DA:240,4
DA:241,4
DA:242,4
DA:243,4
DA:244,4
DA:245,4
DA:246,4
DA:247,4
DA:248,1
DA:249,1
DA:250,1
DA:251,1
DA:252,1
DA:253,1
DA:254,1
DA:255,1
DA:256,1
DA:257,4
DA:258,4
DA:259,4
DA:260,4
DA:261,4
DA:262,1
DA:263,1
DA:264,4
DA:265,4
DA:266,4
DA:267,4
DA:268,4
DA:269,4
DA:271,4
DA:272,4
DA:273,4
DA:274,4
DA:275,4
DA:276,4
DA:277,4
DA:279,11
DA:280,11
DA:281,11
DA:282,11
DA:283,11
DA:284,11
DA:285,11
DA:286,11
DA:287,11
DA:288,11
DA:289,11
DA:290,11
DA:291,11
DA:292,15
DA:293,11
DA:294,11
DA:295,11
DA:296,11
DA:297,11
DA:298,11
DA:299,11
DA:300,11
DA:301,11
DA:302,11
DA:304,12
DA:305,12
DA:306,12
DA:307,12
DA:308,12
DA:309,12
DA:310,12
DA:311,12
DA:312,12
DA:313,12
DA:314,12
DA:315,12
DA:316,12
DA:317,12
DA:318,12
DA:319,12
DA:320,12
DA:321,12
DA:323,84
DA:324,84
DA:325,84
DA:326,84
LF:294
LH:291
BRDA:18,0,0,4
BRDA:36,1,0,647
BRDA:42,2,0,1
BRDA:45,3,0,11
BRDA:46,4,0,42
BRDA:50,5,0,33
BRDA:55,6,0,28
BRDA:61,7,0,27
BRDA:63,8,0,365
BRDA:68,9,0,11
BRDA:99,10,0,5
BRDA:112,11,0,1
BRDA:117,12,0,15
BRDA:127,13,0,60
BRDA:133,14,0,8
BRDA:136,15,0,1
BRDA:137,16,0,2
BRDA:148,17,0,1
BRDA:156,18,0,14
BRDA:174,19,0,6
BRDA:177,20,0,1
BRDA:178,21,0,2
BRDA:189,22,0,1
BRDA:198,23,0,1
BRDA:210,24,0,1
BRDA:211,25,0,1
BRDA:226,26,0,1
BRDA:228,27,0,1
BRDA:230,28,0,0
BRDA:247,29,0,1
BRDA:261,30,0,1
BRDA:262,31,0,1
BRDA:272,32,0,4
BRDA:274,33,0,24
BRDA:279,34,0,11
BRDA:291,35,0,15
BRDA:292,36,0,60
BRDA:299,37,0,14
BRDA:304,38,0,12
BRDA:323,39,0,84
BRDA:325,40,0,11
BRDA:325,41,0,9
BRDA:325,42,0,75
BRDA:325,43,0,2
BRDA:325,44,0,2
BRDA:325,45,0,73
BRF:46
BRH:45
end_of_record
TN:
SF:src\pages\home.ts
FN:9,mount
FN:10,open
FNF:2
FNH:2
FNDA:11,mount
FNDA:33,open
DA:1,1
DA:2,1
DA:3,1
DA:9,1
DA:10,11
DA:11,1
DA:12,1
DA:13,1
DA:15,11
DA:16,11
DA:17,11
DA:18,11
DA:19,11
DA:20,11
DA:21,11
DA:22,11
DA:23,11
DA:24,11
DA:25,11
DA:26,11
DA:27,11
DA:28,11
DA:29,11
DA:30,11
DA:31,11
DA:32,11
DA:33,11
DA:34,11
DA:35,11
DA:36,11
DA:37,11
DA:38,11
DA:39,11
DA:40,11
DA:41,11
DA:42,11
DA:43,11
DA:44,11
DA:45,11
DA:46,11
DA:47,11
DA:48,11
DA:49,11
DA:50,11
DA:51,11
DA:52,11
DA:53,11
DA:54,11
DA:55,11
DA:56,11
DA:57,11
DA:58,11
DA:59,11
DA:60,11
DA:61,11
DA:62,11
DA:63,11
DA:64,11
DA:65,11
DA:66,11
DA:67,11
DA:68,11
DA:69,11
DA:70,11
DA:71,11
DA:72,11
DA:73,11
DA:74,11
DA:76,11
DA:77,11
DA:78,11
LF:71
LH:71
BRDA:9,0,0,11
BRDA:10,1,0,33
BRDA:10,2,0,1
BRDA:77,3,0,11
BRF:4
BRH:4
end_of_record
TN:
SF:src\pages\performance-form.ts
FN:21,mount
FN:28,unsubscribe
FN:41,getModel
FN:42,refreshStatusBadges
FN:50,get policyNames
FN:53,onFieldValidated
FN:56,registerScenario
FN:66,describeScenario
FN:69,updateMetricsDom
FN:81,refresh
FN:92,rebuildConfigFields
FN:118,rebuildSections
FN:140,onClick
FN:154,applyScenario
FN:167,generate
FN:178,validateAll
FN:190,populate
FN:235,onClick
FN:243,onClick
FN:244,onClick
FN:245,onClick
FN:248,onClick
FN:276,metric
FN:283,updateGroupBadge
FN:288,bindPerformanceField
FN:317,parse
FNF:26
FNH:23
FNDA:4,mount
FNDA:0,unsubscribe
FNDA:3532,getModel
FNDA:42,refreshStatusBadges
FNDA:2929,get policyNames
FNDA:0,onFieldValidated
FNDA:7,registerScenario
FNDA:46,describeScenario
FNDA:42,updateMetricsDom
FNDA:42,refresh
FNDA:7,rebuildConfigFields
FNDA:7,rebuildSections
FNDA:1,onClick
FNDA:3,applyScenario
FNDA:2,generate
FNDA:2,validateAll
FNDA:2,populate
FNDA:2,onClick
FNDA:2,onClick
FNDA:1,onClick
FNDA:1,onClick
FNDA:1,onClick
FNDA:168,metric
FNDA:136,updateGroupBadge
FNDA:408,bindPerformanceField
FNDA:0,parse
DA:2,1
DA:3,1
DA:15,1
DA:16,1
DA:17,1
DA:18,1
DA:21,1
DA:22,4
DA:23,4
DA:24,4
DA:25,4
DA:26,4
DA:27,4
DA:28,4
DA:29,4
DA:30,4
DA:32,4
DA:33,4
DA:34,4
DA:35,4
DA:36,4
DA:37,4
DA:38,4
DA:39,4
DA:41,4
DA:42,4
DA:43,42
DA:44,136
DA:45,136
DA:46,42
DA:47,4
DA:48,4
DA:49,4
DA:50,4
DA:51,2929
DA:52,2929
DA:53,4
DA:54,4
DA:56,4
DA:57,7
DA:58,7
DA:59,30
DA:60,30
DA:61,7
DA:62,37
DA:63,37
DA:64,7
DA:66,4
DA:67,46
DA:69,4
DA:70,42
DA:71,42
DA:72,42
DA:73,42
DA:74,42
DA:75,42
DA:76,42
DA:77,42
DA:78,42
DA:79,42
DA:81,4
DA:82,42
DA:83,42
DA:84,42
DA:85,42
DA:86,42
DA:87,42
DA:88,42
DA:89,42
DA:90,42
DA:92,4
DA:93,7
DA:94,7
DA:95,7
DA:96,7
DA:97,7
DA:98,7
DA:99,7
DA:100,7
DA:101,7
DA:102,7
DA:103,7
DA:104,7
DA:105,7
DA:106,7
DA:107,7
DA:108,7
DA:109,7
DA:110,7
DA:111,7
DA:112,7
DA:113,7
DA:114,7
DA:115,7
DA:116,7
DA:118,4
DA:119,7
DA:120,7
DA:121,7
DA:122,7
DA:123,23
DA:124,23
DA:125,408
DA:126,408
DA:127,408
DA:128,408
DA:129,23
DA:130,23
DA:131,23
DA:132,23
DA:133,23
DA:134,23
DA:135,23
DA:136,23
DA:137,23
DA:138,23
DA:139,23
DA:140,23
DA:141,1
DA:142,1
DA:143,23
DA:144,23
DA:145,23
DA:146,23
DA:147,7
DA:148,7
DA:149,7
DA:150,7
DA:151,7
DA:152,7
DA:154,4
DA:155,3
DA:156,3
DA:157,3
DA:158,3
DA:159,3
DA:160,3
DA:161,3
DA:162,3
DA:163,3
DA:164,3
DA:165,3
DA:167,4
DA:168,2
DA:169,2
DA:170,0
DA:171,0
DA:172,0
DA:173,0
DA:174,2
DA:175,2
DA:176,2
DA:178,4
DA:179,2
DA:180,2
DA:181,2
DA:182,2
DA:183,2
DA:184,2
DA:185,2
DA:186,2
DA:187,2
DA:188,2
DA:190,4
DA:191,2
DA:192,2
DA:193,2
DA:194,2
DA:195,2
DA:196,2
DA:197,2
DA:198,2
DA:199,2
DA:200,2
DA:201,2
DA:202,2
DA:204,4
DA:205,4
DA:206,4
DA:207,4
DA:208,4
DA:209,4
DA:210,4
DA:211,1
DA:212,1
DA:213,1
DA:214,1
DA:215,1
DA:216,4
DA:218,4
DA:219,4
DA:220,4
DA:221,4
DA:222,4
DA:223,4
DA:224,4
DA:225,4
DA:226,4
DA:227,4
DA:228,4
DA:229,4
DA:230,4
DA:231,4
DA:232,4
DA:233,4
DA:234,4
DA:235,4
DA:236,4
DA:237,4
DA:238,4
DA:239,4
DA:240,4
DA:241,4
DA:242,4
DA:243,4
DA:244,4
DA:245,4
DA:246,4
DA:247,4
DA:248,4
DA:249,4
DA:250,4
DA:251,4
DA:252,4
DA:253,4
DA:254,4
DA:255,4
DA:256,4
DA:257,4
DA:258,4
DA:259,4
DA:260,4
DA:262,4
DA:263,4
DA:264,4
DA:265,4
DA:266,4
DA:268,4
DA:269,4
DA:270,4
DA:271,4
DA:272,4
DA:273,4
DA:274,4
DA:276,168
DA:277,168
DA:278,168
DA:279,168
DA:280,168
DA:281,168
DA:283,136
DA:284,136
DA:285,136
DA:286,136
DA:288,408
DA:289,408
DA:290,408
DA:291,408
DA:292,51
DA:293,408
DA:294,40
DA:295,40
DA:296,40
DA:297,40
DA:298,40
DA:299,40
DA:300,40
DA:301,408
DA:302,55
DA:303,408
DA:304,50
DA:305,50
DA:306,50
DA:307,50
DA:308,50
DA:309,50
DA:310,50
DA:311,408
DA:312,42
DA:313,42
DA:314,42
DA:315,42
DA:316,42
DA:317,42
DA:318,42
DA:319,408
DA:320,170
DA:321,408
DA:322,408
LF:289
LH:285
BRDA:21,0,0,4
BRDA:41,1,0,3532
BRDA:42,2,0,42
BRDA:43,3,0,136
BRDA:50,4,0,2929
BRDA:56,5,0,7
BRDA:57,6,0,33
BRDA:58,7,0,30
BRDA:61,8,0,37
BRDA:66,9,0,46
BRDA:69,10,0,42
BRDA:81,11,0,42
BRDA:87,12,0,2500
BRDA:92,13,0,7
BRDA:115,14,0,21
BRDA:114,15,0,249
BRDA:118,16,0,7
BRDA:122,17,0,23
BRDA:124,18,0,408
BRDA:140,19,0,1
BRDA:141,20,0,1
BRDA:149,21,0,261
BRDA:154,22,0,3
BRDA:167,23,0,2
BRDA:169,24,0,0
BRDA:178,25,0,2
BRDA:185,26,0,1
BRDA:185,27,0,1
BRDA:190,28,0,2
BRDA:198,29,0,1
BRDA:198,30,0,1
BRDA:200,31,0,166
BRDA:191,32,0,160
BRDA:191,33,0,80
BRDA:191,34,0,80
BRDA:210,35,0,1
BRDA:212,36,0,1
BRDA:213,37,0,0
BRDA:235,38,0,2
BRDA:243,39,0,2
BRDA:244,40,0,1
BRDA:245,41,0,1
BRDA:248,42,0,1
BRDA:269,43,0,4
BRDA:271,44,0,34
BRDA:276,45,0,168
BRDA:283,46,0,136
BRDA:285,47,0,28
BRDA:285,48,0,0
BRDA:285,49,0,28
BRDA:285,50,0,28
BRDA:285,51,0,108
BRDA:288,52,0,408
BRDA:291,53,0,51
BRDA:293,54,0,40
BRDA:299,55,0,0
BRDA:301,56,0,55
BRDA:303,57,0,50
BRDA:311,58,0,42
BRDA:319,59,0,170
BRDA:299,60,0,160
BRF:61
BRH:57
end_of_record
TN:
SF:src\pages\simple-form.ts
FN:12,mount
FN:18,unsubscribe
FN:24,getModel
FN:27,refresh
FN:33,rebuildFields
FN:50,onClick
FNF:6
FNH:5
FNDA:3,mount
FNDA:0,unsubscribe
FNDA:97,getModel
FNDA:14,refresh
FNDA:4,rebuildFields
FNDA:1,onClick
DA:1,1
DA:2,1
DA:3,1
DA:4,1
DA:5,1
DA:6,1
DA:9,1
DA:10,1
DA:12,1
DA:13,3
DA:14,3
DA:15,3
DA:16,3
DA:17,3
DA:18,3
DA:20,3
DA:21,3
DA:22,3
DA:24,3
DA:25,3
DA:27,3
DA:28,14
DA:29,14
DA:30,14
DA:31,14
DA:33,3
DA:34,4
DA:35,4
DA:36,4
DA:37,4
DA:38,4
DA:39,4
DA:40,4
DA:41,4
DA:42,4
DA:44,3
DA:45,3
DA:46,3
DA:47,3
DA:48,3
DA:49,3
DA:50,3
DA:51,1
DA:52,1
DA:53,1
DA:54,1
DA:55,1
DA:56,1
DA:57,1
DA:58,1
DA:59,3
DA:60,3
DA:61,3
DA:62,3
DA:64,3
DA:65,2
DA:66,2
DA:67,2
DA:68,1
DA:69,1
DA:70,1
DA:71,1
DA:72,1
DA:73,2
DA:74,2
DA:75,3
DA:77,3
DA:78,3
DA:79,3
DA:81,3
DA:82,3
DA:83,3
DA:84,3
DA:85,3
DA:86,3
DA:87,3
DA:88,3
DA:89,3
DA:90,3
DA:91,3
DA:92,3
DA:93,3
DA:94,3
DA:95,3
DA:96,3
DA:97,3
DA:98,3
DA:100,3
DA:101,3
DA:102,3
DA:103,3
DA:104,3
DA:105,3
DA:106,3
LF:94
LH:94
BRDA:12,0,0,3
BRDA:24,1,0,97
BRDA:27,2,0,14
BRDA:29,3,0,56
BRDA:33,4,0,4
BRDA:41,5,0,16
BRDA:50,6,0,1
BRDA:64,7,0,2
BRDA:66,8,0,2
BRDA:67,9,0,1
BRDA:101,10,0,3
BRF:11
BRH:11
end_of_record
TN:
SF:src\performance\performance-generator.ts
FN:90,SeededRandom
FN:94,next
FN:99,pick
FN:104,createPerformanceScenario
FN:210,createPerformanceModel
FN:225,sampleValueFor
FN:245,emptyValueFor
FN:249,parseIntegerInput
FN:253,normalizeConfig
FN:262,addValidations
FN:276,createSectionPolicy
FN:278,addValidations
FN:305,formatControlLabel
FNF:13
FNH:13
FNDA:8,SeededRandom
FNDA:416,next
FNDA:416,pick
FNDA:8,createPerformanceScenario
FNDA:4,createPerformanceModel
FNDA:88,sampleValueFor
FNDA:424,emptyValueFor
FNDA:6,parseIntegerInput
FNDA:11,normalizeConfig
FNDA:7,addValidations
FNDA:24,createSectionPolicy
FNDA:47,addValidations
FNDA:416,formatControlLabel
DA:1,1
DA:64,1
DA:65,1
DA:66,1
DA:67,1
DA:68,1
DA:70,1
DA:71,1
DA:72,1
DA:74,1
DA:75,1
DA:76,1
DA:77,1
DA:78,1
DA:79,1
DA:80,1
DA:81,1
DA:82,1
DA:83,1
DA:84,1
DA:85,1
DA:87,1
DA:90,1
DA:91,8
DA:92,8
DA:94,1
DA:95,416
DA:96,416
DA:97,416
DA:99,1
DA:100,416
DA:101,416
DA:102,1
DA:104,1
DA:105,8
DA:106,8
DA:107,8
DA:108,8
DA:109,8
DA:110,8
DA:111,8
DA:112,8
DA:114,8
DA:115,24
DA:116,24
DA:117,24
DA:118,24
DA:119,24
DA:121,24
DA:123,24
DA:124,416
DA:125,416
DA:126,416
DA:127,416
DA:128,416
DA:129,416
DA:130,416
DA:131,416
DA:132,416
DA:133,416
DA:135,416
DA:136,416
DA:137,52
DA:138,52
DA:139,52
DA:140,52
DA:141,52
DA:142,52
DA:143,416
DA:145,416
DA:146,416
DA:147,416
DA:149,24
DA:150,24
DA:151,21
DA:152,24
DA:153,3
DA:154,3
DA:155,3
DA:157,24
DA:158,24
DA:159,24
DA:161,24
DA:162,24
DA:163,24
DA:164,24
DA:165,24
DA:166,24
DA:167,24
DA:168,24
DA:169,24
DA:170,24
DA:171,24
DA:172,24
DA:173,24
DA:174,24
DA:176,24
DA:177,24
DA:178,24
DA:179,24
DA:180,24
DA:181,24
DA:182,24
DA:183,24
DA:184,24
DA:185,24
DA:186,24
DA:187,24
DA:188,24
DA:189,24
DA:190,24
DA:191,24
DA:193,24
DA:194,24
DA:195,24
DA:196,24
DA:197,24
DA:198,24
DA:199,24
DA:200,24
DA:201,24
DA:202,24
DA:203,24
DA:204,24
DA:205,24
DA:206,24
DA:207,24
DA:208,24
DA:210,1
DA:211,4
DA:212,4
DA:213,4
DA:214,4
DA:215,4
DA:216,4
DA:217,4
DA:218,10
DA:219,10
DA:220,4
DA:221,4
DA:222,4
DA:223,4
DA:225,1
DA:226,88
DA:227,88
DA:228,88
DA:229,25
DA:230,88
DA:231,13
DA:232,88
DA:233,9
DA:234,88
DA:235,10
DA:236,88
DA:237,11
DA:238,88
DA:239,8
DA:240,88
DA:241,12
DA:242,88
DA:243,88
DA:245,1
DA:246,424
DA:247,424
DA:249,1
DA:250,6
DA:251,6
DA:253,1
DA:254,11
DA:255,11
DA:256,11
DA:257,11
DA:258,11
DA:259,11
DA:261,1
DA:262,1
DA:263,7
DA:264,7
DA:265,7
DA:266,7
DA:267,7
DA:268,7
DA:269,7
DA:270,7
DA:271,7
DA:272,7
DA:273,7
DA:274,1
DA:276,24
DA:277,24
DA:278,24
DA:279,47
DA:280,824
DA:281,45
DA:282,779
DA:284,824
DA:285,824
DA:286,824
DA:287,229
DA:288,824
DA:289,123
DA:290,824
DA:291,85
DA:292,824
DA:293,102
DA:294,824
DA:295,103
DA:296,824
DA:297,824
DA:298,182
DA:299,824
DA:300,47
DA:301,47
DA:302,24
DA:303,24
DA:305,416
DA:306,416
DA:307,416
DA:308,60
DA:309,416
DA:310,62
DA:311,416
DA:312,43
DA:313,416
DA:314,51
DA:315,416
DA:316,52
DA:317,416
DA:318,40
DA:319,416
DA:320,56
DA:321,416
DA:322,52
DA:323,416
DA:324,416
LF:235
LH:235
BRDA:90,0,0,8
BRDA:94,1,0,416
BRDA:99,2,0,416
BRDA:100,3,0,0
BRDA:104,4,0,8
BRDA:114,5,0,24
BRDA:123,6,0,416
BRDA:135,7,0,40
BRDA:136,8,0,52
BRDA:143,9,0,60
BRDA:143,10,0,24
BRDA:150,11,0,21
BRDA:150,12,0,21
BRDA:152,13,0,3
BRDA:154,14,0,2
BRDA:149,15,0,159
BRDA:172,16,0,416
BRDA:176,17,0,24
BRDA:187,18,0,24
BRDA:188,19,0,24
BRDA:189,20,0,24
BRDA:189,21,0,416
BRDA:210,22,0,4
BRDA:217,23,0,10
BRDA:219,24,0,176
BRDA:225,25,0,88
BRDA:227,26,0,13
BRDA:228,27,0,25
BRDA:230,28,0,13
BRDA:232,29,0,9
BRDA:234,30,0,10
BRDA:236,31,0,11
BRDA:238,32,0,8
BRDA:239,33,0,0
BRDA:240,34,0,12
BRDA:241,35,0,0
BRDA:245,36,0,424
BRDA:246,37,0,53
BRDA:246,38,0,371
BRDA:249,39,0,6
BRDA:250,40,0,1
BRDA:250,41,0,5
BRDA:253,42,0,11
BRDA:262,43,0,7
BRDA:276,44,0,24
BRDA:278,45,0,47
BRDA:279,46,0,824
BRDA:280,47,0,45
BRDA:281,48,0,779
BRDA:285,49,0,118
BRDA:286,50,0,229
BRDA:288,51,0,123
BRDA:290,52,0,85
BRDA:292,53,0,102
BRDA:294,54,0,103
BRDA:296,55,0,80
BRDA:297,56,0,182
BRDA:305,57,0,416
BRDA:307,58,0,60
BRDA:309,59,0,62
BRDA:311,60,0,43
BRDA:313,61,0,51
BRDA:315,62,0,52
BRDA:317,63,0,40
BRDA:319,64,0,56
BRDA:321,65,0,52
BRF:66
BRH:63
end_of_record
TN:
SF:src\policies\complex-policies.ts
FN:4,addValidations
FN:16,createAddressPolicy
FN:18,addValidations
FN:29,createContactPolicy
FN:31,addValidations
FNF:5
FNH:5
FNDA:11,addValidations
FNDA:11,createAddressPolicy
FNDA:11,addValidations
FNDA:11,createContactPolicy
FNDA:11,addValidations
DA:3,1
DA:4,1
DA:5,11
DA:6,11
DA:7,11
DA:8,11
DA:9,11
DA:10,11
DA:11,11
DA:12,11
DA:13,11
DA:14,1
DA:16,1
DA:17,11
DA:18,11
DA:19,11
DA:20,15
DA:21,15
DA:22,15
DA:23,15
DA:24,11
DA:25,11
DA:26,11
DA:27,11
DA:29,1
DA:30,11
DA:31,11
DA:32,11
DA:33,14
DA:34,14
DA:35,14
DA:36,14
DA:37,14
DA:38,14
DA:39,14
DA:40,11
DA:41,11
DA:42,11
DA:43,11
LF:39
LH:39
BRDA:4,0,0,11
BRDA:9,1,0,23
BRDA:16,2,0,11
BRDA:18,3,0,11
BRDA:19,4,0,15
BRDA:29,5,0,11
BRDA:31,6,0,11
BRDA:32,7,0,14
BRF:8
BRH:8
end_of_record
TN:
SF:src\ui\field.ts
FN:36,messageHost
FN:40,renderMessages
FN:47,visibleErrors
FN:52,normalizeInputValue
FN:57,setLabelContent
FN:65,bindField
FN:75,applyValue
FN:82,onBlur
FN:104,onChange
FN:113,syncValue
FN:116,refresh
FN:139,onChange
FN:151,syncValue
FN:155,refresh
FN:173,onChange
FN:188,syncValue
FN:191,refresh
FN:208,onInput
FN:218,syncValue
FN:221,refresh
FN:238,onInput
FN:248,syncValue
FN:251,refresh
FN:269,groupStatusLabel
FNF:24
FNH:24
FNDA:586,messageHost
FNDA:3508,renderMessages
FNDA:3508,visibleErrors
FNDA:600,normalizeInputValue
FNDA:3508,setLabelContent
FNDA:586,bindField
FNDA:15,applyValue
FNDA:3,onBlur
FNDA:3,onChange
FNDA:21,syncValue
FNDA:387,refresh
FNDA:1,onChange
FNDA:21,syncValue
FNDA:341,refresh
FNDA:2,onChange
FNDA:17,syncValue
FNDA:365,refresh
FNDA:1,onInput
FNDA:23,syncValue
FNDA:375,refresh
FNDA:8,onInput
FNDA:88,syncValue
FNDA:2040,refresh
FNDA:223,groupStatusLabel
DA:1,1
DA:4,1
DA:6,1
DA:36,586
DA:37,586
DA:38,586
DA:40,3508
DA:41,3508
DA:42,3508
DA:43,674
DA:44,674
DA:45,3508
DA:47,3508
DA:48,3508
DA:49,1227
DA:50,1227
DA:52,600
DA:53,600
DA:54,60
DA:55,60
DA:57,3508
DA:58,3508
DA:59,3508
DA:60,3508
DA:61,3162
DA:62,3162
DA:63,3508
DA:65,1
DA:66,586
DA:67,350
DA:68,586
DA:69,586
DA:70,586
DA:71,586
DA:72,586
DA:73,586
DA:75,586
DA:76,15
DA:77,15
DA:78,15
DA:79,15
DA:80,15
DA:82,586
DA:83,3
DA:84,3
DA:85,3
DA:86,3
DA:87,3
DA:88,3
DA:90,0
DA:91,3
DA:92,3
DA:94,586
DA:95,586
DA:96,586
DA:98,586
DA:99,63
DA:100,63
DA:101,63
DA:102,63
DA:103,63
DA:104,63
DA:105,63
DA:106,63
DA:107,63
DA:108,63
DA:109,63
DA:110,63
DA:111,63
DA:112,63
DA:113,63
DA:114,21
DA:115,21
DA:116,63
DA:117,387
DA:118,387
DA:119,387
DA:120,387
DA:121,387
DA:122,387
DA:123,387
DA:124,387
DA:125,301
DA:126,387
DA:127,387
DA:128,586
DA:129,51
DA:130,51
DA:131,51
DA:132,152
DA:133,152
DA:134,152
DA:135,152
DA:136,152
DA:137,152
DA:138,152
DA:139,152
DA:140,152
DA:141,152
DA:142,152
DA:143,152
DA:144,152
DA:145,51
DA:146,51
DA:147,51
DA:148,51
DA:149,51
DA:150,51
DA:151,51
DA:152,21
DA:153,21
DA:154,21
DA:155,51
DA:156,341
DA:157,341
DA:158,341
DA:159,341
DA:160,341
DA:161,341
DA:162,341
DA:163,1022
DA:164,1022
DA:165,782
DA:166,1022
DA:167,341
DA:168,341
DA:169,523
DA:170,66
DA:171,66
DA:172,66
DA:173,66
DA:174,66
DA:175,66
DA:176,66
DA:177,66
DA:178,211
DA:179,66
DA:180,66
DA:181,66
DA:182,66
DA:183,66
DA:184,66
DA:185,66
DA:186,66
DA:187,66
DA:188,66
DA:189,17
DA:190,17
DA:191,66
DA:192,365
DA:193,365
DA:194,365
DA:195,365
DA:196,365
DA:197,365
DA:198,365
DA:199,365
DA:200,297
DA:201,365
DA:202,365
DA:203,472
DA:204,56
DA:205,56
DA:206,56
DA:207,56
DA:208,56
DA:209,56
DA:210,56
DA:211,56
DA:212,56
DA:213,56
DA:214,56
DA:215,56
DA:216,56
DA:217,56
DA:218,56
DA:219,23
DA:220,23
DA:221,56
DA:222,375
DA:223,375
DA:224,375
DA:225,375
DA:226,375
DA:227,375
DA:228,375
DA:229,375
DA:230,319
DA:231,375
DA:232,375
DA:233,406
DA:234,350
DA:235,350
DA:236,350
DA:237,350
DA:238,350
DA:239,350
DA:240,350
DA:241,350
DA:242,350
DA:243,350
DA:244,350
DA:245,350
DA:246,350
DA:247,350
DA:248,350
DA:249,88
DA:250,88
DA:251,350
DA:252,2040
DA:253,2040
DA:254,2040
DA:255,2040
DA:256,2040
DA:257,2040
DA:258,2040
DA:259,2040
DA:260,1656
DA:261,2040
DA:262,2040
DA:263,350
DA:265,586
DA:266,586
DA:267,586
DA:269,1
DA:270,223
DA:271,223
DA:272,223
LF:228
LH:227
BRDA:36,0,0,586
BRDA:40,1,0,3508
BRDA:42,2,0,674
BRDA:47,3,0,3508
BRDA:48,4,0,2281
BRDA:48,5,0,1227
BRDA:52,6,0,600
BRDA:53,7,0,565
BRDA:53,8,0,540
BRDA:53,9,0,60
BRDA:57,10,0,3508
BRDA:60,11,0,3162
BRDA:65,12,0,586
BRDA:66,13,0,350
BRDA:67,14,0,0
BRDA:67,15,0,0
BRDA:67,16,0,0
BRDA:68,17,0,178
BRDA:98,18,0,63
BRDA:128,19,0,523
BRDA:128,20,0,51
BRDA:131,21,0,0
BRDA:131,22,0,152
BRDA:169,23,0,472
BRDA:169,24,0,66
BRDA:177,25,0,0
BRDA:203,26,0,406
BRDA:203,27,0,56
BRDA:233,28,0,350
BRDA:237,29,0,104
BRDA:75,30,0,15
BRDA:76,31,0,4
BRDA:76,32,0,11
BRDA:79,33,0,1
BRDA:82,34,0,3
BRDA:83,35,0,3
BRDA:87,36,0,2
BRDA:88,37,0,0
BRDA:104,38,0,3
BRDA:113,39,0,21
BRDA:116,40,0,387
BRDA:124,41,0,86
BRDA:124,42,0,301
BRDA:139,43,0,1
BRDA:151,44,0,21
BRDA:153,45,0,62
BRDA:155,46,0,341
BRDA:162,47,0,1022
BRDA:164,48,0,240
BRDA:164,49,0,782
BRDA:173,50,0,2
BRDA:177,51,0,211
BRDA:188,52,0,17
BRDA:191,53,0,365
BRDA:199,54,0,364
BRDA:199,55,0,68
BRDA:199,56,0,297
BRDA:208,57,0,1
BRDA:218,58,0,23
BRDA:221,59,0,375
BRDA:229,60,0,56
BRDA:229,61,0,319
BRDA:238,62,0,8
BRDA:248,63,0,88
BRDA:251,64,0,2040
BRDA:259,65,0,384
BRDA:259,66,0,1656
BRDA:269,67,0,223
BRDA:270,68,0,41
BRDA:270,69,0,182
BRDA:270,70,0,213
BRDA:270,71,0,41
BRDA:271,72,0,10
BRDA:271,73,0,31
BRF:74
BRH:68
end_of_record
TN:
SF:src\ui\render.ts
FN:1,el
FN:43,clear
FN:47,setHtml
FN:51,setText
FN:60,bindNav
FN:73,onClick
FN:82,pageShell
FNF:7
FNH:7
FNDA:9225,el
FNDA:7148,clear
FNDA:1,setHtml
FNDA:1,setText
FNDA:1,bindNav
FNDA:1,onClick
FNDA:7,pageShell
DA:1,1
DA:2,9225
DA:3,9225
DA:4,9225
DA:5,9225
DA:6,9225
DA:7,9225
DA:8,16660
DA:9,16660
DA:10,5197
DA:11,5197
DA:12,5197
DA:13,16660
DA:14,687
DA:15,687
DA:16,687
DA:17,16660
DA:18,1577
DA:19,1577
DA:20,1577
DA:21,16660
DA:22,1766
DA:23,1766
DA:24,1766
DA:25,1766
DA:26,16660
DA:27,20
DA:28,20
DA:29,20
DA:30,16660
DA:31,11
DA:32,11
DA:33,11
DA:34,6930
DA:35,6930
DA:36,9225
DA:37,8749
DA:38,8749
DA:39,8749
DA:40,9225
DA:41,9225
DA:43,1
DA:44,7148
DA:45,7148
DA:47,1
DA:48,1
DA:49,1
DA:51,1
DA:52,1
DA:53,1
DA:60,1
DA:61,1
DA:62,1
DA:63,1
DA:64,1
DA:65,1
DA:66,1
DA:67,1
DA:68,1
DA:69,1
DA:70,1
DA:71,1
DA:72,1
DA:73,1
DA:74,1
DA:75,1
DA:76,1
DA:77,1
DA:78,1
DA:79,1
DA:80,1
DA:82,1
DA:83,7
DA:84,7
DA:85,7
DA:86,7
DA:87,7
DA:88,7
DA:89,7
DA:90,7
DA:91,7
DA:92,7
LF:82
LH:82
BRDA:1,0,0,9225
BRDA:7,1,0,16660
BRDA:8,2,0,16594
BRDA:8,3,0,472
BRDA:8,4,0,16188
BRDA:9,5,0,5197
BRDA:12,6,0,10991
BRDA:13,7,0,687
BRDA:16,8,0,10304
BRDA:17,9,0,1577
BRDA:20,10,0,8727
BRDA:21,11,0,1766
BRDA:21,12,0,1766
BRDA:25,13,0,15282
BRDA:25,14,0,6961
BRDA:26,15,0,6956
BRDA:26,16,0,6956
BRDA:26,17,0,20
BRDA:29,18,0,6941
BRDA:30,19,0,11
BRDA:33,20,0,6930
BRDA:36,21,0,8749
BRDA:37,22,0,0
BRDA:38,23,0,4573
BRDA:38,24,0,4176
BRDA:43,25,0,7148
BRDA:44,26,0,6973
BRDA:47,27,0,1
BRDA:51,28,0,1
BRDA:60,29,0,1
BRDA:70,30,0,0
BRDA:72,31,0,0
BRDA:73,32,0,1
BRDA:82,33,0,7
BRF:34
BRH:31
end_of_record
TN:
SF:src\ui\summary.ts
FN:5,focusField
FN:11,renderSummary
FN:35,onClick
FNF:3
FNH:3
FNDA:2,focusField
FNDA:86,renderSummary
FNDA:2,onClick
DA:2,1
DA:3,1
DA:5,2
DA:6,2
DA:7,2
DA:8,2
DA:9,2
DA:11,1
DA:12,86
DA:13,86
DA:14,86
DA:15,86
DA:16,86
DA:17,86
DA:19,81
DA:20,86
DA:21,86
DA:23,86
DA:24,86
DA:25,86
DA:26,86
DA:27,86
DA:28,86
DA:29,86
DA:30,161
DA:31,161
DA:32,160
DA:33,160
DA:34,160
DA:35,160
DA:36,2
DA:37,2
DA:38,2
DA:39,160
DA:40,1
DA:41,161
DA:42,86
DA:43,86
DA:44,86
DA:45,86
LF:40
LH:40
BRDA:5,0,0,2
BRDA:8,1,0,0
BRDA:11,2,0,86
BRDA:17,3,0,53
BRDA:17,4,0,81
BRDA:17,5,0,33
BRDA:19,6,0,14
BRDA:20,7,0,14
BRDA:21,8,0,32
BRDA:29,9,0,161
BRDA:31,10,0,160
BRDA:39,11,0,1
BRDA:35,12,0,2
BRF:13
BRH:12
end_of_record
TN:
SF:src\validation\engine.ts
FN:36,ValidationEngine
FN:44,registerPolicy
FN:67,replacePolicy
FN:77,unregisterPolicy
FN:81,hasPolicy
FN:85,registerGroup
FN:98,unregisterGroup
FN:102,subscribe
FN:112,getRevision
FN:116,getSnapshot
FN:126,getErrors
FN:131,isPathRequired
FN:139,refreshGroupStatuses
FN:143,validate
FN:159,validateField
FN:171,validateGroup
FN:178,touch
FN:183,clear
FN:202,notify
FN:206,resolveValidators
FN:220,validateValidators
FN:260,runRule
FN:275,dependencySatisfied
FN:290,updateGroupStatus
FN:300,refreshEvaluatedGroupsForPath
FN:311,emit
FN:317,normalizeName
FN:323,deduplicateResults
FN:333,parseLiteral
FN:343,resolveRuleResult
FN:349,finish
FN:356,next
FN:357,error
FN:358,complete
FNF:34
FNH:32
FNDA:21,ValidationEngine
FNDA:79,registerPolicy
FNDA:2,replacePolicy
FNDA:1,unregisterPolicy
FNDA:5,hasPolicy
FNDA:73,registerGroup
FNDA:1,unregisterGroup
FNDA:18,subscribe
FNDA:116,getRevision
FNDA:30,getSnapshot
FNDA:1356,getErrors
FNDA:3511,isPathRequired
FNDA:10,refreshGroupStatuses
FNDA:21,validate
FNDA:9,validateField
FNDA:6,validateGroup
FNDA:4,touch
FNDA:11,clear
FNDA:17,notify
FNDA:3541,resolveValidators
FNDA:29,validateValidators
FNDA:239,runRule
FNDA:3524,dependencySatisfied
FNDA:26,updateGroupStatus
FNDA:9,refreshEvaluatedGroupsForPath
FNDA:85,emit
FNDA:16192,normalizeName
FNDA:27,deduplicateResults
FNDA:75,parseLiteral
FNDA:194,resolveRuleResult
FNDA:1,finish
FNDA:1,next
FNDA:0,error
FNDA:0,complete
DA:1,1
DA:14,1
DA:36,1
DA:37,21
DA:38,21
DA:39,21
DA:40,21
DA:41,21
DA:42,21
DA:44,1
DA:45,79
DA:46,79
DA:47,79
DA:48,79
DA:49,2
DA:50,79
DA:51,76
DA:52,76
DA:53,76
DA:54,76
DA:55,76
DA:56,76
DA:57,78
DA:58,78
DA:59,70
DA:60,69
DA:61,69
DA:62,70
DA:63,70
DA:64,70
DA:65,79
DA:67,1
DA:68,2
DA:69,2
DA:70,2
DA:71,2
DA:72,2
DA:73,2
DA:74,2
DA:75,2
DA:77,1
DA:78,1
DA:79,1
DA:81,1
DA:82,5
DA:83,5
DA:85,1
DA:86,73
DA:87,73
DA:88,73
DA:89,73
DA:90,73
DA:91,73
DA:92,73
DA:93,73
DA:94,71
DA:95,71
DA:96,73
DA:98,1
DA:99,1
DA:100,1
DA:102,1
DA:103,18
DA:104,18
DA:105,18
DA:106,18
DA:107,18
DA:108,18
DA:109,18
DA:110,18
DA:112,1
DA:113,116
DA:114,116
DA:116,1
DA:117,30
DA:118,30
DA:119,30
DA:120,30
DA:121,30
DA:122,30
DA:123,30
DA:124,30
DA:126,1
DA:127,1356
DA:128,1356
DA:129,1356
DA:131,1
DA:132,3511
DA:133,125165
DA:134,3337
DA:135,3182
DA:136,3511
DA:137,3511
DA:139,1
DA:140,10
DA:141,10
DA:143,1
DA:144,21
DA:145,21
DA:146,21
DA:147,21
DA:148,21
DA:149,21
DA:150,21
DA:151,21
DA:152,21
DA:153,20
DA:154,21
DA:155,14
DA:156,20
DA:157,21
DA:159,1
DA:160,9
DA:161,9
DA:162,9
DA:163,9
DA:164,9
DA:165,9
DA:166,9
DA:167,9
DA:168,9
DA:169,9
DA:171,1
DA:172,6
DA:173,1
DA:174,1
DA:175,5
DA:176,6
DA:178,1
DA:179,4
DA:180,4
DA:181,4
DA:183,1
DA:184,11
DA:185,10
DA:186,10
DA:187,10
DA:188,10
DA:189,10
DA:190,10
DA:191,10
DA:193,1
DA:194,11
DA:195,11
DA:196,11
DA:197,2
DA:198,1
DA:199,1
DA:200,11
DA:202,1
DA:203,17
DA:204,17
DA:206,1
DA:207,3541
DA:208,3535
DA:209,16019
DA:210,16019
DA:211,446
DA:212,445
DA:213,445
DA:214,15573
DA:215,3535
DA:216,6
DA:217,3541
DA:218,3541
DA:220,1
DA:221,29
DA:222,20
DA:223,29
DA:224,29
DA:225,29
DA:226,29
DA:227,183
DA:228,183
DA:229,183
DA:230,29
DA:232,29
DA:233,187
DA:234,187
DA:235,170
DA:236,29
DA:237,29
DA:238,29
DA:240,27
DA:241,29
DA:242,29
DA:243,29
DA:244,29
DA:245,29
DA:246,29
DA:248,29
DA:249,29
DA:250,181
DA:251,181
DA:252,164
DA:253,17
DA:254,29
DA:255,29
DA:256,29
DA:257,27
DA:258,29
DA:260,1
DA:261,239
DA:262,239
DA:263,239
DA:264,239
DA:265,239
DA:266,239
DA:267,194
DA:268,194
DA:269,194
DA:270,194
DA:271,239
DA:272,239
DA:273,239
DA:275,1
DA:276,3524
DA:277,3524
DA:278,3524
DA:279,233
DA:280,3524
DA:281,231
DA:282,3524
DA:283,75
DA:284,75
DA:285,75
DA:286,75
DA:287,156
DA:288,3524
DA:290,1
DA:291,26
DA:292,0
DA:293,0
DA:294,0
DA:295,26
DA:296,26
DA:297,26
DA:298,26
DA:300,1
DA:301,9
DA:302,5
DA:303,0
DA:304,0
DA:305,5
DA:306,3
DA:307,5
DA:308,5
DA:309,9
DA:311,1
DA:312,85
DA:313,85
DA:314,85
DA:315,1
DA:317,16192
DA:318,16192
DA:319,16192
DA:320,16190
DA:321,16190
DA:323,27
DA:324,27
DA:325,27
DA:326,133
DA:327,133
DA:328,133
DA:329,133
DA:330,27
DA:331,27
DA:333,75
DA:334,75
DA:335,75
DA:336,8
DA:337,8
DA:338,8
DA:339,2
DA:340,75
DA:341,75
DA:343,194
DA:344,194
DA:345,194
DA:346,1
DA:347,1
DA:348,1
DA:349,1
DA:350,1
DA:351,1
DA:352,1
DA:353,1
DA:354,1
DA:355,1
DA:356,1
DA:357,1
DA:358,1
DA:359,1
DA:360,1
DA:361,1
DA:362,191
DA:363,191
LF:297
LH:292
BRDA:36,0,0,21
BRDA:44,1,0,79
BRDA:48,2,0,2
BRDA:50,3,0,76
BRDA:56,4,0,78
BRDA:58,5,0,70
BRDA:59,6,0,1
BRDA:59,7,0,69
BRDA:63,8,0,69
BRDA:63,9,0,68
BRDA:67,10,0,2
BRDA:73,11,0,1
BRDA:73,12,0,1
BRDA:77,13,0,1
BRDA:81,14,0,5
BRDA:85,15,0,73
BRDA:91,16,0,72
BRDA:91,17,0,0
BRDA:93,18,0,71
BRDA:98,19,0,1
BRDA:102,20,0,18
BRDA:109,21,0,18
BRDA:112,22,0,116
BRDA:113,23,0,19
BRDA:116,24,0,30
BRDA:117,25,0,11
BRDA:121,26,0,5
BRDA:126,27,0,1356
BRDA:127,28,0,504
BRDA:128,29,0,1229
BRDA:128,30,0,127
BRDA:128,31,0,50918
BRDA:131,32,0,3511
BRDA:132,33,0,125165
BRDA:133,34,0,3337
BRDA:134,35,0,3182
BRDA:135,36,0,3182
BRDA:139,37,0,10
BRDA:140,38,0,18
BRDA:143,39,0,21
BRDA:148,40,0,6
BRDA:148,41,0,15
BRDA:149,42,0,6
BRDA:149,43,0,15
BRDA:152,44,0,14
BRDA:152,45,0,20
BRDA:154,46,0,6
BRDA:154,47,0,14
BRDA:155,48,0,9
BRDA:155,49,0,20
BRDA:151,50,0,179
BRDA:151,51,0,32
BRDA:151,52,0,32
BRDA:151,53,0,0
BRDA:159,54,0,9
BRDA:165,55,0,37
BRDA:171,56,0,6
BRDA:172,57,0,5
BRDA:172,58,0,1
BRDA:178,59,0,4
BRDA:183,60,0,11
BRDA:184,61,0,1
BRDA:184,62,0,10
BRDA:188,63,0,36
BRDA:191,64,0,1
BRDA:194,65,0,0
BRDA:195,66,0,0
BRDA:196,67,0,2
BRDA:196,68,0,0
BRDA:196,69,0,1
BRDA:197,70,0,0
BRDA:197,71,0,1
BRDA:194,72,0,1
BRDA:195,73,0,1
BRDA:198,74,0,1
BRDA:202,75,0,17
BRDA:206,76,0,3541
BRDA:207,77,0,3535
BRDA:207,78,0,3535
BRDA:215,79,0,6
BRDA:208,80,0,16019
BRDA:210,81,0,446
BRDA:211,82,0,1
BRDA:211,83,0,445
BRDA:213,84,0,15573
BRDA:217,85,0,15579
BRDA:220,86,0,29
BRDA:221,87,0,20
BRDA:224,88,0,19
BRDA:238,89,0,2
BRDA:238,90,0,27
BRDA:241,91,0,21
BRDA:246,92,0,19
BRDA:246,93,0,8
BRDA:246,94,0,27
BRDA:248,95,0,22
BRDA:256,96,0,24
BRDA:256,97,0,3
BRDA:256,98,0,27
BRDA:222,99,0,177
BRDA:223,100,0,177
BRDA:226,101,0,183
BRDA:227,102,0,147
BRDA:232,103,0,187
BRDA:234,104,0,17
BRDA:234,105,0,170
BRDA:235,106,0,239
BRDA:237,107,0,183
BRDA:241,108,0,13
BRDA:243,109,0,236
BRDA:243,110,0,132
BRDA:244,111,0,132
BRDA:248,112,0,13
BRDA:249,113,0,181
BRDA:251,114,0,164
BRDA:252,115,0,17
BRDA:250,116,0,10371
BRDA:250,117,0,236
BRDA:252,118,0,164
BRDA:260,119,0,239
BRDA:266,120,0,74
BRDA:266,121,0,45
BRDA:266,122,0,194
BRDA:271,123,0,133
BRDA:271,124,0,61
BRDA:275,125,0,3524
BRDA:276,126,0,3265
BRDA:276,127,0,259
BRDA:277,128,0,25
BRDA:277,129,0,234
BRDA:278,130,0,1
BRDA:278,131,0,233
BRDA:280,132,0,2
BRDA:280,133,0,231
BRDA:282,134,0,75
BRDA:283,135,0,0
BRDA:284,136,0,0
BRDA:285,137,0,2
BRDA:285,138,0,73
BRDA:286,139,0,156
BRDA:290,140,0,26
BRDA:291,141,0,0
BRDA:295,142,0,8
BRDA:295,143,0,505
BRDA:300,144,0,9
BRDA:301,145,0,5
BRDA:302,146,0,0
BRDA:305,147,0,2
BRDA:305,148,0,3
BRDA:307,149,0,2
BRDA:307,150,0,2
BRDA:311,151,0,85
BRDA:313,152,0,59
BRDA:313,153,0,55
BRDA:317,154,0,16192
BRDA:319,155,0,2
BRDA:319,156,0,16190
BRDA:323,157,0,27
BRDA:325,158,0,133
BRDA:327,159,0,0
BRDA:333,160,0,75
BRDA:335,161,0,73
BRDA:335,162,0,8
BRDA:335,163,0,2
BRDA:336,164,0,0
BRDA:336,165,0,2
BRDA:337,166,0,0
BRDA:337,167,0,2
BRDA:338,168,0,0
BRDA:338,169,0,2
BRDA:340,170,0,0
BRDA:343,171,0,194
BRDA:344,172,0,2
BRDA:344,173,0,192
BRDA:345,174,0,1
BRDA:361,175,0,191
BRDA:346,176,0,1
BRDA:349,177,0,1
BRDA:350,178,0,0
BRDA:352,179,0,0
BRDA:353,180,0,0
BRDA:356,181,0,1
BRF:182
BRH:164
end_of_record
TN:
SF:src\validation\paths.ts
FN:1,getPropertyValue
FN:8,setPropertyValue
FN:25,fieldId
FNF:3
FNH:3
FNDA:1230,getPropertyValue
FNDA:17,setPropertyValue
FNDA:182,fieldId
DA:1,1
DA:2,1230
DA:3,3592
DA:4,3437
DA:5,1230
DA:6,1230
DA:8,1
DA:9,17
DA:10,17
DA:12,16
DA:13,17
DA:14,11
DA:15,11
DA:16,11
DA:17,11
DA:18,2
DA:19,2
DA:20,11
DA:21,11
DA:22,16
DA:23,16
DA:25,1
DA:26,182
DA:27,182
LF:24
LH:24
BRDA:1,0,0,1230
BRDA:2,1,0,3592
BRDA:3,2,0,3591
BRDA:3,3,0,3542
BRDA:3,4,0,155
BRDA:3,5,0,3437
BRDA:8,6,0,17
BRDA:10,7,0,1
BRDA:10,8,0,16
BRDA:13,9,0,11
BRDA:17,10,0,9
BRDA:17,11,0,2
BRDA:18,12,0,1
BRDA:18,13,0,1
BRDA:21,14,0,16
BRDA:25,15,0,182
BRF:16
BRH:16
end_of_record
